[0.027s] Invoking command in '/home/robomealmate/robomealmate/build/serial': CMAKE_PREFIX_PATH=${CMAKE_PREFIX_PATH}:/opt/ros/foxy /usr/bin/cmake /home/robomealmate/robomealmate/src/serial -DAMENT_CMAKE_SYMLINK_INSTALL=1 -DCMAKE_INSTALL_PREFIX=/home/robomealmate/robomealmate/install/serial
[0.041s] -- Found ament_cmake: 0.9.12 (/opt/ros/foxy/share/ament_cmake/cmake)
[0.065s] -- Using PYTHON_EXECUTABLE: /usr/bin/python3
[0.237s] -- Override CMake install command with custom implementation using symlinks instead of copying resources
[0.246s] -- Found ament_cmake_gtest: 0.9.12 (/opt/ros/foxy/share/ament_cmake_gtest/cmake)
[0.250s] -- Found gtest sources under '/opt/ros/foxy/src/gtest_vendor': C++ tests using 'Google Test' will be built
[0.312s] -- Configuring done
[0.324s] -- Generating done
[0.330s] -- Build files have been written to: /home/robomealmate/robomealmate/build/serial
[0.332s] Invoked command in '/home/robomealmate/robomealmate/build/serial' returned '0': CMAKE_PREFIX_PATH=${CMAKE_PREFIX_PATH}:/opt/ros/foxy /usr/bin/cmake /home/robomealmate/robomealmate/src/serial -DAMENT_CMAKE_SYMLINK_INSTALL=1 -DCMAKE_INSTALL_PREFIX=/home/robomealmate/robomealmate/install/serial
[0.333s] Invoking command in '/home/robomealmate/robomealmate/build/serial': CMAKE_PREFIX_PATH=${CMAKE_PREFIX_PATH}:/opt/ros/foxy /usr/bin/cmake --build /home/robomealmate/robomealmate/build/serial -- -j8 -l8
[0.382s] [ 42%] Built target gtest
[0.383s] [ 50%] Built target gtest_main
[0.383s] [ 57%] Built target serial
[0.402s] [ 85%] Built target serial-test-timer
[0.402s] [ 85%] Built target serial_example
[0.402s] [100%] Built target serial-test
[0.425s] Invoked command in '/home/robomealmate/robomealmate/build/serial' returned '0': CMAKE_PREFIX_PATH=${CMAKE_PREFIX_PATH}:/opt/ros/foxy /usr/bin/cmake --build /home/robomealmate/robomealmate/build/serial -- -j8 -l8
[0.426s] Invoking command in '/home/robomealmate/robomealmate/build/serial': CMAKE_PREFIX_PATH=${CMAKE_PREFIX_PATH}:/opt/ros/foxy /usr/bin/cmake --install /home/robomealmate/robomealmate/build/serial
[0.436s] -- Install configuration: ""
[0.436s] -- Execute custom install script
[0.437s] -- Up-to-date symlink: /home/robomealmate/robomealmate/install/serial/lib/libserial.a
[0.437s] -- Up-to-date symlink: /home/robomealmate/robomealmate/install/serial/include/serial/serial.h
[0.437s] -- Up-to-date symlink: /home/robomealmate/robomealmate/install/serial/include/serial/v8stdint.h
[0.437s] -- Up-to-date symlink: /home/robomealmate/robomealmate/install/serial/share/serial/environment/library_path.sh
[0.438s] -- Up-to-date symlink: /home/robomealmate/robomealmate/install/serial/share/serial/environment/library_path.dsv
[0.438s] -- Up-to-date symlink: /home/robomealmate/robomealmate/install/serial/share/ament_index/resource_index/package_run_dependencies/serial
[0.438s] -- Up-to-date symlink: /home/robomealmate/robomealmate/install/serial/share/ament_index/resource_index/parent_prefix_path/serial
[0.438s] -- Up-to-date symlink: /home/robomealmate/robomealmate/install/serial/share/serial/environment/ament_prefix_path.sh
[0.438s] -- Up-to-date symlink: /home/robomealmate/robomealmate/install/serial/share/serial/environment/ament_prefix_path.dsv
[0.439s] -- Up-to-date symlink: /home/robomealmate/robomealmate/install/serial/share/serial/environment/path.sh
[0.439s] -- Up-to-date symlink: /home/robomealmate/robomealmate/install/serial/share/serial/environment/path.dsv
[0.439s] -- Up-to-date symlink: /home/robomealmate/robomealmate/install/serial/share/serial/local_setup.bash
[0.439s] -- Up-to-date symlink: /home/robomealmate/robomealmate/install/serial/share/serial/local_setup.sh
[0.440s] -- Up-to-date symlink: /home/robomealmate/robomealmate/install/serial/share/serial/local_setup.zsh
[0.440s] -- Up-to-date symlink: /home/robomealmate/robomealmate/install/serial/share/serial/local_setup.dsv
[0.440s] -- Symlinking: /home/robomealmate/robomealmate/install/serial/share/serial/package.dsv
[0.449s] -- Up-to-date symlink: /home/robomealmate/robomealmate/install/serial/share/ament_index/resource_index/packages/serial
[0.449s] -- Up-to-date symlink: /home/robomealmate/robomealmate/install/serial/share/serial/cmake/ament_cmake_export_include_directories-extras.cmake
[0.449s] -- Up-to-date symlink: /home/robomealmate/robomealmate/install/serial/share/serial/cmake/ament_cmake_export_libraries-extras.cmake
[0.449s] -- Up-to-date symlink: /home/robomealmate/robomealmate/install/serial/share/serial/cmake/serialConfig.cmake
[0.450s] -- Up-to-date symlink: /home/robomealmate/robomealmate/install/serial/share/serial/cmake/serialConfig-version.cmake
[0.450s] -- Up-to-date symlink: /home/robomealmate/robomealmate/install/serial/share/serial/package.xml
[0.453s] Invoked command in '/home/robomealmate/robomealmate/build/serial' returned '0': CMAKE_PREFIX_PATH=${CMAKE_PREFIX_PATH}:/opt/ros/foxy /usr/bin/cmake --install /home/robomealmate/robomealmate/build/serial
