[0.011s] Invoking command in '/home/robomealmate/robomealmate/build/diffdrive_arduino': CMAKE_PREFIX_PATH=/home/robomealmate/robomealmate/install/serial:/home/robomealmate/robomealmate/install/diffdrive_arduino:/home/robomealmate/robomealmate/install/robomealmate:/opt/ros/foxy /usr/bin/cmake /home/robomealmate/robomealmate/src/diffdrive_arduino -DAMENT_CMAKE_SYMLINK_INSTALL=1 -DCMAKE_INSTALL_PREFIX=/home/robomealmate/robomealmate/install/diffdrive_arduino
[0.025s] -- Found ament_cmake: 0.9.12 (/opt/ros/foxy/share/ament_cmake/cmake)
[0.045s] -- Using PYTHON_EXECUTABLE: /usr/bin/python3
[0.208s] -- Override CMake install command with custom implementation using symlinks instead of copying resources
[0.215s] -- Found rclcpp: 2.4.3 (/opt/ros/foxy/share/rclcpp/cmake)
[0.244s] -- Using all available rosidl_typesupport_c: rosidl_typesupport_fastrtps_c;rosidl_typesupport_introspection_c
[0.247s] -- Found rosidl_adapter: 1.3.1 (/opt/ros/foxy/share/rosidl_adapter/cmake)
[0.352s] -- Using all available rosidl_typesupport_cpp: rosidl_typesupport_fastrtps_cpp;rosidl_typesupport_introspection_cpp
[0.398s] -- Found rmw_implementation_cmake: 1.0.4 (/opt/ros/foxy/share/rmw_implementation_cmake/cmake)
[0.399s] -- Using RMW implementation 'rmw_fastrtps_cpp' as default
[0.527s] -- Found hardware_interface: 0.11.0 (/opt/ros/foxy/share/hardware_interface/cmake)
[0.924s] -- Found serial: 1.2.1 (/home/robomealmate/robomealmate/install/serial/share/serial/cmake)
[0.994s] -- Configuring done
[1.010s] -- Generating done
[1.017s] -- Build files have been written to: /home/robomealmate/robomealmate/build/diffdrive_arduino
[1.023s] Invoked command in '/home/robomealmate/robomealmate/build/diffdrive_arduino' returned '0': CMAKE_PREFIX_PATH=/home/robomealmate/robomealmate/install/serial:/home/robomealmate/robomealmate/install/diffdrive_arduino:/home/robomealmate/robomealmate/install/robomealmate:/opt/ros/foxy /usr/bin/cmake /home/robomealmate/robomealmate/src/diffdrive_arduino -DAMENT_CMAKE_SYMLINK_INSTALL=1 -DCMAKE_INSTALL_PREFIX=/home/robomealmate/robomealmate/install/diffdrive_arduino
[1.026s] Invoking command in '/home/robomealmate/robomealmate/build/diffdrive_arduino': CMAKE_PREFIX_PATH=/home/robomealmate/robomealmate/install/serial:/home/robomealmate/robomealmate/install/diffdrive_arduino:/home/robomealmate/robomealmate/install/robomealmate:/opt/ros/foxy /usr/bin/cmake --build /home/robomealmate/robomealmate/build/diffdrive_arduino -- -j8 -l8
[1.083s] [100%] Built target diffdrive_arduino
[1.094s] Invoked command in '/home/robomealmate/robomealmate/build/diffdrive_arduino' returned '0': CMAKE_PREFIX_PATH=/home/robomealmate/robomealmate/install/serial:/home/robomealmate/robomealmate/install/diffdrive_arduino:/home/robomealmate/robomealmate/install/robomealmate:/opt/ros/foxy /usr/bin/cmake --build /home/robomealmate/robomealmate/build/diffdrive_arduino -- -j8 -l8
[1.098s] Invoking command in '/home/robomealmate/robomealmate/build/diffdrive_arduino': CMAKE_PREFIX_PATH=/home/robomealmate/robomealmate/install/serial:/home/robomealmate/robomealmate/install/diffdrive_arduino:/home/robomealmate/robomealmate/install/robomealmate:/opt/ros/foxy /usr/bin/cmake --install /home/robomealmate/robomealmate/build/diffdrive_arduino
[1.105s] -- Install configuration: ""
[1.106s] -- Execute custom install script
[1.106s] -- Up-to-date symlink: /home/robomealmate/robomealmate/install/diffdrive_arduino/include//diffdrive_arduino/arduino_comms.h
[1.106s] -- Up-to-date symlink: /home/robomealmate/robomealmate/install/diffdrive_arduino/include//diffdrive_arduino/config.h
[1.107s] -- Up-to-date symlink: /home/robomealmate/robomealmate/install/diffdrive_arduino/include//diffdrive_arduino/diffdrive_arduino.h
[1.107s] -- Up-to-date symlink: /home/robomealmate/robomealmate/install/diffdrive_arduino/include//diffdrive_arduino/wheel.h
[1.107s] -- Up-to-date symlink: /home/robomealmate/robomealmate/install/diffdrive_arduino/share/diffdrive_arduino//diffdrive_arduino_plugin.xml
[1.107s] -- Up-to-date symlink: /home/robomealmate/robomealmate/install/diffdrive_arduino/share/diffdrive_arduino/diffdrive_arduino_plugin.xml
[1.107s] -- Up-to-date symlink: /home/robomealmate/robomealmate/install/diffdrive_arduino/share/diffdrive_arduino/environment/library_path.sh
[1.108s] -- Up-to-date symlink: /home/robomealmate/robomealmate/install/diffdrive_arduino/share/diffdrive_arduino/environment/library_path.dsv
[1.108s] -- Up-to-date symlink: /home/robomealmate/robomealmate/install/diffdrive_arduino/share/ament_index/resource_index/package_run_dependencies/diffdrive_arduino
[1.108s] -- Up-to-date symlink: /home/robomealmate/robomealmate/install/diffdrive_arduino/share/ament_index/resource_index/parent_prefix_path/diffdrive_arduino
[1.109s] -- Up-to-date symlink: /home/robomealmate/robomealmate/install/diffdrive_arduino/share/diffdrive_arduino/environment/ament_prefix_path.sh
[1.109s] -- Up-to-date symlink: /home/robomealmate/robomealmate/install/diffdrive_arduino/share/diffdrive_arduino/environment/ament_prefix_path.dsv
[1.109s] -- Up-to-date symlink: /home/robomealmate/robomealmate/install/diffdrive_arduino/share/diffdrive_arduino/environment/path.sh
[1.109s] -- Up-to-date symlink: /home/robomealmate/robomealmate/install/diffdrive_arduino/share/diffdrive_arduino/environment/path.dsv
[1.109s] -- Up-to-date symlink: /home/robomealmate/robomealmate/install/diffdrive_arduino/share/diffdrive_arduino/local_setup.bash
[1.110s] -- Up-to-date symlink: /home/robomealmate/robomealmate/install/diffdrive_arduino/share/diffdrive_arduino/local_setup.sh
[1.110s] -- Up-to-date symlink: /home/robomealmate/robomealmate/install/diffdrive_arduino/share/diffdrive_arduino/local_setup.zsh
[1.110s] -- Up-to-date symlink: /home/robomealmate/robomealmate/install/diffdrive_arduino/share/diffdrive_arduino/local_setup.dsv
[1.110s] -- Symlinking: /home/robomealmate/robomealmate/install/diffdrive_arduino/share/diffdrive_arduino/package.dsv
[1.119s] -- Up-to-date symlink: /home/robomealmate/robomealmate/install/diffdrive_arduino/share/ament_index/resource_index/packages/diffdrive_arduino
[1.119s] -- Up-to-date symlink: /home/robomealmate/robomealmate/install/diffdrive_arduino/share/ament_index/resource_index/hardware_interface__pluginlib__plugin/diffdrive_arduino
[1.119s] -- Up-to-date symlink: /home/robomealmate/robomealmate/install/diffdrive_arduino/share/diffdrive_arduino/cmake/ament_cmake_export_dependencies-extras.cmake
[1.120s] -- Up-to-date symlink: /home/robomealmate/robomealmate/install/diffdrive_arduino/share/diffdrive_arduino/cmake/ament_cmake_export_include_directories-extras.cmake
[1.120s] -- Up-to-date symlink: /home/robomealmate/robomealmate/install/diffdrive_arduino/share/diffdrive_arduino/cmake/ament_cmake_export_libraries-extras.cmake
[1.121s] -- Up-to-date symlink: /home/robomealmate/robomealmate/install/diffdrive_arduino/share/diffdrive_arduino/cmake/diffdrive_arduinoConfig.cmake
[1.121s] -- Up-to-date symlink: /home/robomealmate/robomealmate/install/diffdrive_arduino/share/diffdrive_arduino/cmake/diffdrive_arduinoConfig-version.cmake
[1.121s] -- Up-to-date symlink: /home/robomealmate/robomealmate/install/diffdrive_arduino/share/diffdrive_arduino/package.xml
[1.121s] -- Up-to-date: /home/robomealmate/robomealmate/install/diffdrive_arduino/lib/libdiffdrive_arduino.so
[1.124s] Invoked command in '/home/robomealmate/robomealmate/build/diffdrive_arduino' returned '0': CMAKE_PREFIX_PATH=/home/robomealmate/robomealmate/install/serial:/home/robomealmate/robomealmate/install/diffdrive_arduino:/home/robomealmate/robomealmate/install/robomealmate:/opt/ros/foxy /usr/bin/cmake --install /home/robomealmate/robomealmate/build/diffdrive_arduino
