[0.642s] Invoking command in '/home/robomealmate/robomealmate/build/rplidar_ros': CMAKE_PREFIX_PATH=${CMAKE_PREFIX_PATH}:/opt/ros/foxy /usr/bin/cmake --build /home/robomealmate/robomealmate/build/rplidar_ros -- -j4 -l4
[2.276s] [  5%] Built target rplidar_client
[3.044s] [ 52%] Built target rplidar_node
[3.818s] [100%] Built target rplidar_composition
[3.982s] Invoked command in '/home/robomealmate/robomealmate/build/rplidar_ros' returned '0': CMAKE_PREFIX_PATH=${CMAKE_PREFIX_PATH}:/opt/ros/foxy /usr/bin/cmake --build /home/robomealmate/robomealmate/build/rplidar_ros -- -j4 -l4
[3.990s] Invoking command in '/home/robomealmate/robomealmate/build/rplidar_ros': CMAKE_PREFIX_PATH=${CMAKE_PREFIX_PATH}:/opt/ros/foxy /usr/bin/cmake --install /home/robomealmate/robomealmate/build/rplidar_ros
[4.120s] -- Install configuration: ""
[4.124s] -- Execute custom install script
[4.132s] -- Up-to-date symlink: /home/robomealmate/robomealmate/install/rplidar_ros/share/rplidar_ros/launch/rplidar_a1_launch.py
[4.138s] -- Up-to-date symlink: /home/robomealmate/robomealmate/install/rplidar_ros/share/rplidar_ros/launch/rplidar_a2m12_launch.py
[4.139s] -- Up-to-date symlink: /home/robomealmate/robomealmate/install/rplidar_ros/share/rplidar_ros/launch/rplidar_a2m7_launch.py
[4.140s] -- Up-to-date symlink: /home/robomealmate/robomealmate/install/rplidar_ros/share/rplidar_ros/launch/rplidar_a2m8_launch.py
[4.146s] -- Up-to-date symlink: /home/robomealmate/robomealmate/install/rplidar_ros/share/rplidar_ros/launch/rplidar_a3_launch.py
[4.147s] -- Up-to-date symlink: /home/robomealmate/robomealmate/install/rplidar_ros/share/rplidar_ros/launch/rplidar_c1_launch.py
[4.160s] -- Up-to-date symlink: /home/robomealmate/robomealmate/install/rplidar_ros/share/rplidar_ros/launch/rplidar_s1_launch.py
[4.163s] -- Up-to-date symlink: /home/robomealmate/robomealmate/install/rplidar_ros/share/rplidar_ros/launch/rplidar_s1_tcp_launch.py
[4.167s] -- Up-to-date symlink: /home/robomealmate/robomealmate/install/rplidar_ros/share/rplidar_ros/launch/rplidar_s2_launch.py
[4.171s] -- Up-to-date symlink: /home/robomealmate/robomealmate/install/rplidar_ros/share/rplidar_ros/launch/rplidar_s2e_launch.py
[4.172s] -- Up-to-date symlink: /home/robomealmate/robomealmate/install/rplidar_ros/share/rplidar_ros/launch/rplidar_s3_launch.py
[4.180s] -- Up-to-date symlink: /home/robomealmate/robomealmate/install/rplidar_ros/share/rplidar_ros/launch/rplidar_t1_launch.py
[4.181s] -- Up-to-date symlink: /home/robomealmate/robomealmate/install/rplidar_ros/share/rplidar_ros/launch/view_rplidar_a1_launch.py
[4.185s] -- Up-to-date symlink: /home/robomealmate/robomealmate/install/rplidar_ros/share/rplidar_ros/launch/view_rplidar_a2m12_launch.py
[4.186s] -- Up-to-date symlink: /home/robomealmate/robomealmate/install/rplidar_ros/share/rplidar_ros/launch/view_rplidar_a2m7_launch.py
[4.194s] -- Up-to-date symlink: /home/robomealmate/robomealmate/install/rplidar_ros/share/rplidar_ros/launch/view_rplidar_a2m8_launch.py
[4.196s] -- Up-to-date symlink: /home/robomealmate/robomealmate/install/rplidar_ros/share/rplidar_ros/launch/view_rplidar_a3_launch.py
[4.197s] -- Up-to-date symlink: /home/robomealmate/robomealmate/install/rplidar_ros/share/rplidar_ros/launch/view_rplidar_c1_launch.py
[4.206s] -- Up-to-date symlink: /home/robomealmate/robomealmate/install/rplidar_ros/share/rplidar_ros/launch/view_rplidar_s1_launch.py
[4.207s] -- Up-to-date symlink: /home/robomealmate/robomealmate/install/rplidar_ros/share/rplidar_ros/launch/view_rplidar_s1_tcp_launch.py
[4.208s] -- Up-to-date symlink: /home/robomealmate/robomealmate/install/rplidar_ros/share/rplidar_ros/launch/view_rplidar_s2_launch.py
[4.212s] -- Up-to-date symlink: /home/robomealmate/robomealmate/install/rplidar_ros/share/rplidar_ros/launch/view_rplidar_s2e_launch.py
[4.215s] -- Up-to-date symlink: /home/robomealmate/robomealmate/install/rplidar_ros/share/rplidar_ros/launch/view_rplidar_s3_launch.py
[4.215s] -- Up-to-date symlink: /home/robomealmate/robomealmate/install/rplidar_ros/share/rplidar_ros/launch/view_rplidar_t1_launch.py
[4.222s] -- Up-to-date symlink: /home/robomealmate/robomealmate/install/rplidar_ros/share/rplidar_ros/rviz/rplidar_ros.rviz
[4.231s] -- Up-to-date symlink: /home/robomealmate/robomealmate/install/rplidar_ros/lib/rplidar_ros/rplidar_node
[4.234s] -- Up-to-date symlink: /home/robomealmate/robomealmate/install/rplidar_ros/lib/rplidar_ros/rplidar_composition
[4.235s] -- Up-to-date symlink: /home/robomealmate/robomealmate/install/rplidar_ros/lib/rplidar_ros/rplidar_client
[4.241s] -- Up-to-date symlink: /home/robomealmate/robomealmate/install/rplidar_ros/share/ament_index/resource_index/package_run_dependencies/rplidar_ros
[4.243s] -- Up-to-date symlink: /home/robomealmate/robomealmate/install/rplidar_ros/share/ament_index/resource_index/parent_prefix_path/rplidar_ros
[4.248s] -- Up-to-date symlink: /home/robomealmate/robomealmate/install/rplidar_ros/share/rplidar_ros/environment/ament_prefix_path.sh
[4.263s] -- Up-to-date symlink: /home/robomealmate/robomealmate/install/rplidar_ros/share/rplidar_ros/environment/ament_prefix_path.dsv
[4.265s] -- Up-to-date symlink: /home/robomealmate/robomealmate/install/rplidar_ros/share/rplidar_ros/environment/path.sh
[4.267s] -- Up-to-date symlink: /home/robomealmate/robomealmate/install/rplidar_ros/share/rplidar_ros/environment/path.dsv
[4.268s] -- Up-to-date symlink: /home/robomealmate/robomealmate/install/rplidar_ros/share/rplidar_ros/local_setup.bash
[4.270s] -- Up-to-date symlink: /home/robomealmate/robomealmate/install/rplidar_ros/share/rplidar_ros/local_setup.sh
[4.275s] -- Up-to-date symlink: /home/robomealmate/robomealmate/install/rplidar_ros/share/rplidar_ros/local_setup.zsh
[4.303s] -- Up-to-date symlink: /home/robomealmate/robomealmate/install/rplidar_ros/share/rplidar_ros/local_setup.dsv
[4.303s] -- Symlinking: /home/robomealmate/robomealmate/install/rplidar_ros/share/rplidar_ros/package.dsv
[4.405s] -- Up-to-date symlink: /home/robomealmate/robomealmate/install/rplidar_ros/share/ament_index/resource_index/packages/rplidar_ros
[4.406s] -- Up-to-date symlink: /home/robomealmate/robomealmate/install/rplidar_ros/share/rplidar_ros/cmake/ament_cmake_export_dependencies-extras.cmake
[4.416s] -- Up-to-date symlink: /home/robomealmate/robomealmate/install/rplidar_ros/share/rplidar_ros/cmake/ament_cmake_export_include_directories-extras.cmake
[4.417s] -- Up-to-date symlink: /home/robomealmate/robomealmate/install/rplidar_ros/share/rplidar_ros/cmake/rplidar_rosConfig.cmake
[4.418s] -- Up-to-date symlink: /home/robomealmate/robomealmate/install/rplidar_ros/share/rplidar_ros/cmake/rplidar_rosConfig-version.cmake
[4.436s] -- Up-to-date symlink: /home/robomealmate/robomealmate/install/rplidar_ros/share/rplidar_ros/package.xml
[4.621s] Invoked command in '/home/robomealmate/robomealmate/build/rplidar_ros' returned '0': CMAKE_PREFIX_PATH=${CMAKE_PREFIX_PATH}:/opt/ros/foxy /usr/bin/cmake --install /home/robomealmate/robomealmate/build/rplidar_ros
