[0.011s] Invoking command in '/home/robomealmate/robomealmate/build/diffdrive_arduino': AMENT_PREFIX_PATH=/home/robomealmate/robomealmate/install/serial:${AMENT_PREFIX_PATH} CMAKE_PREFIX_PATH=/home/robomealmate/robomealmate/install/serial:/opt/ros/foxy LD_LIBRARY_PATH=/home/robomealmate/robomealmate/install/serial/lib:${LD_LIBRARY_PATH} /usr/bin/cmake /home/robomealmate/robomealmate/src/diffdrive_arduino -DCMAKE_INSTALL_PREFIX=/home/robomealmate/robomealmate/install/diffdrive_arduino
[0.025s] -- Found ament_cmake: 0.9.12 (/opt/ros/foxy/share/ament_cmake/cmake)
[0.046s] -- Using PYTHON_EXECUTABLE: /usr/bin/python3
[0.221s] -- Override CMake install command with custom implementation using symlinks instead of copying resources
[0.228s] -- Found rclcpp: 2.4.3 (/opt/ros/foxy/share/rclcpp/cmake)
[0.263s] -- Using all available rosidl_typesupport_c: rosidl_typesupport_fastrtps_c;rosidl_typesupport_introspection_c
[0.267s] -- Found rosidl_adapter: 1.3.1 (/opt/ros/foxy/share/rosidl_adapter/cmake)
[0.383s] -- Using all available rosidl_typesupport_cpp: rosidl_typesupport_fastrtps_cpp;rosidl_typesupport_introspection_cpp
[0.431s] -- Found rmw_implementation_cmake: 1.0.4 (/opt/ros/foxy/share/rmw_implementation_cmake/cmake)
[0.433s] -- Using RMW implementation 'rmw_fastrtps_cpp' as default
[0.579s] -- Found hardware_interface: 0.11.0 (/opt/ros/foxy/share/hardware_interface/cmake)
[1.004s] -- Found serial: 1.2.1 (/home/robomealmate/robomealmate/install/serial/share/serial/cmake)
[1.081s] -- Configuring done
[1.104s] -- Generating done
[1.111s] -- Build files have been written to: /home/robomealmate/robomealmate/build/diffdrive_arduino
[1.118s] Invoked command in '/home/robomealmate/robomealmate/build/diffdrive_arduino' returned '0': AMENT_PREFIX_PATH=/home/robomealmate/robomealmate/install/serial:${AMENT_PREFIX_PATH} CMAKE_PREFIX_PATH=/home/robomealmate/robomealmate/install/serial:/opt/ros/foxy LD_LIBRARY_PATH=/home/robomealmate/robomealmate/install/serial/lib:${LD_LIBRARY_PATH} /usr/bin/cmake /home/robomealmate/robomealmate/src/diffdrive_arduino -DCMAKE_INSTALL_PREFIX=/home/robomealmate/robomealmate/install/diffdrive_arduino
[1.121s] Invoking command in '/home/robomealmate/robomealmate/build/diffdrive_arduino': AMENT_PREFIX_PATH=/home/robomealmate/robomealmate/install/serial:${AMENT_PREFIX_PATH} CMAKE_PREFIX_PATH=/home/robomealmate/robomealmate/install/serial:/opt/ros/foxy LD_LIBRARY_PATH=/home/robomealmate/robomealmate/install/serial/lib:${LD_LIBRARY_PATH} /usr/bin/cmake --build /home/robomealmate/robomealmate/build/diffdrive_arduino -- -j8 -l8
[1.164s] [35m[1mScanning dependencies of target diffdrive_arduino[0m
[1.192s] [ 25%] [32mBuilding CXX object CMakeFiles/diffdrive_arduino.dir/src/diffdrive_arduino.cpp.o[0m
[3.914s] [ 50%] [32m[1mLinking CXX shared library libdiffdrive_arduino.so[0m
[4.088s] [100%] Built target diffdrive_arduino
[4.099s] Invoked command in '/home/robomealmate/robomealmate/build/diffdrive_arduino' returned '0': AMENT_PREFIX_PATH=/home/robomealmate/robomealmate/install/serial:${AMENT_PREFIX_PATH} CMAKE_PREFIX_PATH=/home/robomealmate/robomealmate/install/serial:/opt/ros/foxy LD_LIBRARY_PATH=/home/robomealmate/robomealmate/install/serial/lib:${LD_LIBRARY_PATH} /usr/bin/cmake --build /home/robomealmate/robomealmate/build/diffdrive_arduino -- -j8 -l8
[4.100s] Invoking command in '/home/robomealmate/robomealmate/build/diffdrive_arduino': AMENT_PREFIX_PATH=/home/robomealmate/robomealmate/install/serial:${AMENT_PREFIX_PATH} CMAKE_PREFIX_PATH=/home/robomealmate/robomealmate/install/serial:/opt/ros/foxy LD_LIBRARY_PATH=/home/robomealmate/robomealmate/install/serial/lib:${LD_LIBRARY_PATH} /usr/bin/cmake --install /home/robomealmate/robomealmate/build/diffdrive_arduino
[4.111s] -- Install configuration: ""
[4.112s] -- Execute custom install script
[4.112s] -- Up-to-date symlink: /home/robomealmate/robomealmate/install/diffdrive_arduino/include//diffdrive_arduino/arduino_comms.h
[4.112s] -- Up-to-date symlink: /home/robomealmate/robomealmate/install/diffdrive_arduino/include//diffdrive_arduino/config.h
[4.113s] -- Up-to-date symlink: /home/robomealmate/robomealmate/install/diffdrive_arduino/include//diffdrive_arduino/diffdrive_arduino.h
[4.113s] -- Up-to-date symlink: /home/robomealmate/robomealmate/install/diffdrive_arduino/include//diffdrive_arduino/wheel.h
[4.113s] -- Up-to-date symlink: /home/robomealmate/robomealmate/install/diffdrive_arduino/share/diffdrive_arduino//diffdrive_arduino_plugin.xml
[4.113s] -- Up-to-date symlink: /home/robomealmate/robomealmate/install/diffdrive_arduino/share/diffdrive_arduino/diffdrive_arduino_plugin.xml
[4.113s] -- Up-to-date symlink: /home/robomealmate/robomealmate/install/diffdrive_arduino/share/diffdrive_arduino/environment/library_path.sh
[4.114s] -- Up-to-date symlink: /home/robomealmate/robomealmate/install/diffdrive_arduino/share/diffdrive_arduino/environment/library_path.dsv
[4.114s] -- Up-to-date symlink: /home/robomealmate/robomealmate/install/diffdrive_arduino/share/ament_index/resource_index/package_run_dependencies/diffdrive_arduino
[4.114s] -- Up-to-date symlink: /home/robomealmate/robomealmate/install/diffdrive_arduino/share/ament_index/resource_index/parent_prefix_path/diffdrive_arduino
[4.115s] -- Up-to-date symlink: /home/robomealmate/robomealmate/install/diffdrive_arduino/share/diffdrive_arduino/environment/ament_prefix_path.sh
[4.115s] -- Up-to-date symlink: /home/robomealmate/robomealmate/install/diffdrive_arduino/share/diffdrive_arduino/environment/ament_prefix_path.dsv
[4.116s] -- Up-to-date symlink: /home/robomealmate/robomealmate/install/diffdrive_arduino/share/diffdrive_arduino/environment/path.sh
[4.116s] -- Up-to-date symlink: /home/robomealmate/robomealmate/install/diffdrive_arduino/share/diffdrive_arduino/environment/path.dsv
[4.116s] -- Up-to-date symlink: /home/robomealmate/robomealmate/install/diffdrive_arduino/share/diffdrive_arduino/local_setup.bash
[4.116s] -- Up-to-date symlink: /home/robomealmate/robomealmate/install/diffdrive_arduino/share/diffdrive_arduino/local_setup.sh
[4.117s] -- Up-to-date symlink: /home/robomealmate/robomealmate/install/diffdrive_arduino/share/diffdrive_arduino/local_setup.zsh
[4.117s] -- Up-to-date symlink: /home/robomealmate/robomealmate/install/diffdrive_arduino/share/diffdrive_arduino/local_setup.dsv
[4.117s] -- Symlinking: /home/robomealmate/robomealmate/install/diffdrive_arduino/share/diffdrive_arduino/package.dsv
[4.127s] -- Up-to-date symlink: /home/robomealmate/robomealmate/install/diffdrive_arduino/share/ament_index/resource_index/packages/diffdrive_arduino
[4.127s] -- Up-to-date symlink: /home/robomealmate/robomealmate/install/diffdrive_arduino/share/ament_index/resource_index/hardware_interface__pluginlib__plugin/diffdrive_arduino
[4.128s] -- Up-to-date symlink: /home/robomealmate/robomealmate/install/diffdrive_arduino/share/diffdrive_arduino/cmake/ament_cmake_export_dependencies-extras.cmake
[4.128s] -- Up-to-date symlink: /home/robomealmate/robomealmate/install/diffdrive_arduino/share/diffdrive_arduino/cmake/ament_cmake_export_include_directories-extras.cmake
[4.128s] -- Up-to-date symlink: /home/robomealmate/robomealmate/install/diffdrive_arduino/share/diffdrive_arduino/cmake/ament_cmake_export_libraries-extras.cmake
[4.129s] -- Up-to-date symlink: /home/robomealmate/robomealmate/install/diffdrive_arduino/share/diffdrive_arduino/cmake/diffdrive_arduinoConfig.cmake
[4.129s] -- Up-to-date symlink: /home/robomealmate/robomealmate/install/diffdrive_arduino/share/diffdrive_arduino/cmake/diffdrive_arduinoConfig-version.cmake
[4.129s] -- Up-to-date symlink: /home/robomealmate/robomealmate/install/diffdrive_arduino/share/diffdrive_arduino/package.xml
[4.130s] -- Installing: /home/robomealmate/robomealmate/install/diffdrive_arduino/lib/libdiffdrive_arduino.so
[4.132s] -- Set runtime path of "/home/robomealmate/robomealmate/install/diffdrive_arduino/lib/libdiffdrive_arduino.so" to ""
[4.135s] Invoked command in '/home/robomealmate/robomealmate/build/diffdrive_arduino' returned '0': AMENT_PREFIX_PATH=/home/robomealmate/robomealmate/install/serial:${AMENT_PREFIX_PATH} CMAKE_PREFIX_PATH=/home/robomealmate/robomealmate/install/serial:/opt/ros/foxy LD_LIBRARY_PATH=/home/robomealmate/robomealmate/install/serial/lib:${LD_LIBRARY_PATH} /usr/bin/cmake --install /home/robomealmate/robomealmate/build/diffdrive_arduino
