[0.153s] Invoking command in '/home/robomealmate/robomealmate/build/robomealmate': CMAKE_PREFIX_PATH=/opt/ros/foxy /usr/bin/cmake /home/robomealmate/robomealmate/src/robomealmate -DCMAKE_INSTALL_PREFIX=/home/robomealmate/robomealmate/install/robomealmate
[1.126s] -- The C compiler identification is GNU 9.4.0
[1.945s] -- The CXX compiler identification is GNU 9.4.0
[1.970s] -- Check for working C compiler: /usr/bin/cc
[2.311s] -- Check for working C compiler: /usr/bin/cc -- works
[2.320s] -- Detecting C compiler ABI info
[2.679s] -- Detecting C compiler ABI info - done
[2.721s] -- Detecting C compile features
[2.734s] -- Detecting C compile features - done
[2.749s] -- Check for working CXX compiler: /usr/bin/c++
[3.145s] -- Check for working CXX compiler: /usr/bin/c++ -- works
[3.150s] -- Detecting CXX compiler ABI info
[3.550s] -- Detecting CXX compiler ABI info - done
[3.588s] -- Detecting CXX compile features
[3.590s] -- Detecting CXX compile features - done
[3.612s] -- Found ament_cmake: 0.9.12 (/opt/ros/foxy/share/ament_cmake/cmake)
[3.786s] -- Found PythonInterp: /usr/bin/python3 (found suitable version "3.8.10", minimum required is "3") 
[3.787s] -- Using PYTHON_EXECUTABLE: /usr/bin/python3
[5.055s] -- Found ament_lint_auto: 0.9.8 (/opt/ros/foxy/share/ament_lint_auto/cmake)
[5.483s] -- Added test 'copyright' to check source files copyright and LICENSE
[5.507s] -- Added test 'flake8' to check Python code syntax and style conventions
[5.510s] -- Added test 'lint_cmake' to check CMake code style
[5.514s] -- Added test 'pep257' to check Python code against some of the style conventions in PEP 257
[5.526s] -- Added test 'xmllint' to check XML markup files
[5.539s] -- Configuring done
[5.549s] -- Generating done
[5.556s] -- Build files have been written to: /home/robomealmate/robomealmate/build/robomealmate
[5.571s] Invoked command in '/home/robomealmate/robomealmate/build/robomealmate' returned '0': CMAKE_PREFIX_PATH=/opt/ros/foxy /usr/bin/cmake /home/robomealmate/robomealmate/src/robomealmate -DCMAKE_INSTALL_PREFIX=/home/robomealmate/robomealmate/install/robomealmate
[5.582s] Invoking command in '/home/robomealmate/robomealmate/build/robomealmate': CMAKE_PREFIX_PATH=/opt/ros/foxy /usr/bin/cmake --build /home/robomealmate/robomealmate/build/robomealmate -- -j4 -l4
[5.745s] Invoked command in '/home/robomealmate/robomealmate/build/robomealmate' returned '0': CMAKE_PREFIX_PATH=/opt/ros/foxy /usr/bin/cmake --build /home/robomealmate/robomealmate/build/robomealmate -- -j4 -l4
[5.801s] Invoking command in '/home/robomealmate/robomealmate/build/robomealmate': CMAKE_PREFIX_PATH=/opt/ros/foxy /usr/bin/cmake --install /home/robomealmate/robomealmate/build/robomealmate
[5.834s] -- Install configuration: ""
[5.835s] -- Installing: /home/robomealmate/robomealmate/install/robomealmate/share/robomealmate/config
[5.835s] -- Installing: /home/robomealmate/robomealmate/install/robomealmate/share/robomealmate/config/mapper_params_online_async.yaml
[5.835s] -- Installing: /home/robomealmate/robomealmate/install/robomealmate/share/robomealmate/config/empty.yaml
[5.837s] -- Installing: /home/robomealmate/robomealmate/install/robomealmate/share/robomealmate/config/controller.yaml
[5.837s] -- Installing: /home/robomealmate/robomealmate/install/robomealmate/share/robomealmate/description
[5.838s] -- Installing: /home/robomealmate/robomealmate/install/robomealmate/share/robomealmate/description/gazebo_controller.xacro
[5.839s] -- Installing: /home/robomealmate/robomealmate/install/robomealmate/share/robomealmate/description/inertial_macros.xacro
[5.840s] -- Installing: /home/robomealmate/robomealmate/install/robomealmate/share/robomealmate/description/robot_core.xacro
[5.840s] -- Installing: /home/robomealmate/robomealmate/install/robomealmate/share/robomealmate/description/robot.urdf.xacro
[5.841s] -- Installing: /home/robomealmate/robomealmate/install/robomealmate/share/robomealmate/description/camera.xacro
[5.842s] -- Installing: /home/robomealmate/robomealmate/install/robomealmate/share/robomealmate/description/lidar.xacro
[5.843s] -- Installing: /home/robomealmate/robomealmate/install/robomealmate/share/robomealmate/description/ros2_controller.xacro
[5.844s] -- Installing: /home/robomealmate/robomealmate/install/robomealmate/share/robomealmate/launch
[5.844s] -- Installing: /home/robomealmate/robomealmate/install/robomealmate/share/robomealmate/launch/camera.launch.py
[5.845s] -- Installing: /home/robomealmate/robomealmate/install/robomealmate/share/robomealmate/launch/rsp.launch.py
[5.846s] -- Installing: /home/robomealmate/robomealmate/install/robomealmate/share/robomealmate/launch/robot.launch.py
[5.847s] -- Installing: /home/robomealmate/robomealmate/install/robomealmate/share/robomealmate/launch/simulation.launch.py
[5.848s] -- Installing: /home/robomealmate/robomealmate/install/robomealmate/share/robomealmate/launch/lidar.launch.py
[5.848s] -- Installing: /home/robomealmate/robomealmate/install/robomealmate/share/robomealmate/worlds
[5.849s] -- Installing: /home/robomealmate/robomealmate/install/robomealmate/share/robomealmate/worlds/empty.world
[5.850s] -- Installing: /home/robomealmate/robomealmate/install/robomealmate/share/robomealmate/worlds/tables.world
[5.851s] -- Installing: /home/robomealmate/robomealmate/install/robomealmate/share/ament_index/resource_index/package_run_dependencies/robomealmate
[5.853s] -- Installing: /home/robomealmate/robomealmate/install/robomealmate/share/ament_index/resource_index/parent_prefix_path/robomealmate
[5.856s] -- Installing: /home/robomealmate/robomealmate/install/robomealmate/share/robomealmate/environment/ament_prefix_path.sh
[5.857s] -- Installing: /home/robomealmate/robomealmate/install/robomealmate/share/robomealmate/environment/ament_prefix_path.dsv
[5.857s] -- Installing: /home/robomealmate/robomealmate/install/robomealmate/share/robomealmate/environment/path.sh
[5.858s] -- Installing: /home/robomealmate/robomealmate/install/robomealmate/share/robomealmate/environment/path.dsv
[5.860s] -- Installing: /home/robomealmate/robomealmate/install/robomealmate/share/robomealmate/local_setup.bash
[5.861s] -- Installing: /home/robomealmate/robomealmate/install/robomealmate/share/robomealmate/local_setup.sh
[5.862s] -- Installing: /home/robomealmate/robomealmate/install/robomealmate/share/robomealmate/local_setup.zsh
[5.863s] -- Installing: /home/robomealmate/robomealmate/install/robomealmate/share/robomealmate/local_setup.dsv
[5.864s] -- Installing: /home/robomealmate/robomealmate/install/robomealmate/share/robomealmate/package.dsv
[5.865s] -- Installing: /home/robomealmate/robomealmate/install/robomealmate/share/ament_index/resource_index/packages/robomealmate
[5.867s] -- Installing: /home/robomealmate/robomealmate/install/robomealmate/share/robomealmate/cmake/robomealmateConfig.cmake
[5.867s] -- Installing: /home/robomealmate/robomealmate/install/robomealmate/share/robomealmate/cmake/robomealmateConfig-version.cmake
[5.869s] -- Installing: /home/robomealmate/robomealmate/install/robomealmate/share/robomealmate/package.xml
[5.876s] Invoked command in '/home/robomealmate/robomealmate/build/robomealmate' returned '0': CMAKE_PREFIX_PATH=/opt/ros/foxy /usr/bin/cmake --install /home/robomealmate/robomealmate/build/robomealmate
