[0.178s] DEBUG:colcon:Command line arguments: ['/usr/bin/colcon', 'build', '--symlink-install']
[0.178s] DEBUG:colcon:Parsed command line arguments: Namespace(allow_overriding=[], ament_cmake_args=None, base_paths=['.'], build_base='build', catkin_cmake_args=None, catkin_skip_building_tests=False, cmake_args=None, cmake_clean_cache=False, cmake_clean_first=False, cmake_force_configure=False, cmake_target=None, cmake_target_skip_unavailable=False, continue_on_error=False, event_handlers=None, executor='parallel', ignore_user_meta=False, install_base='install', log_base=None, log_level=None, main=<bound method BuildVerb.main of <colcon_core.verb.build.BuildVerb object at 0x7ff1f8388e80>>, merge_install=False, metas=['./colcon.meta'], mixin=None, mixin_files=None, mixin_verb=('build',), packages_above=None, packages_above_and_dependencies=None, packages_above_depth=None, packages_end=None, packages_ignore=None, packages_ignore_regex=None, packages_select=None, packages_select_build_failed=False, packages_select_by_dep=None, packages_select_regex=None, packages_select_test_failures=False, packages_skip=None, packages_skip_build_finished=False, packages_skip_by_dep=None, packages_skip_regex=None, packages_skip_test_passed=False, packages_skip_up_to=None, packages_start=None, packages_up_to=None, packages_up_to_regex=None, parallel_workers=8, paths=None, symlink_install=True, test_result_base=None, verb_extension=<colcon_core.verb.build.BuildVerb object at 0x7ff1f8388e80>, verb_name='build', verb_parser=<colcon_mixin.mixin.mixin_argument.MixinArgumentDecorator object at 0x7ff1f82eb490>)
[0.322s] Level 1:colcon.colcon_core.package_discovery:discover_packages(colcon_meta) check parameters
[0.322s] Level 1:colcon.colcon_core.package_discovery:discover_packages(recursive) check parameters
[0.322s] Level 1:colcon.colcon_core.package_discovery:discover_packages(ignore) check parameters
[0.322s] Level 1:colcon.colcon_core.package_discovery:discover_packages(path) check parameters
[0.322s] Level 1:colcon.colcon_core.package_discovery:discover_packages(colcon_meta) discover
[0.322s] Level 1:colcon.colcon_core.package_discovery:discover_packages(recursive) discover
[0.322s] INFO:colcon.colcon_core.package_discovery:Crawling recursively for packages in '/home/robomealmate/robomealmate'
[0.322s] Level 1:colcon.colcon_core.package_identification:_identify(.) by extensions ['ignore', 'ignore_ament_install']
[0.322s] Level 1:colcon.colcon_core.package_identification:_identify(.) by extension 'ignore'
[0.322s] Level 1:colcon.colcon_core.package_identification:_identify(.) by extension 'ignore_ament_install'
[0.322s] Level 1:colcon.colcon_core.package_identification:_identify(.) by extensions ['colcon_pkg']
[0.322s] Level 1:colcon.colcon_core.package_identification:_identify(.) by extension 'colcon_pkg'
[0.323s] Level 1:colcon.colcon_core.package_identification:_identify(.) by extensions ['colcon_meta']
[0.323s] Level 1:colcon.colcon_core.package_identification:_identify(.) by extension 'colcon_meta'
[0.323s] Level 1:colcon.colcon_core.package_identification:_identify(.) by extensions ['ros']
[0.323s] Level 1:colcon.colcon_core.package_identification:_identify(.) by extension 'ros'
[0.333s] Level 1:colcon.colcon_core.package_identification:_identify(.) by extensions ['cmake', 'python']
[0.333s] Level 1:colcon.colcon_core.package_identification:_identify(.) by extension 'cmake'
[0.333s] Level 1:colcon.colcon_core.package_identification:_identify(.) by extension 'python'
[0.333s] Level 1:colcon.colcon_core.package_identification:_identify(.) by extensions ['python_setup_py']
[0.333s] Level 1:colcon.colcon_core.package_identification:_identify(.) by extension 'python_setup_py'
[0.334s] Level 1:colcon.colcon_core.package_identification:_identify(build) by extensions ['ignore', 'ignore_ament_install']
[0.334s] Level 1:colcon.colcon_core.package_identification:_identify(build) by extension 'ignore'
[0.334s] Level 1:colcon.colcon_core.package_identification:_identify(build) ignored
[0.334s] Level 1:colcon.colcon_core.package_identification:_identify(install) by extensions ['ignore', 'ignore_ament_install']
[0.334s] Level 1:colcon.colcon_core.package_identification:_identify(install) by extension 'ignore'
[0.334s] Level 1:colcon.colcon_core.package_identification:_identify(install) ignored
[0.334s] Level 1:colcon.colcon_core.package_identification:_identify(log) by extensions ['ignore', 'ignore_ament_install']
[0.334s] Level 1:colcon.colcon_core.package_identification:_identify(log) by extension 'ignore'
[0.334s] Level 1:colcon.colcon_core.package_identification:_identify(log) ignored
[0.334s] Level 1:colcon.colcon_core.package_identification:_identify(src) by extensions ['ignore', 'ignore_ament_install']
[0.334s] Level 1:colcon.colcon_core.package_identification:_identify(src) by extension 'ignore'
[0.334s] Level 1:colcon.colcon_core.package_identification:_identify(src) by extension 'ignore_ament_install'
[0.334s] Level 1:colcon.colcon_core.package_identification:_identify(src) by extensions ['colcon_pkg']
[0.334s] Level 1:colcon.colcon_core.package_identification:_identify(src) by extension 'colcon_pkg'
[0.335s] Level 1:colcon.colcon_core.package_identification:_identify(src) by extensions ['colcon_meta']
[0.335s] Level 1:colcon.colcon_core.package_identification:_identify(src) by extension 'colcon_meta'
[0.335s] Level 1:colcon.colcon_core.package_identification:_identify(src) by extensions ['ros']
[0.335s] Level 1:colcon.colcon_core.package_identification:_identify(src) by extension 'ros'
[0.335s] Level 1:colcon.colcon_core.package_identification:_identify(src) by extensions ['cmake', 'python']
[0.335s] Level 1:colcon.colcon_core.package_identification:_identify(src) by extension 'cmake'
[0.335s] Level 1:colcon.colcon_core.package_identification:_identify(src) by extension 'python'
[0.335s] Level 1:colcon.colcon_core.package_identification:_identify(src) by extensions ['python_setup_py']
[0.335s] Level 1:colcon.colcon_core.package_identification:_identify(src) by extension 'python_setup_py'
[0.335s] Level 1:colcon.colcon_core.package_identification:_identify(src/diffdrive_arduino) by extensions ['ignore', 'ignore_ament_install']
[0.335s] Level 1:colcon.colcon_core.package_identification:_identify(src/diffdrive_arduino) by extension 'ignore'
[0.335s] Level 1:colcon.colcon_core.package_identification:_identify(src/diffdrive_arduino) by extension 'ignore_ament_install'
[0.335s] Level 1:colcon.colcon_core.package_identification:_identify(src/diffdrive_arduino) by extensions ['colcon_pkg']
[0.335s] Level 1:colcon.colcon_core.package_identification:_identify(src/diffdrive_arduino) by extension 'colcon_pkg'
[0.335s] Level 1:colcon.colcon_core.package_identification:_identify(src/diffdrive_arduino) by extensions ['colcon_meta']
[0.335s] Level 1:colcon.colcon_core.package_identification:_identify(src/diffdrive_arduino) by extension 'colcon_meta'
[0.335s] Level 1:colcon.colcon_core.package_identification:_identify(src/diffdrive_arduino) by extensions ['ros']
[0.335s] Level 1:colcon.colcon_core.package_identification:_identify(src/diffdrive_arduino) by extension 'ros'
[0.338s] DEBUG:colcon.colcon_core.package_identification:Package 'src/diffdrive_arduino' with type 'ros.ament_cmake' and name 'diffdrive_arduino'
[0.338s] Level 1:colcon.colcon_core.package_identification:_identify(src/robomealmate) by extensions ['ignore', 'ignore_ament_install']
[0.338s] Level 1:colcon.colcon_core.package_identification:_identify(src/robomealmate) by extension 'ignore'
[0.338s] Level 1:colcon.colcon_core.package_identification:_identify(src/robomealmate) by extension 'ignore_ament_install'
[0.338s] Level 1:colcon.colcon_core.package_identification:_identify(src/robomealmate) by extensions ['colcon_pkg']
[0.338s] Level 1:colcon.colcon_core.package_identification:_identify(src/robomealmate) by extension 'colcon_pkg'
[0.338s] Level 1:colcon.colcon_core.package_identification:_identify(src/robomealmate) by extensions ['colcon_meta']
[0.338s] Level 1:colcon.colcon_core.package_identification:_identify(src/robomealmate) by extension 'colcon_meta'
[0.338s] Level 1:colcon.colcon_core.package_identification:_identify(src/robomealmate) by extensions ['ros']
[0.339s] Level 1:colcon.colcon_core.package_identification:_identify(src/robomealmate) by extension 'ros'
[0.339s] DEBUG:colcon.colcon_core.package_identification:Package 'src/robomealmate' with type 'ros.ament_cmake' and name 'robomealmate'
[0.339s] Level 1:colcon.colcon_core.package_identification:_identify(src/serial) by extensions ['ignore', 'ignore_ament_install']
[0.339s] Level 1:colcon.colcon_core.package_identification:_identify(src/serial) by extension 'ignore'
[0.339s] Level 1:colcon.colcon_core.package_identification:_identify(src/serial) by extension 'ignore_ament_install'
[0.339s] Level 1:colcon.colcon_core.package_identification:_identify(src/serial) by extensions ['colcon_pkg']
[0.339s] Level 1:colcon.colcon_core.package_identification:_identify(src/serial) by extension 'colcon_pkg'
[0.339s] Level 1:colcon.colcon_core.package_identification:_identify(src/serial) by extensions ['colcon_meta']
[0.339s] Level 1:colcon.colcon_core.package_identification:_identify(src/serial) by extension 'colcon_meta'
[0.340s] Level 1:colcon.colcon_core.package_identification:_identify(src/serial) by extensions ['ros']
[0.340s] Level 1:colcon.colcon_core.package_identification:_identify(src/serial) by extension 'ros'
[0.340s] DEBUG:colcon.colcon_core.package_identification:Package 'src/serial' with type 'ros.ament_cmake' and name 'serial'
[0.340s] Level 1:colcon.colcon_core.package_discovery:discover_packages(recursive) using defaults
[0.340s] Level 1:colcon.colcon_core.package_discovery:discover_packages(ignore) discover
[0.340s] Level 1:colcon.colcon_core.package_discovery:discover_packages(ignore) using defaults
[0.340s] Level 1:colcon.colcon_core.package_discovery:discover_packages(path) discover
[0.340s] Level 1:colcon.colcon_core.package_discovery:discover_packages(path) using defaults
[0.355s] Level 1:colcon.colcon_core.package_discovery:discover_packages(prefix_path) check parameters
[0.355s] Level 1:colcon.colcon_core.package_discovery:discover_packages(prefix_path) discover
[0.356s] DEBUG:colcon.colcon_installed_package_information.package_discovery:Found 3 installed packages in /home/robomealmate/robomealmate/install
[0.358s] DEBUG:colcon.colcon_installed_package_information.package_discovery:Found 287 installed packages in /opt/ros/foxy
[0.360s] Level 1:colcon.colcon_core.package_discovery:discover_packages(prefix_path) using defaults
[0.426s] Level 5:colcon.colcon_core.verb:set package 'robomealmate' build argument 'cmake_args' from command line to 'None'
[0.427s] Level 5:colcon.colcon_core.verb:set package 'robomealmate' build argument 'cmake_target' from command line to 'None'
[0.427s] Level 5:colcon.colcon_core.verb:set package 'robomealmate' build argument 'cmake_target_skip_unavailable' from command line to 'False'
[0.427s] Level 5:colcon.colcon_core.verb:set package 'robomealmate' build argument 'cmake_clean_cache' from command line to 'False'
[0.427s] Level 5:colcon.colcon_core.verb:set package 'robomealmate' build argument 'cmake_clean_first' from command line to 'False'
[0.427s] Level 5:colcon.colcon_core.verb:set package 'robomealmate' build argument 'cmake_force_configure' from command line to 'False'
[0.427s] Level 5:colcon.colcon_core.verb:set package 'robomealmate' build argument 'ament_cmake_args' from command line to 'None'
[0.427s] Level 5:colcon.colcon_core.verb:set package 'robomealmate' build argument 'catkin_cmake_args' from command line to 'None'
[0.427s] Level 5:colcon.colcon_core.verb:set package 'robomealmate' build argument 'catkin_skip_building_tests' from command line to 'False'
[0.427s] DEBUG:colcon.colcon_core.verb:Building package 'robomealmate' with the following arguments: {'ament_cmake_args': None, 'build_base': '/home/robomealmate/robomealmate/build/robomealmate', 'catkin_cmake_args': None, 'catkin_skip_building_tests': False, 'cmake_args': None, 'cmake_clean_cache': False, 'cmake_clean_first': False, 'cmake_force_configure': False, 'cmake_target': None, 'cmake_target_skip_unavailable': False, 'install_base': '/home/robomealmate/robomealmate/install/robomealmate', 'merge_install': False, 'path': '/home/robomealmate/robomealmate/src/robomealmate', 'symlink_install': True, 'test_result_base': None}
[0.427s] Level 5:colcon.colcon_core.verb:set package 'serial' build argument 'cmake_args' from command line to 'None'
[0.427s] Level 5:colcon.colcon_core.verb:set package 'serial' build argument 'cmake_target' from command line to 'None'
[0.427s] Level 5:colcon.colcon_core.verb:set package 'serial' build argument 'cmake_target_skip_unavailable' from command line to 'False'
[0.427s] Level 5:colcon.colcon_core.verb:set package 'serial' build argument 'cmake_clean_cache' from command line to 'False'
[0.427s] Level 5:colcon.colcon_core.verb:set package 'serial' build argument 'cmake_clean_first' from command line to 'False'
[0.427s] Level 5:colcon.colcon_core.verb:set package 'serial' build argument 'cmake_force_configure' from command line to 'False'
[0.427s] Level 5:colcon.colcon_core.verb:set package 'serial' build argument 'ament_cmake_args' from command line to 'None'
[0.427s] Level 5:colcon.colcon_core.verb:set package 'serial' build argument 'catkin_cmake_args' from command line to 'None'
[0.427s] Level 5:colcon.colcon_core.verb:set package 'serial' build argument 'catkin_skip_building_tests' from command line to 'False'
[0.427s] DEBUG:colcon.colcon_core.verb:Building package 'serial' with the following arguments: {'ament_cmake_args': None, 'build_base': '/home/robomealmate/robomealmate/build/serial', 'catkin_cmake_args': None, 'catkin_skip_building_tests': False, 'cmake_args': None, 'cmake_clean_cache': False, 'cmake_clean_first': False, 'cmake_force_configure': False, 'cmake_target': None, 'cmake_target_skip_unavailable': False, 'install_base': '/home/robomealmate/robomealmate/install/serial', 'merge_install': False, 'path': '/home/robomealmate/robomealmate/src/serial', 'symlink_install': True, 'test_result_base': None}
[0.428s] Level 5:colcon.colcon_core.verb:set package 'diffdrive_arduino' build argument 'cmake_args' from command line to 'None'
[0.428s] Level 5:colcon.colcon_core.verb:set package 'diffdrive_arduino' build argument 'cmake_target' from command line to 'None'
[0.428s] Level 5:colcon.colcon_core.verb:set package 'diffdrive_arduino' build argument 'cmake_target_skip_unavailable' from command line to 'False'
[0.428s] Level 5:colcon.colcon_core.verb:set package 'diffdrive_arduino' build argument 'cmake_clean_cache' from command line to 'False'
[0.428s] Level 5:colcon.colcon_core.verb:set package 'diffdrive_arduino' build argument 'cmake_clean_first' from command line to 'False'
[0.428s] Level 5:colcon.colcon_core.verb:set package 'diffdrive_arduino' build argument 'cmake_force_configure' from command line to 'False'
[0.428s] Level 5:colcon.colcon_core.verb:set package 'diffdrive_arduino' build argument 'ament_cmake_args' from command line to 'None'
[0.428s] Level 5:colcon.colcon_core.verb:set package 'diffdrive_arduino' build argument 'catkin_cmake_args' from command line to 'None'
[0.428s] Level 5:colcon.colcon_core.verb:set package 'diffdrive_arduino' build argument 'catkin_skip_building_tests' from command line to 'False'
[0.428s] DEBUG:colcon.colcon_core.verb:Building package 'diffdrive_arduino' with the following arguments: {'ament_cmake_args': None, 'build_base': '/home/robomealmate/robomealmate/build/diffdrive_arduino', 'catkin_cmake_args': None, 'catkin_skip_building_tests': False, 'cmake_args': None, 'cmake_clean_cache': False, 'cmake_clean_first': False, 'cmake_force_configure': False, 'cmake_target': None, 'cmake_target_skip_unavailable': False, 'install_base': '/home/robomealmate/robomealmate/install/diffdrive_arduino', 'merge_install': False, 'path': '/home/robomealmate/robomealmate/src/diffdrive_arduino', 'symlink_install': True, 'test_result_base': None}
[0.428s] INFO:colcon.colcon_core.executor:Executing jobs using 'parallel' executor
[0.429s] DEBUG:colcon.colcon_parallel_executor.executor.parallel:run_until_complete
[0.429s] INFO:colcon.colcon_ros.task.ament_cmake.build:Building ROS package in '/home/robomealmate/robomealmate/src/serial' with build type 'ament_cmake'
[0.430s] INFO:colcon.colcon_cmake.task.cmake.build:Building CMake package in '/home/robomealmate/robomealmate/src/serial'
[0.433s] INFO:colcon.colcon_core.plugin_system:Skipping extension 'colcon_core.shell.bat': Not used on non-Windows systems
[0.433s] INFO:colcon.colcon_core.shell:Skip shell extension 'powershell' for command environment: Not usable outside of PowerShell
[0.433s] DEBUG:colcon.colcon_core.shell:Skip shell extension 'dsv' for command environment
[0.438s] INFO:colcon.colcon_ros.task.ament_cmake.build:Building ROS package in '/home/robomealmate/robomealmate/src/robomealmate' with build type 'ament_cmake'
[0.438s] INFO:colcon.colcon_cmake.task.cmake.build:Building CMake package in '/home/robomealmate/robomealmate/src/robomealmate'
[0.438s] INFO:colcon.colcon_core.shell:Skip shell extension 'powershell' for command environment: Not usable outside of PowerShell
[0.438s] DEBUG:colcon.colcon_core.shell:Skip shell extension 'dsv' for command environment
[0.449s] DEBUG:colcon.colcon_core.event_handler.log_command:Invoking command in '/home/robomealmate/robomealmate/build/serial': CMAKE_PREFIX_PATH=${CMAKE_PREFIX_PATH}:/opt/ros/foxy /usr/bin/cmake --build /home/robomealmate/robomealmate/build/serial -- -j8 -l8
[0.459s] DEBUG:colcon.colcon_core.event_handler.log_command:Invoking command in '/home/robomealmate/robomealmate/build/robomealmate': CMAKE_PREFIX_PATH=${CMAKE_PREFIX_PATH}:/opt/ros/foxy /usr/bin/cmake --build /home/robomealmate/robomealmate/build/robomealmate -- -j8 -l8
[0.498s] DEBUG:colcon.colcon_core.event_handler.log_command:Invoked command in '/home/robomealmate/robomealmate/build/robomealmate' returned '0': CMAKE_PREFIX_PATH=${CMAKE_PREFIX_PATH}:/opt/ros/foxy /usr/bin/cmake --build /home/robomealmate/robomealmate/build/robomealmate -- -j8 -l8
[0.514s] DEBUG:colcon.colcon_core.event_handler.log_command:Invoking command in '/home/robomealmate/robomealmate/build/robomealmate': CMAKE_PREFIX_PATH=${CMAKE_PREFIX_PATH}:/opt/ros/foxy /usr/bin/cmake --install /home/robomealmate/robomealmate/build/robomealmate
[0.548s] Level 1:colcon.colcon_core.environment:create_environment_scripts_only(robomealmate)
[0.549s] DEBUG:colcon.colcon_core.event_handler.log_command:Invoked command in '/home/robomealmate/robomealmate/build/robomealmate' returned '0': CMAKE_PREFIX_PATH=${CMAKE_PREFIX_PATH}:/opt/ros/foxy /usr/bin/cmake --install /home/robomealmate/robomealmate/build/robomealmate
[0.551s] Level 1:colcon.colcon_core.environment:checking '/home/robomealmate/robomealmate/install/robomealmate' for CMake module files
[0.551s] Level 1:colcon.colcon_core.environment:checking '/home/robomealmate/robomealmate/install/robomealmate' for CMake config files
[0.552s] Level 1:colcon.colcon_core.shell:create_environment_hook('robomealmate', 'cmake_prefix_path')
[0.552s] INFO:colcon.colcon_core.shell:Creating environment hook '/home/robomealmate/robomealmate/install/robomealmate/share/robomealmate/hook/cmake_prefix_path.ps1'
[0.553s] INFO:colcon.colcon_core.shell:Creating environment descriptor '/home/robomealmate/robomealmate/install/robomealmate/share/robomealmate/hook/cmake_prefix_path.dsv'
[0.553s] INFO:colcon.colcon_core.shell:Creating environment hook '/home/robomealmate/robomealmate/install/robomealmate/share/robomealmate/hook/cmake_prefix_path.sh'
[0.555s] Level 1:colcon.colcon_core.environment:checking '/home/robomealmate/robomealmate/install/robomealmate/bin'
[0.555s] Level 1:colcon.colcon_core.environment:checking '/home/robomealmate/robomealmate/install/robomealmate/lib/pkgconfig/robomealmate.pc'
[0.555s] Level 1:colcon.colcon_core.environment:checking '/home/robomealmate/robomealmate/install/robomealmate/lib/python3.8/site-packages'
[0.555s] Level 1:colcon.colcon_core.environment:checking '/home/robomealmate/robomealmate/install/robomealmate/bin'
[0.555s] INFO:colcon.colcon_core.shell:Creating package script '/home/robomealmate/robomealmate/install/robomealmate/share/robomealmate/package.ps1'
[0.556s] INFO:colcon.colcon_core.shell:Creating package descriptor '/home/robomealmate/robomealmate/install/robomealmate/share/robomealmate/package.dsv'
[0.557s] INFO:colcon.colcon_core.shell:Creating package script '/home/robomealmate/robomealmate/install/robomealmate/share/robomealmate/package.sh'
[0.558s] INFO:colcon.colcon_core.shell:Creating package script '/home/robomealmate/robomealmate/install/robomealmate/share/robomealmate/package.bash'
[0.558s] INFO:colcon.colcon_core.shell:Creating package script '/home/robomealmate/robomealmate/install/robomealmate/share/robomealmate/package.zsh'
[0.559s] Level 1:colcon.colcon_core.environment:create_file_with_runtime_dependencies(/home/robomealmate/robomealmate/install/robomealmate/share/colcon-core/packages/robomealmate)
[0.560s] Level 1:colcon.colcon_core.environment:create_environment_scripts_only(robomealmate)
[0.560s] Level 1:colcon.colcon_core.environment:checking '/home/robomealmate/robomealmate/install/robomealmate' for CMake module files
[0.560s] Level 1:colcon.colcon_core.environment:checking '/home/robomealmate/robomealmate/install/robomealmate' for CMake config files
[0.561s] Level 1:colcon.colcon_core.shell:create_environment_hook('robomealmate', 'cmake_prefix_path')
[0.561s] INFO:colcon.colcon_core.shell:Creating environment hook '/home/robomealmate/robomealmate/install/robomealmate/share/robomealmate/hook/cmake_prefix_path.ps1'
[0.561s] INFO:colcon.colcon_core.shell:Creating environment descriptor '/home/robomealmate/robomealmate/install/robomealmate/share/robomealmate/hook/cmake_prefix_path.dsv'
[0.562s] INFO:colcon.colcon_core.shell:Creating environment hook '/home/robomealmate/robomealmate/install/robomealmate/share/robomealmate/hook/cmake_prefix_path.sh'
[0.562s] Level 1:colcon.colcon_core.environment:checking '/home/robomealmate/robomealmate/install/robomealmate/bin'
[0.562s] Level 1:colcon.colcon_core.environment:checking '/home/robomealmate/robomealmate/install/robomealmate/lib/pkgconfig/robomealmate.pc'
[0.563s] Level 1:colcon.colcon_core.environment:checking '/home/robomealmate/robomealmate/install/robomealmate/lib/python3.8/site-packages'
[0.563s] Level 1:colcon.colcon_core.environment:checking '/home/robomealmate/robomealmate/install/robomealmate/bin'
[0.563s] INFO:colcon.colcon_core.shell:Creating package script '/home/robomealmate/robomealmate/install/robomealmate/share/robomealmate/package.ps1'
[0.563s] INFO:colcon.colcon_core.shell:Creating package descriptor '/home/robomealmate/robomealmate/install/robomealmate/share/robomealmate/package.dsv'
[0.564s] INFO:colcon.colcon_core.shell:Creating package script '/home/robomealmate/robomealmate/install/robomealmate/share/robomealmate/package.sh'
[0.564s] INFO:colcon.colcon_core.shell:Creating package script '/home/robomealmate/robomealmate/install/robomealmate/share/robomealmate/package.bash'
[0.565s] INFO:colcon.colcon_core.shell:Creating package script '/home/robomealmate/robomealmate/install/robomealmate/share/robomealmate/package.zsh'
[0.566s] Level 1:colcon.colcon_core.environment:create_file_with_runtime_dependencies(/home/robomealmate/robomealmate/install/robomealmate/share/colcon-core/packages/robomealmate)
[0.568s] DEBUG:colcon.colcon_core.event_handler.log_command:Invoked command in '/home/robomealmate/robomealmate/build/serial' returned '0': CMAKE_PREFIX_PATH=${CMAKE_PREFIX_PATH}:/opt/ros/foxy /usr/bin/cmake --build /home/robomealmate/robomealmate/build/serial -- -j8 -l8
[0.572s] DEBUG:colcon.colcon_core.event_handler.log_command:Invoking command in '/home/robomealmate/robomealmate/build/serial': CMAKE_PREFIX_PATH=${CMAKE_PREFIX_PATH}:/opt/ros/foxy /usr/bin/cmake --install /home/robomealmate/robomealmate/build/serial
[0.597s] Level 1:colcon.colcon_core.environment:create_environment_scripts_only(serial)
[0.598s] Level 1:colcon.colcon_core.environment:checking '/home/robomealmate/robomealmate/install/serial' for CMake module files
[0.598s] DEBUG:colcon.colcon_core.event_handler.log_command:Invoked command in '/home/robomealmate/robomealmate/build/serial' returned '0': CMAKE_PREFIX_PATH=${CMAKE_PREFIX_PATH}:/opt/ros/foxy /usr/bin/cmake --install /home/robomealmate/robomealmate/build/serial
[0.599s] Level 1:colcon.colcon_core.environment:checking '/home/robomealmate/robomealmate/install/serial' for CMake config files
[0.599s] Level 1:colcon.colcon_core.shell:create_environment_hook('serial', 'cmake_prefix_path')
[0.599s] INFO:colcon.colcon_core.shell:Creating environment hook '/home/robomealmate/robomealmate/install/serial/share/serial/hook/cmake_prefix_path.ps1'
[0.600s] INFO:colcon.colcon_core.shell:Creating environment descriptor '/home/robomealmate/robomealmate/install/serial/share/serial/hook/cmake_prefix_path.dsv'
[0.600s] INFO:colcon.colcon_core.shell:Creating environment hook '/home/robomealmate/robomealmate/install/serial/share/serial/hook/cmake_prefix_path.sh'
[0.601s] Level 1:colcon.colcon_core.environment:checking '/home/robomealmate/robomealmate/install/serial/lib'
[0.601s] Level 1:colcon.colcon_core.environment:checking '/home/robomealmate/robomealmate/install/serial/bin'
[0.601s] Level 1:colcon.colcon_core.environment:checking '/home/robomealmate/robomealmate/install/serial/lib/pkgconfig/serial.pc'
[0.601s] Level 1:colcon.colcon_core.environment:checking '/home/robomealmate/robomealmate/install/serial/lib/python3.8/site-packages'
[0.601s] Level 1:colcon.colcon_core.environment:checking '/home/robomealmate/robomealmate/install/serial/bin'
[0.602s] INFO:colcon.colcon_core.shell:Creating package script '/home/robomealmate/robomealmate/install/serial/share/serial/package.ps1'
[0.602s] INFO:colcon.colcon_core.shell:Creating package descriptor '/home/robomealmate/robomealmate/install/serial/share/serial/package.dsv'
[0.603s] INFO:colcon.colcon_core.shell:Creating package script '/home/robomealmate/robomealmate/install/serial/share/serial/package.sh'
[0.603s] INFO:colcon.colcon_core.shell:Creating package script '/home/robomealmate/robomealmate/install/serial/share/serial/package.bash'
[0.604s] INFO:colcon.colcon_core.shell:Creating package script '/home/robomealmate/robomealmate/install/serial/share/serial/package.zsh'
[0.604s] Level 1:colcon.colcon_core.environment:create_file_with_runtime_dependencies(/home/robomealmate/robomealmate/install/serial/share/colcon-core/packages/serial)
[0.605s] Level 1:colcon.colcon_core.environment:create_environment_scripts_only(serial)
[0.605s] Level 1:colcon.colcon_core.environment:checking '/home/robomealmate/robomealmate/install/serial' for CMake module files
[0.605s] Level 1:colcon.colcon_core.environment:checking '/home/robomealmate/robomealmate/install/serial' for CMake config files
[0.606s] Level 1:colcon.colcon_core.shell:create_environment_hook('serial', 'cmake_prefix_path')
[0.606s] INFO:colcon.colcon_core.shell:Creating environment hook '/home/robomealmate/robomealmate/install/serial/share/serial/hook/cmake_prefix_path.ps1'
[0.606s] INFO:colcon.colcon_core.shell:Creating environment descriptor '/home/robomealmate/robomealmate/install/serial/share/serial/hook/cmake_prefix_path.dsv'
[0.607s] INFO:colcon.colcon_core.shell:Creating environment hook '/home/robomealmate/robomealmate/install/serial/share/serial/hook/cmake_prefix_path.sh'
[0.607s] Level 1:colcon.colcon_core.environment:checking '/home/robomealmate/robomealmate/install/serial/lib'
[0.607s] Level 1:colcon.colcon_core.environment:checking '/home/robomealmate/robomealmate/install/serial/bin'
[0.607s] Level 1:colcon.colcon_core.environment:checking '/home/robomealmate/robomealmate/install/serial/lib/pkgconfig/serial.pc'
[0.608s] Level 1:colcon.colcon_core.environment:checking '/home/robomealmate/robomealmate/install/serial/lib/python3.8/site-packages'
[0.608s] Level 1:colcon.colcon_core.environment:checking '/home/robomealmate/robomealmate/install/serial/bin'
[0.608s] INFO:colcon.colcon_core.shell:Creating package script '/home/robomealmate/robomealmate/install/serial/share/serial/package.ps1'
[0.609s] INFO:colcon.colcon_core.shell:Creating package descriptor '/home/robomealmate/robomealmate/install/serial/share/serial/package.dsv'
[0.609s] INFO:colcon.colcon_core.shell:Creating package script '/home/robomealmate/robomealmate/install/serial/share/serial/package.sh'
[0.610s] INFO:colcon.colcon_core.shell:Creating package script '/home/robomealmate/robomealmate/install/serial/share/serial/package.bash'
[0.610s] INFO:colcon.colcon_core.shell:Creating package script '/home/robomealmate/robomealmate/install/serial/share/serial/package.zsh'
[0.611s] Level 1:colcon.colcon_core.environment:create_file_with_runtime_dependencies(/home/robomealmate/robomealmate/install/serial/share/colcon-core/packages/serial)
[0.611s] INFO:colcon.colcon_ros.task.ament_cmake.build:Building ROS package in '/home/robomealmate/robomealmate/src/diffdrive_arduino' with build type 'ament_cmake'
[0.611s] INFO:colcon.colcon_cmake.task.cmake.build:Building CMake package in '/home/robomealmate/robomealmate/src/diffdrive_arduino'
[0.612s] INFO:colcon.colcon_core.shell:Skip shell extension 'powershell' for command environment: Not usable outside of PowerShell
[0.612s] DEBUG:colcon.colcon_core.shell:Skip shell extension 'dsv' for command environment
[0.627s] DEBUG:colcon.colcon_core.event_handler.log_command:Invoking command in '/home/robomealmate/robomealmate/build/diffdrive_arduino': CMAKE_PREFIX_PATH=/home/robomealmate/robomealmate/install/serial:/home/robomealmate/robomealmate/install/diffdrive_arduino:/home/robomealmate/robomealmate/install/robomealmate:/opt/ros/foxy /usr/bin/cmake --build /home/robomealmate/robomealmate/build/diffdrive_arduino -- -j8 -l8
[2.503s] DEBUG:colcon.colcon_core.event_handler.log_command:Invoked command in '/home/robomealmate/robomealmate/build/diffdrive_arduino' returned '2': CMAKE_PREFIX_PATH=/home/robomealmate/robomealmate/install/serial:/home/robomealmate/robomealmate/install/diffdrive_arduino:/home/robomealmate/robomealmate/install/robomealmate:/opt/ros/foxy /usr/bin/cmake --build /home/robomealmate/robomealmate/build/diffdrive_arduino -- -j8 -l8
[2.503s] Level 1:colcon.colcon_core.environment:create_environment_scripts_only(diffdrive_arduino)
[2.504s] Level 1:colcon.colcon_core.environment:checking '/home/robomealmate/robomealmate/install/diffdrive_arduino' for CMake module files
[2.504s] Level 1:colcon.colcon_core.environment:checking '/home/robomealmate/robomealmate/install/diffdrive_arduino' for CMake config files
[2.504s] Level 1:colcon.colcon_core.shell:create_environment_hook('diffdrive_arduino', 'cmake_prefix_path')
[2.504s] INFO:colcon.colcon_core.shell:Creating environment hook '/home/robomealmate/robomealmate/install/diffdrive_arduino/share/diffdrive_arduino/hook/cmake_prefix_path.ps1'
[2.505s] INFO:colcon.colcon_core.shell:Creating environment descriptor '/home/robomealmate/robomealmate/install/diffdrive_arduino/share/diffdrive_arduino/hook/cmake_prefix_path.dsv'
[2.505s] INFO:colcon.colcon_core.shell:Creating environment hook '/home/robomealmate/robomealmate/install/diffdrive_arduino/share/diffdrive_arduino/hook/cmake_prefix_path.sh'
[2.506s] Level 1:colcon.colcon_core.environment:checking '/home/robomealmate/robomealmate/install/diffdrive_arduino/lib'
[2.506s] Level 1:colcon.colcon_core.shell:create_environment_hook('diffdrive_arduino', 'ld_library_path_lib')
[2.507s] INFO:colcon.colcon_core.shell:Creating environment hook '/home/robomealmate/robomealmate/install/diffdrive_arduino/share/diffdrive_arduino/hook/ld_library_path_lib.ps1'
[2.507s] INFO:colcon.colcon_core.shell:Creating environment descriptor '/home/robomealmate/robomealmate/install/diffdrive_arduino/share/diffdrive_arduino/hook/ld_library_path_lib.dsv'
[2.507s] INFO:colcon.colcon_core.shell:Creating environment hook '/home/robomealmate/robomealmate/install/diffdrive_arduino/share/diffdrive_arduino/hook/ld_library_path_lib.sh'
[2.508s] Level 1:colcon.colcon_core.environment:checking '/home/robomealmate/robomealmate/install/diffdrive_arduino/bin'
[2.508s] Level 1:colcon.colcon_core.environment:checking '/home/robomealmate/robomealmate/install/diffdrive_arduino/lib/pkgconfig/diffdrive_arduino.pc'
[2.508s] Level 1:colcon.colcon_core.environment:checking '/home/robomealmate/robomealmate/install/diffdrive_arduino/lib/python3.8/site-packages'
[2.508s] Level 1:colcon.colcon_core.environment:checking '/home/robomealmate/robomealmate/install/diffdrive_arduino/bin'
[2.509s] INFO:colcon.colcon_core.shell:Creating package script '/home/robomealmate/robomealmate/install/diffdrive_arduino/share/diffdrive_arduino/package.ps1'
[2.509s] INFO:colcon.colcon_core.shell:Creating package descriptor '/home/robomealmate/robomealmate/install/diffdrive_arduino/share/diffdrive_arduino/package.dsv'
[2.510s] INFO:colcon.colcon_core.shell:Creating package script '/home/robomealmate/robomealmate/install/diffdrive_arduino/share/diffdrive_arduino/package.sh'
[2.510s] INFO:colcon.colcon_core.shell:Creating package script '/home/robomealmate/robomealmate/install/diffdrive_arduino/share/diffdrive_arduino/package.bash'
[2.511s] INFO:colcon.colcon_core.shell:Creating package script '/home/robomealmate/robomealmate/install/diffdrive_arduino/share/diffdrive_arduino/package.zsh'
[2.511s] Level 1:colcon.colcon_core.environment:create_file_with_runtime_dependencies(/home/robomealmate/robomealmate/install/diffdrive_arduino/share/colcon-core/packages/diffdrive_arduino)
[2.522s] DEBUG:colcon.colcon_parallel_executor.executor.parallel:closing loop
[2.522s] DEBUG:colcon.colcon_parallel_executor.executor.parallel:loop closed
[2.522s] DEBUG:colcon.colcon_parallel_executor.executor.parallel:run_until_complete finished with '2'
[2.522s] DEBUG:colcon.colcon_core.event_reactor:joining thread
[2.528s] INFO:colcon.colcon_core.plugin_system:Skipping extension 'colcon_notification.desktop_notification.terminal_notifier': Not used on non-Darwin systems
[2.529s] INFO:colcon.colcon_core.plugin_system:Skipping extension 'colcon_notification.desktop_notification.win32': Not used on non-Windows systems
[2.529s] INFO:colcon.colcon_notification.desktop_notification:Sending desktop notification using 'notify2'
[2.658s] DEBUG:colcon.colcon_core.event_reactor:joined thread
[2.658s] INFO:colcon.colcon_core.shell:Creating prefix script '/home/robomealmate/robomealmate/install/local_setup.ps1'
[2.659s] INFO:colcon.colcon_core.shell:Creating prefix util module '/home/robomealmate/robomealmate/install/_local_setup_util_ps1.py'
[2.660s] INFO:colcon.colcon_core.shell:Creating prefix chain script '/home/robomealmate/robomealmate/install/setup.ps1'
[2.661s] INFO:colcon.colcon_core.shell:Creating prefix script '/home/robomealmate/robomealmate/install/local_setup.sh'
[2.662s] INFO:colcon.colcon_core.shell:Creating prefix util module '/home/robomealmate/robomealmate/install/_local_setup_util_sh.py'
[2.663s] INFO:colcon.colcon_core.shell:Creating prefix chain script '/home/robomealmate/robomealmate/install/setup.sh'
[2.664s] INFO:colcon.colcon_core.shell:Creating prefix script '/home/robomealmate/robomealmate/install/local_setup.bash'
[2.664s] INFO:colcon.colcon_core.shell:Creating prefix chain script '/home/robomealmate/robomealmate/install/setup.bash'
[2.666s] INFO:colcon.colcon_core.shell:Creating prefix script '/home/robomealmate/robomealmate/install/local_setup.zsh'
[2.666s] INFO:colcon.colcon_core.shell:Creating prefix chain script '/home/robomealmate/robomealmate/install/setup.zsh'
