[0.301s] Invoking command in '/home/robomealmate/robomealmate/build/gazebo_ros2_control': CMAKE_PREFIX_PATH=${CMAKE_PREFIX_PATH}:/opt/ros/foxy /usr/bin/cmake --build /home/robomealmate/robomealmate/build/gazebo_ros2_control -- -j4 -l4
[1.634s] [ 50%] Built target gazebo_hardware_plugins
[1.765s] [100%] Built target gazebo_ros2_control
[2.081s] Invoked command in '/home/robomealmate/robomealmate/build/gazebo_ros2_control' returned '0': CMAKE_PREFIX_PATH=${CMAKE_PREFIX_PATH}:/opt/ros/foxy /usr/bin/cmake --build /home/robomealmate/robomealmate/build/gazebo_ros2_control -- -j4 -l4
[2.102s] Invoking command in '/home/robomealmate/robomealmate/build/gazebo_ros2_control': CMAKE_PREFIX_PATH=${CMAKE_PREFIX_PATH}:/opt/ros/foxy /usr/bin/cmake --install /home/robomealmate/robomealmate/build/gazebo_ros2_control
[2.183s] -- Install configuration: ""
[2.198s] -- Execute custom install script
[2.218s] -- Up-to-date symlink: /home/robomealmate/robomealmate/install/gazebo_ros2_control/lib/libgazebo_ros2_control.so
[2.222s] -- Up-to-date symlink: /home/robomealmate/robomealmate/install/gazebo_ros2_control/lib/libgazebo_hardware_plugins.so
[2.229s] -- Up-to-date symlink: /home/robomealmate/robomealmate/install/gazebo_ros2_control/share/gazebo_ros2_control/environment/library_path.sh
[2.232s] -- Up-to-date symlink: /home/robomealmate/robomealmate/install/gazebo_ros2_control/share/gazebo_ros2_control/environment/library_path.dsv
[2.245s] -- Up-to-date symlink: /home/robomealmate/robomealmate/install/gazebo_ros2_control/include/gazebo_ros2_control/gazebo_ros2_control_plugin.hpp
[2.264s] -- Up-to-date symlink: /home/robomealmate/robomealmate/install/gazebo_ros2_control/include/gazebo_ros2_control/gazebo_system.hpp
[2.267s] -- Up-to-date symlink: /home/robomealmate/robomealmate/install/gazebo_ros2_control/include/gazebo_ros2_control/gazebo_system_interface.hpp
[2.273s] -- Up-to-date symlink: /home/robomealmate/robomealmate/install/gazebo_ros2_control/share/gazebo_ros2_control//gazebo_hardware_plugins.xml
[2.278s] -- Up-to-date symlink: /home/robomealmate/robomealmate/install/gazebo_ros2_control/share/ament_index/resource_index/package_run_dependencies/gazebo_ros2_control
[2.309s] -- Up-to-date symlink: /home/robomealmate/robomealmate/install/gazebo_ros2_control/share/ament_index/resource_index/parent_prefix_path/gazebo_ros2_control
[2.319s] -- Up-to-date symlink: /home/robomealmate/robomealmate/install/gazebo_ros2_control/share/gazebo_ros2_control/environment/ament_prefix_path.sh
[2.322s] -- Up-to-date symlink: /home/robomealmate/robomealmate/install/gazebo_ros2_control/share/gazebo_ros2_control/environment/ament_prefix_path.dsv
[2.326s] -- Up-to-date symlink: /home/robomealmate/robomealmate/install/gazebo_ros2_control/share/gazebo_ros2_control/environment/path.sh
[2.329s] -- Up-to-date symlink: /home/robomealmate/robomealmate/install/gazebo_ros2_control/share/gazebo_ros2_control/environment/path.dsv
[2.342s] -- Up-to-date symlink: /home/robomealmate/robomealmate/install/gazebo_ros2_control/share/gazebo_ros2_control/local_setup.bash
[2.362s] -- Up-to-date symlink: /home/robomealmate/robomealmate/install/gazebo_ros2_control/share/gazebo_ros2_control/local_setup.sh
[2.363s] -- Up-to-date symlink: /home/robomealmate/robomealmate/install/gazebo_ros2_control/share/gazebo_ros2_control/local_setup.zsh
[2.374s] -- Up-to-date symlink: /home/robomealmate/robomealmate/install/gazebo_ros2_control/share/gazebo_ros2_control/local_setup.dsv
[2.375s] -- Symlinking: /home/robomealmate/robomealmate/install/gazebo_ros2_control/share/gazebo_ros2_control/package.dsv
[2.466s] -- Up-to-date symlink: /home/robomealmate/robomealmate/install/gazebo_ros2_control/share/ament_index/resource_index/packages/gazebo_ros2_control
[2.471s] -- Up-to-date symlink: /home/robomealmate/robomealmate/install/gazebo_ros2_control/share/ament_index/resource_index/gazebo_ros2_control__pluginlib__plugin/gazebo_ros2_control
[2.474s] -- Up-to-date symlink: /home/robomealmate/robomealmate/install/gazebo_ros2_control/share/gazebo_ros2_control/cmake/ament_cmake_export_include_directories-extras.cmake
[2.483s] -- Up-to-date symlink: /home/robomealmate/robomealmate/install/gazebo_ros2_control/share/gazebo_ros2_control/cmake/ament_cmake_export_dependencies-extras.cmake
[2.489s] -- Up-to-date symlink: /home/robomealmate/robomealmate/install/gazebo_ros2_control/share/gazebo_ros2_control/cmake/ament_cmake_export_libraries-extras.cmake
[2.504s] -- Up-to-date symlink: /home/robomealmate/robomealmate/install/gazebo_ros2_control/share/gazebo_ros2_control/cmake/gazebo_ros2_controlConfig.cmake
[2.509s] -- Up-to-date symlink: /home/robomealmate/robomealmate/install/gazebo_ros2_control/share/gazebo_ros2_control/cmake/gazebo_ros2_controlConfig-version.cmake
[2.512s] -- Up-to-date symlink: /home/robomealmate/robomealmate/install/gazebo_ros2_control/share/gazebo_ros2_control/package.xml
[2.530s] Invoked command in '/home/robomealmate/robomealmate/build/gazebo_ros2_control' returned '0': CMAKE_PREFIX_PATH=${CMAKE_PREFIX_PATH}:/opt/ros/foxy /usr/bin/cmake --install /home/robomealmate/robomealmate/build/gazebo_ros2_control
