[0.153s] Invoking command in '/home/robomealmate/robomealmate/build/robomealmate': CMAKE_PREFIX_PATH=/opt/ros/foxy /usr/bin/cmake --build /home/robomealmate/robomealmate/build/robomealmate -- -j4 -l4
[0.386s] Invoked command in '/home/robomealmate/robomealmate/build/robomealmate' returned '0': CMAKE_PREFIX_PATH=/opt/ros/foxy /usr/bin/cmake --build /home/robomealmate/robomealmate/build/robomealmate -- -j4 -l4
[0.448s] Invoking command in '/home/robomealmate/robomealmate/build/robomealmate': CMAKE_PREFIX_PATH=/opt/ros/foxy /usr/bin/cmake --install /home/robomealmate/robomealmate/build/robomealmate
[0.488s] -- Install configuration: ""
[0.489s] -- Up-to-date: /home/robomealmate/robomealmate/install/robomealmate/share/robomealmate/config
[0.490s] -- Up-to-date: /home/robomealmate/robomealmate/install/robomealmate/share/robomealmate/config/mapper_params_online_async.yaml
[0.491s] -- Up-to-date: /home/robomealmate/robomealmate/install/robomealmate/share/robomealmate/config/empty.yaml
[0.493s] -- Up-to-date: /home/robomealmate/robomealmate/install/robomealmate/share/robomealmate/config/controller.yaml
[0.494s] -- Up-to-date: /home/robomealmate/robomealmate/install/robomealmate/share/robomealmate/description
[0.498s] -- Up-to-date: /home/robomealmate/robomealmate/install/robomealmate/share/robomealmate/description/gazebo_controller.xacro
[0.500s] -- Up-to-date: /home/robomealmate/robomealmate/install/robomealmate/share/robomealmate/description/inertial_macros.xacro
[0.503s] -- Up-to-date: /home/robomealmate/robomealmate/install/robomealmate/share/robomealmate/description/robot_core.xacro
[0.505s] -- Up-to-date: /home/robomealmate/robomealmate/install/robomealmate/share/robomealmate/description/robot.urdf.xacro
[0.507s] -- Up-to-date: /home/robomealmate/robomealmate/install/robomealmate/share/robomealmate/description/camera.xacro
[0.509s] -- Up-to-date: /home/robomealmate/robomealmate/install/robomealmate/share/robomealmate/description/lidar.xacro
[0.511s] -- Up-to-date: /home/robomealmate/robomealmate/install/robomealmate/share/robomealmate/description/ros2_controller.xacro
[0.512s] -- Up-to-date: /home/robomealmate/robomealmate/install/robomealmate/share/robomealmate/launch
[0.513s] -- Up-to-date: /home/robomealmate/robomealmate/install/robomealmate/share/robomealmate/launch/camera.launch.py
[0.514s] -- Up-to-date: /home/robomealmate/robomealmate/install/robomealmate/share/robomealmate/launch/rsp.launch.py
[0.516s] -- Up-to-date: /home/robomealmate/robomealmate/install/robomealmate/share/robomealmate/launch/robot.launch.py
[0.519s] -- Up-to-date: /home/robomealmate/robomealmate/install/robomealmate/share/robomealmate/launch/simulation.launch.py
[0.520s] -- Up-to-date: /home/robomealmate/robomealmate/install/robomealmate/share/robomealmate/launch/lidar.launch.py
[0.520s] -- Up-to-date: /home/robomealmate/robomealmate/install/robomealmate/share/robomealmate/worlds
[0.522s] -- Up-to-date: /home/robomealmate/robomealmate/install/robomealmate/share/robomealmate/worlds/empty.world
[0.522s] -- Up-to-date: /home/robomealmate/robomealmate/install/robomealmate/share/robomealmate/worlds/tables.world
[0.522s] -- Up-to-date: /home/robomealmate/robomealmate/install/robomealmate/share/ament_index/resource_index/package_run_dependencies/robomealmate
[0.523s] -- Up-to-date: /home/robomealmate/robomealmate/install/robomealmate/share/ament_index/resource_index/parent_prefix_path/robomealmate
[0.523s] -- Up-to-date: /home/robomealmate/robomealmate/install/robomealmate/share/robomealmate/environment/ament_prefix_path.sh
[0.524s] -- Up-to-date: /home/robomealmate/robomealmate/install/robomealmate/share/robomealmate/environment/ament_prefix_path.dsv
[0.525s] -- Up-to-date: /home/robomealmate/robomealmate/install/robomealmate/share/robomealmate/environment/path.sh
[0.526s] -- Up-to-date: /home/robomealmate/robomealmate/install/robomealmate/share/robomealmate/environment/path.dsv
[0.526s] -- Up-to-date: /home/robomealmate/robomealmate/install/robomealmate/share/robomealmate/local_setup.bash
[0.527s] -- Up-to-date: /home/robomealmate/robomealmate/install/robomealmate/share/robomealmate/local_setup.sh
[0.528s] -- Up-to-date: /home/robomealmate/robomealmate/install/robomealmate/share/robomealmate/local_setup.zsh
[0.529s] -- Up-to-date: /home/robomealmate/robomealmate/install/robomealmate/share/robomealmate/local_setup.dsv
[0.529s] -- Up-to-date: /home/robomealmate/robomealmate/install/robomealmate/share/robomealmate/package.dsv
[0.530s] -- Up-to-date: /home/robomealmate/robomealmate/install/robomealmate/share/ament_index/resource_index/packages/robomealmate
[0.531s] -- Up-to-date: /home/robomealmate/robomealmate/install/robomealmate/share/robomealmate/cmake/robomealmateConfig.cmake
[0.532s] -- Up-to-date: /home/robomealmate/robomealmate/install/robomealmate/share/robomealmate/cmake/robomealmateConfig-version.cmake
[0.532s] -- Up-to-date: /home/robomealmate/robomealmate/install/robomealmate/share/robomealmate/package.xml
[0.534s] Invoked command in '/home/robomealmate/robomealmate/build/robomealmate' returned '0': CMAKE_PREFIX_PATH=/opt/ros/foxy /usr/bin/cmake --install /home/robomealmate/robomealmate/build/robomealmate
