[0.178s] DEBUG:colcon:Command line arguments: ['/usr/bin/colcon', 'build', '--symlink-install']
[0.178s] DEBUG:colcon:Parsed command line arguments: Namespace(allow_overriding=[], ament_cmake_args=None, base_paths=['.'], build_base='build', catkin_cmake_args=None, catkin_skip_building_tests=False, cmake_args=None, cmake_clean_cache=False, cmake_clean_first=False, cmake_force_configure=False, cmake_target=None, cmake_target_skip_unavailable=False, continue_on_error=False, event_handlers=None, executor='parallel', ignore_user_meta=False, install_base='install', log_base=None, log_level=None, main=<bound method BuildVerb.main of <colcon_core.verb.build.BuildVerb object at 0x7f7db6654e80>>, merge_install=False, metas=['./colcon.meta'], mixin=None, mixin_files=None, mixin_verb=('build',), packages_above=None, packages_above_and_dependencies=None, packages_above_depth=None, packages_end=None, packages_ignore=None, packages_ignore_regex=None, packages_select=None, packages_select_build_failed=False, packages_select_by_dep=None, packages_select_regex=None, packages_select_test_failures=False, packages_skip=None, packages_skip_build_finished=False, packages_skip_by_dep=None, packages_skip_regex=None, packages_skip_test_passed=False, packages_skip_up_to=None, packages_start=None, packages_up_to=None, packages_up_to_regex=None, parallel_workers=8, paths=None, symlink_install=True, test_result_base=None, verb_extension=<colcon_core.verb.build.BuildVerb object at 0x7f7db6654e80>, verb_name='build', verb_parser=<colcon_mixin.mixin.mixin_argument.MixinArgumentDecorator object at 0x7f7db65b7490>)
[0.309s] Level 1:colcon.colcon_core.package_discovery:discover_packages(colcon_meta) check parameters
[0.309s] Level 1:colcon.colcon_core.package_discovery:discover_packages(recursive) check parameters
[0.310s] Level 1:colcon.colcon_core.package_discovery:discover_packages(ignore) check parameters
[0.310s] Level 1:colcon.colcon_core.package_discovery:discover_packages(path) check parameters
[0.310s] Level 1:colcon.colcon_core.package_discovery:discover_packages(colcon_meta) discover
[0.310s] Level 1:colcon.colcon_core.package_discovery:discover_packages(recursive) discover
[0.310s] INFO:colcon.colcon_core.package_discovery:Crawling recursively for packages in '/home/robomealmate/robomealmate'
[0.310s] Level 1:colcon.colcon_core.package_identification:_identify(.) by extensions ['ignore', 'ignore_ament_install']
[0.310s] Level 1:colcon.colcon_core.package_identification:_identify(.) by extension 'ignore'
[0.310s] Level 1:colcon.colcon_core.package_identification:_identify(.) by extension 'ignore_ament_install'
[0.310s] Level 1:colcon.colcon_core.package_identification:_identify(.) by extensions ['colcon_pkg']
[0.310s] Level 1:colcon.colcon_core.package_identification:_identify(.) by extension 'colcon_pkg'
[0.310s] Level 1:colcon.colcon_core.package_identification:_identify(.) by extensions ['colcon_meta']
[0.310s] Level 1:colcon.colcon_core.package_identification:_identify(.) by extension 'colcon_meta'
[0.310s] Level 1:colcon.colcon_core.package_identification:_identify(.) by extensions ['ros']
[0.310s] Level 1:colcon.colcon_core.package_identification:_identify(.) by extension 'ros'
[0.322s] Level 1:colcon.colcon_core.package_identification:_identify(.) by extensions ['cmake', 'python']
[0.322s] Level 1:colcon.colcon_core.package_identification:_identify(.) by extension 'cmake'
[0.322s] Level 1:colcon.colcon_core.package_identification:_identify(.) by extension 'python'
[0.322s] Level 1:colcon.colcon_core.package_identification:_identify(.) by extensions ['python_setup_py']
[0.322s] Level 1:colcon.colcon_core.package_identification:_identify(.) by extension 'python_setup_py'
[0.322s] Level 1:colcon.colcon_core.package_identification:_identify(build) by extensions ['ignore', 'ignore_ament_install']
[0.322s] Level 1:colcon.colcon_core.package_identification:_identify(build) by extension 'ignore'
[0.322s] Level 1:colcon.colcon_core.package_identification:_identify(build) ignored
[0.322s] Level 1:colcon.colcon_core.package_identification:_identify(install) by extensions ['ignore', 'ignore_ament_install']
[0.322s] Level 1:colcon.colcon_core.package_identification:_identify(install) by extension 'ignore'
[0.322s] Level 1:colcon.colcon_core.package_identification:_identify(install) ignored
[0.323s] Level 1:colcon.colcon_core.package_identification:_identify(log) by extensions ['ignore', 'ignore_ament_install']
[0.323s] Level 1:colcon.colcon_core.package_identification:_identify(log) by extension 'ignore'
[0.323s] Level 1:colcon.colcon_core.package_identification:_identify(log) ignored
[0.323s] Level 1:colcon.colcon_core.package_identification:_identify(src) by extensions ['ignore', 'ignore_ament_install']
[0.323s] Level 1:colcon.colcon_core.package_identification:_identify(src) by extension 'ignore'
[0.323s] Level 1:colcon.colcon_core.package_identification:_identify(src) by extension 'ignore_ament_install'
[0.323s] Level 1:colcon.colcon_core.package_identification:_identify(src) by extensions ['colcon_pkg']
[0.323s] Level 1:colcon.colcon_core.package_identification:_identify(src) by extension 'colcon_pkg'
[0.323s] Level 1:colcon.colcon_core.package_identification:_identify(src) by extensions ['colcon_meta']
[0.323s] Level 1:colcon.colcon_core.package_identification:_identify(src) by extension 'colcon_meta'
[0.323s] Level 1:colcon.colcon_core.package_identification:_identify(src) by extensions ['ros']
[0.323s] Level 1:colcon.colcon_core.package_identification:_identify(src) by extension 'ros'
[0.323s] Level 1:colcon.colcon_core.package_identification:_identify(src) by extensions ['cmake', 'python']
[0.323s] Level 1:colcon.colcon_core.package_identification:_identify(src) by extension 'cmake'
[0.323s] Level 1:colcon.colcon_core.package_identification:_identify(src) by extension 'python'
[0.323s] Level 1:colcon.colcon_core.package_identification:_identify(src) by extensions ['python_setup_py']
[0.323s] Level 1:colcon.colcon_core.package_identification:_identify(src) by extension 'python_setup_py'
[0.324s] Level 1:colcon.colcon_core.package_identification:_identify(src/diffdrive_arduino) by extensions ['ignore', 'ignore_ament_install']
[0.324s] Level 1:colcon.colcon_core.package_identification:_identify(src/diffdrive_arduino) by extension 'ignore'
[0.324s] Level 1:colcon.colcon_core.package_identification:_identify(src/diffdrive_arduino) by extension 'ignore_ament_install'
[0.324s] Level 1:colcon.colcon_core.package_identification:_identify(src/diffdrive_arduino) by extensions ['colcon_pkg']
[0.324s] Level 1:colcon.colcon_core.package_identification:_identify(src/diffdrive_arduino) by extension 'colcon_pkg'
[0.324s] Level 1:colcon.colcon_core.package_identification:_identify(src/diffdrive_arduino) by extensions ['colcon_meta']
[0.324s] Level 1:colcon.colcon_core.package_identification:_identify(src/diffdrive_arduino) by extension 'colcon_meta'
[0.324s] Level 1:colcon.colcon_core.package_identification:_identify(src/diffdrive_arduino) by extensions ['ros']
[0.324s] Level 1:colcon.colcon_core.package_identification:_identify(src/diffdrive_arduino) by extension 'ros'
[0.326s] DEBUG:colcon.colcon_core.package_identification:Package 'src/diffdrive_arduino' with type 'ros.ament_cmake' and name 'diffdrive_arduino'
[0.326s] Level 1:colcon.colcon_core.package_identification:_identify(src/robomealmate) by extensions ['ignore', 'ignore_ament_install']
[0.326s] Level 1:colcon.colcon_core.package_identification:_identify(src/robomealmate) by extension 'ignore'
[0.326s] Level 1:colcon.colcon_core.package_identification:_identify(src/robomealmate) by extension 'ignore_ament_install'
[0.326s] Level 1:colcon.colcon_core.package_identification:_identify(src/robomealmate) by extensions ['colcon_pkg']
[0.326s] Level 1:colcon.colcon_core.package_identification:_identify(src/robomealmate) by extension 'colcon_pkg'
[0.327s] Level 1:colcon.colcon_core.package_identification:_identify(src/robomealmate) by extensions ['colcon_meta']
[0.327s] Level 1:colcon.colcon_core.package_identification:_identify(src/robomealmate) by extension 'colcon_meta'
[0.327s] Level 1:colcon.colcon_core.package_identification:_identify(src/robomealmate) by extensions ['ros']
[0.327s] Level 1:colcon.colcon_core.package_identification:_identify(src/robomealmate) by extension 'ros'
[0.327s] DEBUG:colcon.colcon_core.package_identification:Package 'src/robomealmate' with type 'ros.ament_cmake' and name 'robomealmate'
[0.327s] Level 1:colcon.colcon_core.package_identification:_identify(src/serial) by extensions ['ignore', 'ignore_ament_install']
[0.327s] Level 1:colcon.colcon_core.package_identification:_identify(src/serial) by extension 'ignore'
[0.327s] Level 1:colcon.colcon_core.package_identification:_identify(src/serial) by extension 'ignore_ament_install'
[0.327s] Level 1:colcon.colcon_core.package_identification:_identify(src/serial) by extensions ['colcon_pkg']
[0.327s] Level 1:colcon.colcon_core.package_identification:_identify(src/serial) by extension 'colcon_pkg'
[0.328s] Level 1:colcon.colcon_core.package_identification:_identify(src/serial) by extensions ['colcon_meta']
[0.328s] Level 1:colcon.colcon_core.package_identification:_identify(src/serial) by extension 'colcon_meta'
[0.328s] Level 1:colcon.colcon_core.package_identification:_identify(src/serial) by extensions ['ros']
[0.328s] Level 1:colcon.colcon_core.package_identification:_identify(src/serial) by extension 'ros'
[0.328s] DEBUG:colcon.colcon_core.package_identification:Package 'src/serial' with type 'ros.ament_cmake' and name 'serial'
[0.328s] Level 1:colcon.colcon_core.package_discovery:discover_packages(recursive) using defaults
[0.328s] Level 1:colcon.colcon_core.package_discovery:discover_packages(ignore) discover
[0.328s] Level 1:colcon.colcon_core.package_discovery:discover_packages(ignore) using defaults
[0.328s] Level 1:colcon.colcon_core.package_discovery:discover_packages(path) discover
[0.328s] Level 1:colcon.colcon_core.package_discovery:discover_packages(path) using defaults
[0.342s] Level 1:colcon.colcon_core.package_discovery:discover_packages(prefix_path) check parameters
[0.342s] Level 1:colcon.colcon_core.package_discovery:discover_packages(prefix_path) discover
[0.345s] DEBUG:colcon.colcon_installed_package_information.package_discovery:Found 3 installed packages in /home/robomealmate/robomealmate/install
[0.346s] DEBUG:colcon.colcon_installed_package_information.package_discovery:Found 287 installed packages in /opt/ros/foxy
[0.348s] Level 1:colcon.colcon_core.package_discovery:discover_packages(prefix_path) using defaults
[0.412s] Level 5:colcon.colcon_core.verb:set package 'robomealmate' build argument 'cmake_args' from command line to 'None'
[0.412s] Level 5:colcon.colcon_core.verb:set package 'robomealmate' build argument 'cmake_target' from command line to 'None'
[0.412s] Level 5:colcon.colcon_core.verb:set package 'robomealmate' build argument 'cmake_target_skip_unavailable' from command line to 'False'
[0.412s] Level 5:colcon.colcon_core.verb:set package 'robomealmate' build argument 'cmake_clean_cache' from command line to 'False'
[0.412s] Level 5:colcon.colcon_core.verb:set package 'robomealmate' build argument 'cmake_clean_first' from command line to 'False'
[0.412s] Level 5:colcon.colcon_core.verb:set package 'robomealmate' build argument 'cmake_force_configure' from command line to 'False'
[0.412s] Level 5:colcon.colcon_core.verb:set package 'robomealmate' build argument 'ament_cmake_args' from command line to 'None'
[0.412s] Level 5:colcon.colcon_core.verb:set package 'robomealmate' build argument 'catkin_cmake_args' from command line to 'None'
[0.412s] Level 5:colcon.colcon_core.verb:set package 'robomealmate' build argument 'catkin_skip_building_tests' from command line to 'False'
[0.412s] DEBUG:colcon.colcon_core.verb:Building package 'robomealmate' with the following arguments: {'ament_cmake_args': None, 'build_base': '/home/robomealmate/robomealmate/build/robomealmate', 'catkin_cmake_args': None, 'catkin_skip_building_tests': False, 'cmake_args': None, 'cmake_clean_cache': False, 'cmake_clean_first': False, 'cmake_force_configure': False, 'cmake_target': None, 'cmake_target_skip_unavailable': False, 'install_base': '/home/robomealmate/robomealmate/install/robomealmate', 'merge_install': False, 'path': '/home/robomealmate/robomealmate/src/robomealmate', 'symlink_install': True, 'test_result_base': None}
[0.412s] Level 5:colcon.colcon_core.verb:set package 'serial' build argument 'cmake_args' from command line to 'None'
[0.412s] Level 5:colcon.colcon_core.verb:set package 'serial' build argument 'cmake_target' from command line to 'None'
[0.412s] Level 5:colcon.colcon_core.verb:set package 'serial' build argument 'cmake_target_skip_unavailable' from command line to 'False'
[0.412s] Level 5:colcon.colcon_core.verb:set package 'serial' build argument 'cmake_clean_cache' from command line to 'False'
[0.412s] Level 5:colcon.colcon_core.verb:set package 'serial' build argument 'cmake_clean_first' from command line to 'False'
[0.412s] Level 5:colcon.colcon_core.verb:set package 'serial' build argument 'cmake_force_configure' from command line to 'False'
[0.412s] Level 5:colcon.colcon_core.verb:set package 'serial' build argument 'ament_cmake_args' from command line to 'None'
[0.412s] Level 5:colcon.colcon_core.verb:set package 'serial' build argument 'catkin_cmake_args' from command line to 'None'
[0.412s] Level 5:colcon.colcon_core.verb:set package 'serial' build argument 'catkin_skip_building_tests' from command line to 'False'
[0.412s] DEBUG:colcon.colcon_core.verb:Building package 'serial' with the following arguments: {'ament_cmake_args': None, 'build_base': '/home/robomealmate/robomealmate/build/serial', 'catkin_cmake_args': None, 'catkin_skip_building_tests': False, 'cmake_args': None, 'cmake_clean_cache': False, 'cmake_clean_first': False, 'cmake_force_configure': False, 'cmake_target': None, 'cmake_target_skip_unavailable': False, 'install_base': '/home/robomealmate/robomealmate/install/serial', 'merge_install': False, 'path': '/home/robomealmate/robomealmate/src/serial', 'symlink_install': True, 'test_result_base': None}
[0.413s] Level 5:colcon.colcon_core.verb:set package 'diffdrive_arduino' build argument 'cmake_args' from command line to 'None'
[0.413s] Level 5:colcon.colcon_core.verb:set package 'diffdrive_arduino' build argument 'cmake_target' from command line to 'None'
[0.413s] Level 5:colcon.colcon_core.verb:set package 'diffdrive_arduino' build argument 'cmake_target_skip_unavailable' from command line to 'False'
[0.413s] Level 5:colcon.colcon_core.verb:set package 'diffdrive_arduino' build argument 'cmake_clean_cache' from command line to 'False'
[0.413s] Level 5:colcon.colcon_core.verb:set package 'diffdrive_arduino' build argument 'cmake_clean_first' from command line to 'False'
[0.413s] Level 5:colcon.colcon_core.verb:set package 'diffdrive_arduino' build argument 'cmake_force_configure' from command line to 'False'
[0.413s] Level 5:colcon.colcon_core.verb:set package 'diffdrive_arduino' build argument 'ament_cmake_args' from command line to 'None'
[0.413s] Level 5:colcon.colcon_core.verb:set package 'diffdrive_arduino' build argument 'catkin_cmake_args' from command line to 'None'
[0.413s] Level 5:colcon.colcon_core.verb:set package 'diffdrive_arduino' build argument 'catkin_skip_building_tests' from command line to 'False'
[0.413s] DEBUG:colcon.colcon_core.verb:Building package 'diffdrive_arduino' with the following arguments: {'ament_cmake_args': None, 'build_base': '/home/robomealmate/robomealmate/build/diffdrive_arduino', 'catkin_cmake_args': None, 'catkin_skip_building_tests': False, 'cmake_args': None, 'cmake_clean_cache': False, 'cmake_clean_first': False, 'cmake_force_configure': False, 'cmake_target': None, 'cmake_target_skip_unavailable': False, 'install_base': '/home/robomealmate/robomealmate/install/diffdrive_arduino', 'merge_install': False, 'path': '/home/robomealmate/robomealmate/src/diffdrive_arduino', 'symlink_install': True, 'test_result_base': None}
[0.413s] INFO:colcon.colcon_core.executor:Executing jobs using 'parallel' executor
[0.414s] DEBUG:colcon.colcon_parallel_executor.executor.parallel:run_until_complete
[0.414s] INFO:colcon.colcon_ros.task.ament_cmake.build:Building ROS package in '/home/robomealmate/robomealmate/src/serial' with build type 'ament_cmake'
[0.414s] INFO:colcon.colcon_cmake.task.cmake.build:Building CMake package in '/home/robomealmate/robomealmate/src/serial'
[0.418s] INFO:colcon.colcon_core.plugin_system:Skipping extension 'colcon_core.shell.bat': Not used on non-Windows systems
[0.418s] INFO:colcon.colcon_core.shell:Skip shell extension 'powershell' for command environment: Not usable outside of PowerShell
[0.418s] DEBUG:colcon.colcon_core.shell:Skip shell extension 'dsv' for command environment
[0.423s] INFO:colcon.colcon_ros.task.ament_cmake.build:Building ROS package in '/home/robomealmate/robomealmate/src/robomealmate' with build type 'ament_cmake'
[0.423s] INFO:colcon.colcon_cmake.task.cmake.build:Building CMake package in '/home/robomealmate/robomealmate/src/robomealmate'
[0.423s] INFO:colcon.colcon_core.shell:Skip shell extension 'powershell' for command environment: Not usable outside of PowerShell
[0.424s] DEBUG:colcon.colcon_core.shell:Skip shell extension 'dsv' for command environment
[0.439s] DEBUG:colcon.colcon_core.event_handler.log_command:Invoking command in '/home/robomealmate/robomealmate/build/serial': CMAKE_PREFIX_PATH=${CMAKE_PREFIX_PATH}:/opt/ros/foxy /usr/bin/cmake --build /home/robomealmate/robomealmate/build/serial -- -j8 -l8
[0.448s] DEBUG:colcon.colcon_core.event_handler.log_command:Invoking command in '/home/robomealmate/robomealmate/build/robomealmate': CMAKE_PREFIX_PATH=${CMAKE_PREFIX_PATH}:/opt/ros/foxy /usr/bin/cmake --build /home/robomealmate/robomealmate/build/robomealmate -- -j8 -l8
[0.498s] DEBUG:colcon.colcon_core.event_handler.log_command:Invoked command in '/home/robomealmate/robomealmate/build/robomealmate' returned '0': CMAKE_PREFIX_PATH=${CMAKE_PREFIX_PATH}:/opt/ros/foxy /usr/bin/cmake --build /home/robomealmate/robomealmate/build/robomealmate -- -j8 -l8
[0.513s] DEBUG:colcon.colcon_core.event_handler.log_command:Invoking command in '/home/robomealmate/robomealmate/build/robomealmate': CMAKE_PREFIX_PATH=${CMAKE_PREFIX_PATH}:/opt/ros/foxy /usr/bin/cmake --install /home/robomealmate/robomealmate/build/robomealmate
[0.540s] Level 1:colcon.colcon_core.environment:create_environment_scripts_only(robomealmate)
[0.540s] DEBUG:colcon.colcon_core.event_handler.log_command:Invoked command in '/home/robomealmate/robomealmate/build/robomealmate' returned '0': CMAKE_PREFIX_PATH=${CMAKE_PREFIX_PATH}:/opt/ros/foxy /usr/bin/cmake --install /home/robomealmate/robomealmate/build/robomealmate
[0.544s] Level 1:colcon.colcon_core.environment:checking '/home/robomealmate/robomealmate/install/robomealmate' for CMake module files
[0.544s] Level 1:colcon.colcon_core.environment:checking '/home/robomealmate/robomealmate/install/robomealmate' for CMake config files
[0.545s] Level 1:colcon.colcon_core.shell:create_environment_hook('robomealmate', 'cmake_prefix_path')
[0.545s] INFO:colcon.colcon_core.shell:Creating environment hook '/home/robomealmate/robomealmate/install/robomealmate/share/robomealmate/hook/cmake_prefix_path.ps1'
[0.546s] INFO:colcon.colcon_core.shell:Creating environment descriptor '/home/robomealmate/robomealmate/install/robomealmate/share/robomealmate/hook/cmake_prefix_path.dsv'
[0.546s] INFO:colcon.colcon_core.shell:Creating environment hook '/home/robomealmate/robomealmate/install/robomealmate/share/robomealmate/hook/cmake_prefix_path.sh'
[0.547s] Level 1:colcon.colcon_core.environment:checking '/home/robomealmate/robomealmate/install/robomealmate/bin'
[0.547s] Level 1:colcon.colcon_core.environment:checking '/home/robomealmate/robomealmate/install/robomealmate/lib/pkgconfig/robomealmate.pc'
[0.547s] Level 1:colcon.colcon_core.environment:checking '/home/robomealmate/robomealmate/install/robomealmate/lib/python3.8/site-packages'
[0.548s] Level 1:colcon.colcon_core.environment:checking '/home/robomealmate/robomealmate/install/robomealmate/bin'
[0.548s] INFO:colcon.colcon_core.shell:Creating package script '/home/robomealmate/robomealmate/install/robomealmate/share/robomealmate/package.ps1'
[0.549s] INFO:colcon.colcon_core.shell:Creating package descriptor '/home/robomealmate/robomealmate/install/robomealmate/share/robomealmate/package.dsv'
[0.549s] INFO:colcon.colcon_core.shell:Creating package script '/home/robomealmate/robomealmate/install/robomealmate/share/robomealmate/package.sh'
[0.550s] INFO:colcon.colcon_core.shell:Creating package script '/home/robomealmate/robomealmate/install/robomealmate/share/robomealmate/package.bash'
[0.551s] INFO:colcon.colcon_core.shell:Creating package script '/home/robomealmate/robomealmate/install/robomealmate/share/robomealmate/package.zsh'
[0.552s] Level 1:colcon.colcon_core.environment:create_file_with_runtime_dependencies(/home/robomealmate/robomealmate/install/robomealmate/share/colcon-core/packages/robomealmate)
[0.552s] Level 1:colcon.colcon_core.environment:create_environment_scripts_only(robomealmate)
[0.552s] Level 1:colcon.colcon_core.environment:checking '/home/robomealmate/robomealmate/install/robomealmate' for CMake module files
[0.553s] Level 1:colcon.colcon_core.environment:checking '/home/robomealmate/robomealmate/install/robomealmate' for CMake config files
[0.553s] Level 1:colcon.colcon_core.shell:create_environment_hook('robomealmate', 'cmake_prefix_path')
[0.553s] INFO:colcon.colcon_core.shell:Creating environment hook '/home/robomealmate/robomealmate/install/robomealmate/share/robomealmate/hook/cmake_prefix_path.ps1'
[0.553s] INFO:colcon.colcon_core.shell:Creating environment descriptor '/home/robomealmate/robomealmate/install/robomealmate/share/robomealmate/hook/cmake_prefix_path.dsv'
[0.554s] INFO:colcon.colcon_core.shell:Creating environment hook '/home/robomealmate/robomealmate/install/robomealmate/share/robomealmate/hook/cmake_prefix_path.sh'
[0.554s] Level 1:colcon.colcon_core.environment:checking '/home/robomealmate/robomealmate/install/robomealmate/bin'
[0.554s] Level 1:colcon.colcon_core.environment:checking '/home/robomealmate/robomealmate/install/robomealmate/lib/pkgconfig/robomealmate.pc'
[0.554s] Level 1:colcon.colcon_core.environment:checking '/home/robomealmate/robomealmate/install/robomealmate/lib/python3.8/site-packages'
[0.555s] Level 1:colcon.colcon_core.environment:checking '/home/robomealmate/robomealmate/install/robomealmate/bin'
[0.555s] INFO:colcon.colcon_core.shell:Creating package script '/home/robomealmate/robomealmate/install/robomealmate/share/robomealmate/package.ps1'
[0.555s] INFO:colcon.colcon_core.shell:Creating package descriptor '/home/robomealmate/robomealmate/install/robomealmate/share/robomealmate/package.dsv'
[0.556s] INFO:colcon.colcon_core.shell:Creating package script '/home/robomealmate/robomealmate/install/robomealmate/share/robomealmate/package.sh'
[0.556s] INFO:colcon.colcon_core.shell:Creating package script '/home/robomealmate/robomealmate/install/robomealmate/share/robomealmate/package.bash'
[0.557s] INFO:colcon.colcon_core.shell:Creating package script '/home/robomealmate/robomealmate/install/robomealmate/share/robomealmate/package.zsh'
[0.557s] Level 1:colcon.colcon_core.environment:create_file_with_runtime_dependencies(/home/robomealmate/robomealmate/install/robomealmate/share/colcon-core/packages/robomealmate)
[0.560s] DEBUG:colcon.colcon_core.event_handler.log_command:Invoked command in '/home/robomealmate/robomealmate/build/serial' returned '0': CMAKE_PREFIX_PATH=${CMAKE_PREFIX_PATH}:/opt/ros/foxy /usr/bin/cmake --build /home/robomealmate/robomealmate/build/serial -- -j8 -l8
[0.561s] DEBUG:colcon.colcon_core.event_handler.log_command:Invoking command in '/home/robomealmate/robomealmate/build/serial': CMAKE_PREFIX_PATH=${CMAKE_PREFIX_PATH}:/opt/ros/foxy /usr/bin/cmake --install /home/robomealmate/robomealmate/build/serial
[0.588s] Level 1:colcon.colcon_core.environment:create_environment_scripts_only(serial)
[0.589s] Level 1:colcon.colcon_core.environment:checking '/home/robomealmate/robomealmate/install/serial' for CMake module files
[0.589s] DEBUG:colcon.colcon_core.event_handler.log_command:Invoked command in '/home/robomealmate/robomealmate/build/serial' returned '0': CMAKE_PREFIX_PATH=${CMAKE_PREFIX_PATH}:/opt/ros/foxy /usr/bin/cmake --install /home/robomealmate/robomealmate/build/serial
[0.590s] Level 1:colcon.colcon_core.environment:checking '/home/robomealmate/robomealmate/install/serial' for CMake config files
[0.590s] Level 1:colcon.colcon_core.shell:create_environment_hook('serial', 'cmake_prefix_path')
[0.591s] INFO:colcon.colcon_core.shell:Creating environment hook '/home/robomealmate/robomealmate/install/serial/share/serial/hook/cmake_prefix_path.ps1'
[0.591s] INFO:colcon.colcon_core.shell:Creating environment descriptor '/home/robomealmate/robomealmate/install/serial/share/serial/hook/cmake_prefix_path.dsv'
[0.592s] INFO:colcon.colcon_core.shell:Creating environment hook '/home/robomealmate/robomealmate/install/serial/share/serial/hook/cmake_prefix_path.sh'
[0.592s] Level 1:colcon.colcon_core.environment:checking '/home/robomealmate/robomealmate/install/serial/lib'
[0.592s] Level 1:colcon.colcon_core.environment:checking '/home/robomealmate/robomealmate/install/serial/bin'
[0.593s] Level 1:colcon.colcon_core.environment:checking '/home/robomealmate/robomealmate/install/serial/lib/pkgconfig/serial.pc'
[0.593s] Level 1:colcon.colcon_core.environment:checking '/home/robomealmate/robomealmate/install/serial/lib/python3.8/site-packages'
[0.593s] Level 1:colcon.colcon_core.environment:checking '/home/robomealmate/robomealmate/install/serial/bin'
[0.593s] INFO:colcon.colcon_core.shell:Creating package script '/home/robomealmate/robomealmate/install/serial/share/serial/package.ps1'
[0.594s] INFO:colcon.colcon_core.shell:Creating package descriptor '/home/robomealmate/robomealmate/install/serial/share/serial/package.dsv'
[0.594s] INFO:colcon.colcon_core.shell:Creating package script '/home/robomealmate/robomealmate/install/serial/share/serial/package.sh'
[0.595s] INFO:colcon.colcon_core.shell:Creating package script '/home/robomealmate/robomealmate/install/serial/share/serial/package.bash'
[0.595s] INFO:colcon.colcon_core.shell:Creating package script '/home/robomealmate/robomealmate/install/serial/share/serial/package.zsh'
[0.596s] Level 1:colcon.colcon_core.environment:create_file_with_runtime_dependencies(/home/robomealmate/robomealmate/install/serial/share/colcon-core/packages/serial)
[0.596s] Level 1:colcon.colcon_core.environment:create_environment_scripts_only(serial)
[0.596s] Level 1:colcon.colcon_core.environment:checking '/home/robomealmate/robomealmate/install/serial' for CMake module files
[0.597s] Level 1:colcon.colcon_core.environment:checking '/home/robomealmate/robomealmate/install/serial' for CMake config files
[0.597s] Level 1:colcon.colcon_core.shell:create_environment_hook('serial', 'cmake_prefix_path')
[0.597s] INFO:colcon.colcon_core.shell:Creating environment hook '/home/robomealmate/robomealmate/install/serial/share/serial/hook/cmake_prefix_path.ps1'
[0.597s] INFO:colcon.colcon_core.shell:Creating environment descriptor '/home/robomealmate/robomealmate/install/serial/share/serial/hook/cmake_prefix_path.dsv'
[0.598s] INFO:colcon.colcon_core.shell:Creating environment hook '/home/robomealmate/robomealmate/install/serial/share/serial/hook/cmake_prefix_path.sh'
[0.598s] Level 1:colcon.colcon_core.environment:checking '/home/robomealmate/robomealmate/install/serial/lib'
[0.598s] Level 1:colcon.colcon_core.environment:checking '/home/robomealmate/robomealmate/install/serial/bin'
[0.598s] Level 1:colcon.colcon_core.environment:checking '/home/robomealmate/robomealmate/install/serial/lib/pkgconfig/serial.pc'
[0.599s] Level 1:colcon.colcon_core.environment:checking '/home/robomealmate/robomealmate/install/serial/lib/python3.8/site-packages'
[0.599s] Level 1:colcon.colcon_core.environment:checking '/home/robomealmate/robomealmate/install/serial/bin'
[0.599s] INFO:colcon.colcon_core.shell:Creating package script '/home/robomealmate/robomealmate/install/serial/share/serial/package.ps1'
[0.599s] INFO:colcon.colcon_core.shell:Creating package descriptor '/home/robomealmate/robomealmate/install/serial/share/serial/package.dsv'
[0.600s] INFO:colcon.colcon_core.shell:Creating package script '/home/robomealmate/robomealmate/install/serial/share/serial/package.sh'
[0.600s] INFO:colcon.colcon_core.shell:Creating package script '/home/robomealmate/robomealmate/install/serial/share/serial/package.bash'
[0.601s] INFO:colcon.colcon_core.shell:Creating package script '/home/robomealmate/robomealmate/install/serial/share/serial/package.zsh'
[0.601s] Level 1:colcon.colcon_core.environment:create_file_with_runtime_dependencies(/home/robomealmate/robomealmate/install/serial/share/colcon-core/packages/serial)
[0.602s] INFO:colcon.colcon_ros.task.ament_cmake.build:Building ROS package in '/home/robomealmate/robomealmate/src/diffdrive_arduino' with build type 'ament_cmake'
[0.602s] INFO:colcon.colcon_cmake.task.cmake.build:Building CMake package in '/home/robomealmate/robomealmate/src/diffdrive_arduino'
[0.602s] INFO:colcon.colcon_core.shell:Skip shell extension 'powershell' for command environment: Not usable outside of PowerShell
[0.602s] DEBUG:colcon.colcon_core.shell:Skip shell extension 'dsv' for command environment
[0.618s] DEBUG:colcon.colcon_core.event_handler.log_command:Invoking command in '/home/robomealmate/robomealmate/build/diffdrive_arduino': CMAKE_PREFIX_PATH=/home/robomealmate/robomealmate/install/serial:/home/robomealmate/robomealmate/install/diffdrive_arduino:/home/robomealmate/robomealmate/install/robomealmate:/opt/ros/foxy /usr/bin/cmake --build /home/robomealmate/robomealmate/build/diffdrive_arduino -- -j8 -l8
[3.290s] DEBUG:colcon.colcon_core.event_handler.log_command:Invoked command in '/home/robomealmate/robomealmate/build/diffdrive_arduino' returned '0': CMAKE_PREFIX_PATH=/home/robomealmate/robomealmate/install/serial:/home/robomealmate/robomealmate/install/diffdrive_arduino:/home/robomealmate/robomealmate/install/robomealmate:/opt/ros/foxy /usr/bin/cmake --build /home/robomealmate/robomealmate/build/diffdrive_arduino -- -j8 -l8
[3.294s] DEBUG:colcon.colcon_core.event_handler.log_command:Invoking command in '/home/robomealmate/robomealmate/build/diffdrive_arduino': CMAKE_PREFIX_PATH=/home/robomealmate/robomealmate/install/serial:/home/robomealmate/robomealmate/install/diffdrive_arduino:/home/robomealmate/robomealmate/install/robomealmate:/opt/ros/foxy /usr/bin/cmake --install /home/robomealmate/robomealmate/build/diffdrive_arduino
[3.324s] Level 1:colcon.colcon_core.environment:create_environment_scripts_only(diffdrive_arduino)
[3.324s] Level 1:colcon.colcon_core.environment:checking '/home/robomealmate/robomealmate/install/diffdrive_arduino' for CMake module files
[3.325s] DEBUG:colcon.colcon_core.event_handler.log_command:Invoked command in '/home/robomealmate/robomealmate/build/diffdrive_arduino' returned '0': CMAKE_PREFIX_PATH=/home/robomealmate/robomealmate/install/serial:/home/robomealmate/robomealmate/install/diffdrive_arduino:/home/robomealmate/robomealmate/install/robomealmate:/opt/ros/foxy /usr/bin/cmake --install /home/robomealmate/robomealmate/build/diffdrive_arduino
[3.325s] Level 1:colcon.colcon_core.environment:checking '/home/robomealmate/robomealmate/install/diffdrive_arduino' for CMake config files
[3.326s] Level 1:colcon.colcon_core.shell:create_environment_hook('diffdrive_arduino', 'cmake_prefix_path')
[3.326s] INFO:colcon.colcon_core.shell:Creating environment hook '/home/robomealmate/robomealmate/install/diffdrive_arduino/share/diffdrive_arduino/hook/cmake_prefix_path.ps1'
[3.327s] INFO:colcon.colcon_core.shell:Creating environment descriptor '/home/robomealmate/robomealmate/install/diffdrive_arduino/share/diffdrive_arduino/hook/cmake_prefix_path.dsv'
[3.327s] INFO:colcon.colcon_core.shell:Creating environment hook '/home/robomealmate/robomealmate/install/diffdrive_arduino/share/diffdrive_arduino/hook/cmake_prefix_path.sh'
[3.328s] Level 1:colcon.colcon_core.environment:checking '/home/robomealmate/robomealmate/install/diffdrive_arduino/lib'
[3.328s] Level 1:colcon.colcon_core.shell:create_environment_hook('diffdrive_arduino', 'ld_library_path_lib')
[3.328s] INFO:colcon.colcon_core.shell:Creating environment hook '/home/robomealmate/robomealmate/install/diffdrive_arduino/share/diffdrive_arduino/hook/ld_library_path_lib.ps1'
[3.329s] INFO:colcon.colcon_core.shell:Creating environment descriptor '/home/robomealmate/robomealmate/install/diffdrive_arduino/share/diffdrive_arduino/hook/ld_library_path_lib.dsv'
[3.329s] INFO:colcon.colcon_core.shell:Creating environment hook '/home/robomealmate/robomealmate/install/diffdrive_arduino/share/diffdrive_arduino/hook/ld_library_path_lib.sh'
[3.330s] Level 1:colcon.colcon_core.environment:checking '/home/robomealmate/robomealmate/install/diffdrive_arduino/bin'
[3.330s] Level 1:colcon.colcon_core.environment:checking '/home/robomealmate/robomealmate/install/diffdrive_arduino/lib/pkgconfig/diffdrive_arduino.pc'
[3.330s] Level 1:colcon.colcon_core.environment:checking '/home/robomealmate/robomealmate/install/diffdrive_arduino/lib/python3.8/site-packages'
[3.331s] Level 1:colcon.colcon_core.environment:checking '/home/robomealmate/robomealmate/install/diffdrive_arduino/bin'
[3.331s] INFO:colcon.colcon_core.shell:Creating package script '/home/robomealmate/robomealmate/install/diffdrive_arduino/share/diffdrive_arduino/package.ps1'
[3.331s] INFO:colcon.colcon_core.shell:Creating package descriptor '/home/robomealmate/robomealmate/install/diffdrive_arduino/share/diffdrive_arduino/package.dsv'
[3.332s] INFO:colcon.colcon_core.shell:Creating package script '/home/robomealmate/robomealmate/install/diffdrive_arduino/share/diffdrive_arduino/package.sh'
[3.332s] INFO:colcon.colcon_core.shell:Creating package script '/home/robomealmate/robomealmate/install/diffdrive_arduino/share/diffdrive_arduino/package.bash'
[3.333s] INFO:colcon.colcon_core.shell:Creating package script '/home/robomealmate/robomealmate/install/diffdrive_arduino/share/diffdrive_arduino/package.zsh'
[3.333s] Level 1:colcon.colcon_core.environment:create_file_with_runtime_dependencies(/home/robomealmate/robomealmate/install/diffdrive_arduino/share/colcon-core/packages/diffdrive_arduino)
[3.334s] Level 1:colcon.colcon_core.environment:create_environment_scripts_only(diffdrive_arduino)
[3.334s] Level 1:colcon.colcon_core.environment:checking '/home/robomealmate/robomealmate/install/diffdrive_arduino' for CMake module files
[3.335s] Level 1:colcon.colcon_core.environment:checking '/home/robomealmate/robomealmate/install/diffdrive_arduino' for CMake config files
[3.335s] Level 1:colcon.colcon_core.shell:create_environment_hook('diffdrive_arduino', 'cmake_prefix_path')
[3.335s] INFO:colcon.colcon_core.shell:Creating environment hook '/home/robomealmate/robomealmate/install/diffdrive_arduino/share/diffdrive_arduino/hook/cmake_prefix_path.ps1'
[3.336s] INFO:colcon.colcon_core.shell:Creating environment descriptor '/home/robomealmate/robomealmate/install/diffdrive_arduino/share/diffdrive_arduino/hook/cmake_prefix_path.dsv'
[3.336s] INFO:colcon.colcon_core.shell:Creating environment hook '/home/robomealmate/robomealmate/install/diffdrive_arduino/share/diffdrive_arduino/hook/cmake_prefix_path.sh'
[3.336s] Level 1:colcon.colcon_core.environment:checking '/home/robomealmate/robomealmate/install/diffdrive_arduino/lib'
[3.337s] Level 1:colcon.colcon_core.shell:create_environment_hook('diffdrive_arduino', 'ld_library_path_lib')
[3.337s] INFO:colcon.colcon_core.shell:Creating environment hook '/home/robomealmate/robomealmate/install/diffdrive_arduino/share/diffdrive_arduino/hook/ld_library_path_lib.ps1'
[3.337s] INFO:colcon.colcon_core.shell:Creating environment descriptor '/home/robomealmate/robomealmate/install/diffdrive_arduino/share/diffdrive_arduino/hook/ld_library_path_lib.dsv'
[3.337s] INFO:colcon.colcon_core.shell:Creating environment hook '/home/robomealmate/robomealmate/install/diffdrive_arduino/share/diffdrive_arduino/hook/ld_library_path_lib.sh'
[3.338s] Level 1:colcon.colcon_core.environment:checking '/home/robomealmate/robomealmate/install/diffdrive_arduino/bin'
[3.338s] Level 1:colcon.colcon_core.environment:checking '/home/robomealmate/robomealmate/install/diffdrive_arduino/lib/pkgconfig/diffdrive_arduino.pc'
[3.338s] Level 1:colcon.colcon_core.environment:checking '/home/robomealmate/robomealmate/install/diffdrive_arduino/lib/python3.8/site-packages'
[3.338s] Level 1:colcon.colcon_core.environment:checking '/home/robomealmate/robomealmate/install/diffdrive_arduino/bin'
[3.338s] INFO:colcon.colcon_core.shell:Creating package script '/home/robomealmate/robomealmate/install/diffdrive_arduino/share/diffdrive_arduino/package.ps1'
[3.339s] INFO:colcon.colcon_core.shell:Creating package descriptor '/home/robomealmate/robomealmate/install/diffdrive_arduino/share/diffdrive_arduino/package.dsv'
[3.339s] INFO:colcon.colcon_core.shell:Creating package script '/home/robomealmate/robomealmate/install/diffdrive_arduino/share/diffdrive_arduino/package.sh'
[3.340s] INFO:colcon.colcon_core.shell:Creating package script '/home/robomealmate/robomealmate/install/diffdrive_arduino/share/diffdrive_arduino/package.bash'
[3.340s] INFO:colcon.colcon_core.shell:Creating package script '/home/robomealmate/robomealmate/install/diffdrive_arduino/share/diffdrive_arduino/package.zsh'
[3.341s] Level 1:colcon.colcon_core.environment:create_file_with_runtime_dependencies(/home/robomealmate/robomealmate/install/diffdrive_arduino/share/colcon-core/packages/diffdrive_arduino)
[3.341s] DEBUG:colcon.colcon_parallel_executor.executor.parallel:closing loop
[3.341s] DEBUG:colcon.colcon_parallel_executor.executor.parallel:loop closed
[3.341s] DEBUG:colcon.colcon_parallel_executor.executor.parallel:run_until_complete finished with '0'
[3.341s] DEBUG:colcon.colcon_core.event_reactor:joining thread
[3.350s] INFO:colcon.colcon_core.plugin_system:Skipping extension 'colcon_notification.desktop_notification.terminal_notifier': Not used on non-Darwin systems
[3.350s] INFO:colcon.colcon_core.plugin_system:Skipping extension 'colcon_notification.desktop_notification.win32': Not used on non-Windows systems
[3.350s] INFO:colcon.colcon_notification.desktop_notification:Sending desktop notification using 'notify2'
[3.471s] DEBUG:colcon.colcon_core.event_reactor:joined thread
[3.471s] INFO:colcon.colcon_core.shell:Creating prefix script '/home/robomealmate/robomealmate/install/local_setup.ps1'
[3.472s] INFO:colcon.colcon_core.shell:Creating prefix util module '/home/robomealmate/robomealmate/install/_local_setup_util_ps1.py'
[3.473s] INFO:colcon.colcon_core.shell:Creating prefix chain script '/home/robomealmate/robomealmate/install/setup.ps1'
[3.475s] INFO:colcon.colcon_core.shell:Creating prefix script '/home/robomealmate/robomealmate/install/local_setup.sh'
[3.475s] INFO:colcon.colcon_core.shell:Creating prefix util module '/home/robomealmate/robomealmate/install/_local_setup_util_sh.py'
[3.476s] INFO:colcon.colcon_core.shell:Creating prefix chain script '/home/robomealmate/robomealmate/install/setup.sh'
[3.477s] INFO:colcon.colcon_core.shell:Creating prefix script '/home/robomealmate/robomealmate/install/local_setup.bash'
[3.478s] INFO:colcon.colcon_core.shell:Creating prefix chain script '/home/robomealmate/robomealmate/install/setup.bash'
[3.479s] INFO:colcon.colcon_core.shell:Creating prefix script '/home/robomealmate/robomealmate/install/local_setup.zsh'
[3.479s] INFO:colcon.colcon_core.shell:Creating prefix chain script '/home/robomealmate/robomealmate/install/setup.zsh'
