[0.021s] Invoking command in '/home/robomealmate/robomealmate/build/robomealmate': CMAKE_PREFIX_PATH=/opt/ros/foxy /usr/bin/cmake --build /home/robomealmate/robomealmate/build/robomealmate -- -j8 -l8
[0.045s] -- Found ament_cmake: 0.9.12 (/opt/ros/foxy/share/ament_cmake/cmake)
[0.073s] -- Using PYTHON_EXECUTABLE: /usr/bin/python3
[0.241s] -- Override CMake install command with custom implementation using symlinks instead of copying resources
[0.249s] -- Found ament_lint_auto: 0.9.8 (/opt/ros/foxy/share/ament_lint_auto/cmake)
[0.313s] -- Added test 'copyright' to check source files copyright and LICENSE
[0.314s] -- Added test 'flake8' to check Python code syntax and style conventions
[0.315s] -- Added test 'lint_cmake' to check CMake code style
[0.315s] -- Added test 'pep257' to check Python code against some of the style conventions in PEP 257
[0.316s] -- Added test 'xmllint' to check XML markup files
[0.318s] -- Configuring done
[0.322s] -- Generating done
[0.324s] -- Build files have been written to: /home/robomealmate/robomealmate/build/robomealmate
[0.345s] Invoked command in '/home/robomealmate/robomealmate/build/robomealmate' returned '0': CMAKE_PREFIX_PATH=/opt/ros/foxy /usr/bin/cmake --build /home/robomealmate/robomealmate/build/robomealmate -- -j8 -l8
[0.349s] Invoking command in '/home/robomealmate/robomealmate/build/robomealmate': CMAKE_PREFIX_PATH=/opt/ros/foxy /usr/bin/cmake --install /home/robomealmate/robomealmate/build/robomealmate
[0.358s] -- Install configuration: ""
[0.358s] -- Execute custom install script
[0.358s] -- Up-to-date symlink: /home/robomealmate/robomealmate/install/robomealmate/share/robomealmate/config/controller.yaml
[0.359s] -- Up-to-date symlink: /home/robomealmate/robomealmate/install/robomealmate/share/robomealmate/config/empty.yaml
[0.359s] -- Up-to-date symlink: /home/robomealmate/robomealmate/install/robomealmate/share/robomealmate/description/gazebo_controller.xacro
[0.359s] -- Up-to-date symlink: /home/robomealmate/robomealmate/install/robomealmate/share/robomealmate/description/inertial_macros.xacro
[0.359s] -- Up-to-date symlink: /home/robomealmate/robomealmate/install/robomealmate/share/robomealmate/description/lidar.xacro
[0.359s] -- Up-to-date symlink: /home/robomealmate/robomealmate/install/robomealmate/share/robomealmate/description/robot.urdf.xacro
[0.360s] -- Up-to-date symlink: /home/robomealmate/robomealmate/install/robomealmate/share/robomealmate/description/robot_core.xacro
[0.361s] -- Up-to-date symlink: /home/robomealmate/robomealmate/install/robomealmate/share/robomealmate/description/ros2_controller.xacro
[0.361s] -- Up-to-date symlink: /home/robomealmate/robomealmate/install/robomealmate/share/robomealmate/launch/robot.launch.py
[0.361s] -- Up-to-date symlink: /home/robomealmate/robomealmate/install/robomealmate/share/robomealmate/launch/rsp.launch.py
[0.361s] -- Up-to-date symlink: /home/robomealmate/robomealmate/install/robomealmate/share/robomealmate/launch/simulation.launch.py
[0.362s] -- Up-to-date symlink: /home/robomealmate/robomealmate/install/robomealmate/share/robomealmate/worlds/empty.world
[0.362s] -- Up-to-date symlink: /home/robomealmate/robomealmate/install/robomealmate/share/ament_index/resource_index/package_run_dependencies/robomealmate
[0.362s] -- Up-to-date symlink: /home/robomealmate/robomealmate/install/robomealmate/share/ament_index/resource_index/parent_prefix_path/robomealmate
[0.362s] -- Up-to-date symlink: /home/robomealmate/robomealmate/install/robomealmate/share/robomealmate/environment/ament_prefix_path.sh
[0.362s] -- Up-to-date symlink: /home/robomealmate/robomealmate/install/robomealmate/share/robomealmate/environment/ament_prefix_path.dsv
[0.362s] -- Up-to-date symlink: /home/robomealmate/robomealmate/install/robomealmate/share/robomealmate/environment/path.sh
[0.363s] -- Up-to-date symlink: /home/robomealmate/robomealmate/install/robomealmate/share/robomealmate/environment/path.dsv
[0.363s] -- Up-to-date symlink: /home/robomealmate/robomealmate/install/robomealmate/share/robomealmate/local_setup.bash
[0.363s] -- Up-to-date symlink: /home/robomealmate/robomealmate/install/robomealmate/share/robomealmate/local_setup.sh
[0.364s] -- Up-to-date symlink: /home/robomealmate/robomealmate/install/robomealmate/share/robomealmate/local_setup.zsh
[0.364s] -- Up-to-date symlink: /home/robomealmate/robomealmate/install/robomealmate/share/robomealmate/local_setup.dsv
[0.364s] -- Symlinking: /home/robomealmate/robomealmate/install/robomealmate/share/robomealmate/package.dsv
[0.375s] -- Up-to-date symlink: /home/robomealmate/robomealmate/install/robomealmate/share/ament_index/resource_index/packages/robomealmate
[0.375s] -- Up-to-date symlink: /home/robomealmate/robomealmate/install/robomealmate/share/robomealmate/cmake/robomealmateConfig.cmake
[0.375s] -- Up-to-date symlink: /home/robomealmate/robomealmate/install/robomealmate/share/robomealmate/cmake/robomealmateConfig-version.cmake
[0.376s] -- Up-to-date symlink: /home/robomealmate/robomealmate/install/robomealmate/share/robomealmate/package.xml
[0.378s] Invoked command in '/home/robomealmate/robomealmate/build/robomealmate' returned '0': CMAKE_PREFIX_PATH=/opt/ros/foxy /usr/bin/cmake --install /home/robomealmate/robomealmate/build/robomealmate
