[0.184s] Invoking command in '/home/robomealmate/robomealmate/build/rplidar_ros': CMAKE_PREFIX_PATH=/opt/ros/foxy /usr/bin/cmake --build /home/robomealmate/robomealmate/build/rplidar_ros -- -j4 -l4
[0.839s] [ 47%] Built target rplidar_composition
[0.858s] [ 94%] Built target rplidar_node
[0.869s] [100%] Built target rplidar_client
[1.043s] Invoked command in '/home/robomealmate/robomealmate/build/rplidar_ros' returned '0': CMAKE_PREFIX_PATH=/opt/ros/foxy /usr/bin/cmake --build /home/robomealmate/robomealmate/build/rplidar_ros -- -j4 -l4
[1.058s] Invoking command in '/home/robomealmate/robomealmate/build/rplidar_ros': CMAKE_PREFIX_PATH=/opt/ros/foxy /usr/bin/cmake --install /home/robomealmate/robomealmate/build/rplidar_ros
[1.103s] -- Install configuration: ""
[1.106s] -- Execute custom install script
[1.110s] -- Up-to-date symlink: /home/robomealmate/robomealmate/install/rplidar_ros/share/rplidar_ros/launch/rplidar_a1_launch.py
[1.114s] -- Up-to-date symlink: /home/robomealmate/robomealmate/install/rplidar_ros/share/rplidar_ros/launch/rplidar_a2m12_launch.py
[1.115s] -- Up-to-date symlink: /home/robomealmate/robomealmate/install/rplidar_ros/share/rplidar_ros/launch/rplidar_a2m7_launch.py
[1.115s] -- Up-to-date symlink: /home/robomealmate/robomealmate/install/rplidar_ros/share/rplidar_ros/launch/rplidar_a2m8_launch.py
[1.116s] -- Up-to-date symlink: /home/robomealmate/robomealmate/install/rplidar_ros/share/rplidar_ros/launch/rplidar_a3_launch.py
[1.118s] -- Up-to-date symlink: /home/robomealmate/robomealmate/install/rplidar_ros/share/rplidar_ros/launch/rplidar_c1_launch.py
[1.118s] -- Up-to-date symlink: /home/robomealmate/robomealmate/install/rplidar_ros/share/rplidar_ros/launch/rplidar_s1_launch.py
[1.119s] -- Up-to-date symlink: /home/robomealmate/robomealmate/install/rplidar_ros/share/rplidar_ros/launch/rplidar_s1_tcp_launch.py
[1.120s] -- Up-to-date symlink: /home/robomealmate/robomealmate/install/rplidar_ros/share/rplidar_ros/launch/rplidar_s2_launch.py
[1.129s] -- Up-to-date symlink: /home/robomealmate/robomealmate/install/rplidar_ros/share/rplidar_ros/launch/rplidar_s2e_launch.py
[1.129s] -- Up-to-date symlink: /home/robomealmate/robomealmate/install/rplidar_ros/share/rplidar_ros/launch/rplidar_s3_launch.py
[1.130s] -- Up-to-date symlink: /home/robomealmate/robomealmate/install/rplidar_ros/share/rplidar_ros/launch/rplidar_t1_launch.py
[1.130s] -- Up-to-date symlink: /home/robomealmate/robomealmate/install/rplidar_ros/share/rplidar_ros/launch/view_rplidar_a1_launch.py
[1.131s] -- Up-to-date symlink: /home/robomealmate/robomealmate/install/rplidar_ros/share/rplidar_ros/launch/view_rplidar_a2m12_launch.py
[1.132s] -- Up-to-date symlink: /home/robomealmate/robomealmate/install/rplidar_ros/share/rplidar_ros/launch/view_rplidar_a2m7_launch.py
[1.133s] -- Up-to-date symlink: /home/robomealmate/robomealmate/install/rplidar_ros/share/rplidar_ros/launch/view_rplidar_a2m8_launch.py
[1.134s] -- Up-to-date symlink: /home/robomealmate/robomealmate/install/rplidar_ros/share/rplidar_ros/launch/view_rplidar_a3_launch.py
[1.137s] -- Up-to-date symlink: /home/robomealmate/robomealmate/install/rplidar_ros/share/rplidar_ros/launch/view_rplidar_c1_launch.py
[1.137s] -- Up-to-date symlink: /home/robomealmate/robomealmate/install/rplidar_ros/share/rplidar_ros/launch/view_rplidar_s1_launch.py
[1.140s] -- Up-to-date symlink: /home/robomealmate/robomealmate/install/rplidar_ros/share/rplidar_ros/launch/view_rplidar_s1_tcp_launch.py
[1.141s] -- Up-to-date symlink: /home/robomealmate/robomealmate/install/rplidar_ros/share/rplidar_ros/launch/view_rplidar_s2_launch.py
[1.142s] -- Up-to-date symlink: /home/robomealmate/robomealmate/install/rplidar_ros/share/rplidar_ros/launch/view_rplidar_s2e_launch.py
[1.143s] -- Up-to-date symlink: /home/robomealmate/robomealmate/install/rplidar_ros/share/rplidar_ros/launch/view_rplidar_s3_launch.py
[1.144s] -- Up-to-date symlink: /home/robomealmate/robomealmate/install/rplidar_ros/share/rplidar_ros/launch/view_rplidar_t1_launch.py
[1.145s] -- Up-to-date symlink: /home/robomealmate/robomealmate/install/rplidar_ros/share/rplidar_ros/rviz/rplidar_ros.rviz
[1.148s] -- Up-to-date symlink: /home/robomealmate/robomealmate/install/rplidar_ros/lib/rplidar_ros/rplidar_node
[1.157s] -- Up-to-date symlink: /home/robomealmate/robomealmate/install/rplidar_ros/lib/rplidar_ros/rplidar_composition
[1.159s] -- Up-to-date symlink: /home/robomealmate/robomealmate/install/rplidar_ros/lib/rplidar_ros/rplidar_client
[1.161s] -- Up-to-date symlink: /home/robomealmate/robomealmate/install/rplidar_ros/share/ament_index/resource_index/package_run_dependencies/rplidar_ros
[1.162s] -- Up-to-date symlink: /home/robomealmate/robomealmate/install/rplidar_ros/share/ament_index/resource_index/parent_prefix_path/rplidar_ros
[1.163s] -- Up-to-date symlink: /home/robomealmate/robomealmate/install/rplidar_ros/share/rplidar_ros/environment/ament_prefix_path.sh
[1.164s] -- Up-to-date symlink: /home/robomealmate/robomealmate/install/rplidar_ros/share/rplidar_ros/environment/ament_prefix_path.dsv
[1.168s] -- Up-to-date symlink: /home/robomealmate/robomealmate/install/rplidar_ros/share/rplidar_ros/environment/path.sh
[1.169s] -- Up-to-date symlink: /home/robomealmate/robomealmate/install/rplidar_ros/share/rplidar_ros/environment/path.dsv
[1.170s] -- Up-to-date symlink: /home/robomealmate/robomealmate/install/rplidar_ros/share/rplidar_ros/local_setup.bash
[1.172s] -- Up-to-date symlink: /home/robomealmate/robomealmate/install/rplidar_ros/share/rplidar_ros/local_setup.sh
[1.175s] -- Up-to-date symlink: /home/robomealmate/robomealmate/install/rplidar_ros/share/rplidar_ros/local_setup.zsh
[1.176s] -- Up-to-date symlink: /home/robomealmate/robomealmate/install/rplidar_ros/share/rplidar_ros/local_setup.dsv
[1.177s] -- Symlinking: /home/robomealmate/robomealmate/install/rplidar_ros/share/rplidar_ros/package.dsv
[1.237s] -- Up-to-date symlink: /home/robomealmate/robomealmate/install/rplidar_ros/share/ament_index/resource_index/packages/rplidar_ros
[1.239s] -- Up-to-date symlink: /home/robomealmate/robomealmate/install/rplidar_ros/share/rplidar_ros/cmake/ament_cmake_export_dependencies-extras.cmake
[1.242s] -- Up-to-date symlink: /home/robomealmate/robomealmate/install/rplidar_ros/share/rplidar_ros/cmake/ament_cmake_export_include_directories-extras.cmake
[1.244s] -- Up-to-date symlink: /home/robomealmate/robomealmate/install/rplidar_ros/share/rplidar_ros/cmake/rplidar_rosConfig.cmake
[1.245s] -- Up-to-date symlink: /home/robomealmate/robomealmate/install/rplidar_ros/share/rplidar_ros/cmake/rplidar_rosConfig-version.cmake
[1.246s] -- Up-to-date symlink: /home/robomealmate/robomealmate/install/rplidar_ros/share/rplidar_ros/package.xml
[1.263s] Invoked command in '/home/robomealmate/robomealmate/build/rplidar_ros' returned '0': CMAKE_PREFIX_PATH=/opt/ros/foxy /usr/bin/cmake --install /home/robomealmate/robomealmate/build/rplidar_ros
