[0.246s] DEBUG:colcon:Command line arguments: ['/usr/bin/colcon', 'list', '-p', '--base-paths', '/home/robomealmate/robomealmate']
[0.246s] DEBUG:colcon:Parsed command line arguments: Namespace(allow_overriding=[], base_paths=['/home/robomealmate/robomealmate'], build_base='build', ignore_user_meta=False, log_base=None, log_level=None, main=<bound method ListVerb.main of <colcon_package_information.verb.list.ListVerb object at 0x7f192e34a3d0>>, metas=['./colcon.meta'], mixin=None, mixin_files=None, mixin_verb=('list',), names_only=False, packages_above=None, packages_above_and_dependencies=None, packages_above_depth=None, packages_end=None, packages_ignore=None, packages_ignore_regex=None, packages_select=None, packages_select_build_failed=False, packages_select_by_dep=None, packages_select_regex=None, packages_select_test_failures=False, packages_skip=None, packages_skip_build_finished=False, packages_skip_by_dep=None, packages_skip_regex=None, packages_skip_test_passed=False, packages_skip_up_to=None, packages_start=None, packages_up_to=None, packages_up_to_regex=None, paths=None, paths_only=True, topological_graph=False, topological_graph_density=False, topological_graph_dot=False, topological_graph_dot_cluster=False, topological_graph_dot_include_skipped=False, topological_graph_legend=False, topological_order=False, verb_extension=<colcon_package_information.verb.list.ListVerb object at 0x7f192e34a3d0>, verb_name='list', verb_parser=<colcon_mixin.mixin.mixin_argument.MixinArgumentDecorator object at 0x7f192e357730>)
[0.474s] Level 1:colcon.colcon_core.package_discovery:discover_packages(colcon_meta) check parameters
[0.474s] Level 1:colcon.colcon_core.package_discovery:discover_packages(recursive) check parameters
[0.474s] Level 1:colcon.colcon_core.package_discovery:discover_packages(ignore) check parameters
[0.474s] Level 1:colcon.colcon_core.package_discovery:discover_packages(path) check parameters
[0.474s] Level 1:colcon.colcon_core.package_discovery:discover_packages(recursive) discover
[0.474s] INFO:colcon.colcon_core.package_discovery:Crawling recursively for packages in '/home/robomealmate/robomealmate'
[0.474s] Level 1:colcon.colcon_core.package_identification:_identify(/home/robomealmate/robomealmate) by extensions ['ignore', 'ignore_ament_install']
[0.474s] Level 1:colcon.colcon_core.package_identification:_identify(/home/robomealmate/robomealmate) by extension 'ignore'
[0.475s] Level 1:colcon.colcon_core.package_identification:_identify(/home/robomealmate/robomealmate) by extension 'ignore_ament_install'
[0.475s] Level 1:colcon.colcon_core.package_identification:_identify(/home/robomealmate/robomealmate) by extensions ['colcon_pkg']
[0.475s] Level 1:colcon.colcon_core.package_identification:_identify(/home/robomealmate/robomealmate) by extension 'colcon_pkg'
[0.475s] Level 1:colcon.colcon_core.package_identification:_identify(/home/robomealmate/robomealmate) by extensions ['colcon_meta']
[0.475s] Level 1:colcon.colcon_core.package_identification:_identify(/home/robomealmate/robomealmate) by extension 'colcon_meta'
[0.475s] Level 1:colcon.colcon_core.package_identification:_identify(/home/robomealmate/robomealmate) by extensions ['ros']
[0.475s] Level 1:colcon.colcon_core.package_identification:_identify(/home/robomealmate/robomealmate) by extension 'ros'
[0.493s] Level 1:colcon.colcon_core.package_identification:_identify(/home/robomealmate/robomealmate) by extensions ['cmake', 'python']
[0.493s] Level 1:colcon.colcon_core.package_identification:_identify(/home/robomealmate/robomealmate) by extension 'cmake'
[0.493s] Level 1:colcon.colcon_core.package_identification:_identify(/home/robomealmate/robomealmate) by extension 'python'
[0.493s] Level 1:colcon.colcon_core.package_identification:_identify(/home/robomealmate/robomealmate) by extensions ['python_setup_py']
[0.493s] Level 1:colcon.colcon_core.package_identification:_identify(/home/robomealmate/robomealmate) by extension 'python_setup_py'
[0.494s] Level 1:colcon.colcon_core.package_identification:_identify(/home/robomealmate/robomealmate/build) by extensions ['ignore', 'ignore_ament_install']
[0.494s] Level 1:colcon.colcon_core.package_identification:_identify(/home/robomealmate/robomealmate/build) by extension 'ignore'
[0.494s] Level 1:colcon.colcon_core.package_identification:_identify(/home/robomealmate/robomealmate/build) ignored
[0.494s] Level 1:colcon.colcon_core.package_identification:_identify(/home/robomealmate/robomealmate/install) by extensions ['ignore', 'ignore_ament_install']
[0.494s] Level 1:colcon.colcon_core.package_identification:_identify(/home/robomealmate/robomealmate/install) by extension 'ignore'
[0.494s] Level 1:colcon.colcon_core.package_identification:_identify(/home/robomealmate/robomealmate/install) ignored
[0.494s] Level 1:colcon.colcon_core.package_identification:_identify(/home/robomealmate/robomealmate/log) by extensions ['ignore', 'ignore_ament_install']
[0.494s] Level 1:colcon.colcon_core.package_identification:_identify(/home/robomealmate/robomealmate/log) by extension 'ignore'
[0.494s] Level 1:colcon.colcon_core.package_identification:_identify(/home/robomealmate/robomealmate/log) ignored
[0.495s] Level 1:colcon.colcon_core.package_identification:_identify(/home/robomealmate/robomealmate/src) by extensions ['ignore', 'ignore_ament_install']
[0.495s] Level 1:colcon.colcon_core.package_identification:_identify(/home/robomealmate/robomealmate/src) by extension 'ignore'
[0.495s] Level 1:colcon.colcon_core.package_identification:_identify(/home/robomealmate/robomealmate/src) by extension 'ignore_ament_install'
[0.495s] Level 1:colcon.colcon_core.package_identification:_identify(/home/robomealmate/robomealmate/src) by extensions ['colcon_pkg']
[0.495s] Level 1:colcon.colcon_core.package_identification:_identify(/home/robomealmate/robomealmate/src) by extension 'colcon_pkg'
[0.495s] Level 1:colcon.colcon_core.package_identification:_identify(/home/robomealmate/robomealmate/src) by extensions ['colcon_meta']
[0.495s] Level 1:colcon.colcon_core.package_identification:_identify(/home/robomealmate/robomealmate/src) by extension 'colcon_meta'
[0.495s] Level 1:colcon.colcon_core.package_identification:_identify(/home/robomealmate/robomealmate/src) by extensions ['ros']
[0.495s] Level 1:colcon.colcon_core.package_identification:_identify(/home/robomealmate/robomealmate/src) by extension 'ros'
[0.495s] Level 1:colcon.colcon_core.package_identification:_identify(/home/robomealmate/robomealmate/src) by extensions ['cmake', 'python']
[0.495s] Level 1:colcon.colcon_core.package_identification:_identify(/home/robomealmate/robomealmate/src) by extension 'cmake'
[0.495s] Level 1:colcon.colcon_core.package_identification:_identify(/home/robomealmate/robomealmate/src) by extension 'python'
[0.495s] Level 1:colcon.colcon_core.package_identification:_identify(/home/robomealmate/robomealmate/src) by extensions ['python_setup_py']
[0.495s] Level 1:colcon.colcon_core.package_identification:_identify(/home/robomealmate/robomealmate/src) by extension 'python_setup_py'
[0.495s] Level 1:colcon.colcon_core.package_identification:_identify(/home/robomealmate/robomealmate/src/diffdrive_arduino) by extensions ['ignore', 'ignore_ament_install']
[0.496s] Level 1:colcon.colcon_core.package_identification:_identify(/home/robomealmate/robomealmate/src/diffdrive_arduino) by extension 'ignore'
[0.496s] Level 1:colcon.colcon_core.package_identification:_identify(/home/robomealmate/robomealmate/src/diffdrive_arduino) by extension 'ignore_ament_install'
[0.496s] Level 1:colcon.colcon_core.package_identification:_identify(/home/robomealmate/robomealmate/src/diffdrive_arduino) by extensions ['colcon_pkg']
[0.496s] Level 1:colcon.colcon_core.package_identification:_identify(/home/robomealmate/robomealmate/src/diffdrive_arduino) by extension 'colcon_pkg'
[0.496s] Level 1:colcon.colcon_core.package_identification:_identify(/home/robomealmate/robomealmate/src/diffdrive_arduino) by extensions ['colcon_meta']
[0.496s] Level 1:colcon.colcon_core.package_identification:_identify(/home/robomealmate/robomealmate/src/diffdrive_arduino) by extension 'colcon_meta'
[0.496s] Level 1:colcon.colcon_core.package_identification:_identify(/home/robomealmate/robomealmate/src/diffdrive_arduino) by extensions ['ros']
[0.496s] Level 1:colcon.colcon_core.package_identification:_identify(/home/robomealmate/robomealmate/src/diffdrive_arduino) by extension 'ros'
[0.500s] DEBUG:colcon.colcon_core.package_identification:Package '/home/robomealmate/robomealmate/src/diffdrive_arduino' with type 'ros.ament_cmake' and name 'diffdrive_arduino'
[0.501s] Level 1:colcon.colcon_core.package_identification:_identify(/home/robomealmate/robomealmate/src/robomealmate) by extensions ['ignore', 'ignore_ament_install']
[0.501s] Level 1:colcon.colcon_core.package_identification:_identify(/home/robomealmate/robomealmate/src/robomealmate) by extension 'ignore'
[0.501s] Level 1:colcon.colcon_core.package_identification:_identify(/home/robomealmate/robomealmate/src/robomealmate) by extension 'ignore_ament_install'
[0.501s] Level 1:colcon.colcon_core.package_identification:_identify(/home/robomealmate/robomealmate/src/robomealmate) by extensions ['colcon_pkg']
[0.501s] Level 1:colcon.colcon_core.package_identification:_identify(/home/robomealmate/robomealmate/src/robomealmate) by extension 'colcon_pkg'
[0.501s] Level 1:colcon.colcon_core.package_identification:_identify(/home/robomealmate/robomealmate/src/robomealmate) by extensions ['colcon_meta']
[0.501s] Level 1:colcon.colcon_core.package_identification:_identify(/home/robomealmate/robomealmate/src/robomealmate) by extension 'colcon_meta'
[0.501s] Level 1:colcon.colcon_core.package_identification:_identify(/home/robomealmate/robomealmate/src/robomealmate) by extensions ['ros']
[0.501s] Level 1:colcon.colcon_core.package_identification:_identify(/home/robomealmate/robomealmate/src/robomealmate) by extension 'ros'
[0.502s] DEBUG:colcon.colcon_core.package_identification:Package '/home/robomealmate/robomealmate/src/robomealmate' with type 'ros.ament_cmake' and name 'robomealmate'
[0.502s] Level 1:colcon.colcon_core.package_identification:_identify(/home/robomealmate/robomealmate/src/serial) by extensions ['ignore', 'ignore_ament_install']
[0.502s] Level 1:colcon.colcon_core.package_identification:_identify(/home/robomealmate/robomealmate/src/serial) by extension 'ignore'
[0.502s] Level 1:colcon.colcon_core.package_identification:_identify(/home/robomealmate/robomealmate/src/serial) by extension 'ignore_ament_install'
[0.502s] Level 1:colcon.colcon_core.package_identification:_identify(/home/robomealmate/robomealmate/src/serial) by extensions ['colcon_pkg']
[0.502s] Level 1:colcon.colcon_core.package_identification:_identify(/home/robomealmate/robomealmate/src/serial) by extension 'colcon_pkg'
[0.502s] Level 1:colcon.colcon_core.package_identification:_identify(/home/robomealmate/robomealmate/src/serial) by extensions ['colcon_meta']
[0.502s] Level 1:colcon.colcon_core.package_identification:_identify(/home/robomealmate/robomealmate/src/serial) by extension 'colcon_meta'
[0.502s] Level 1:colcon.colcon_core.package_identification:_identify(/home/robomealmate/robomealmate/src/serial) by extensions ['ros']
[0.502s] Level 1:colcon.colcon_core.package_identification:_identify(/home/robomealmate/robomealmate/src/serial) by extension 'ros'
[0.503s] DEBUG:colcon.colcon_core.package_identification:Package '/home/robomealmate/robomealmate/src/serial' with type 'ros.ament_cmake' and name 'serial'
[0.503s] Level 1:colcon.colcon_core.package_discovery:discover_packages(recursive) using defaults
