-- Found ament_cmake: 0.9.12 (/opt/ros/foxy/share/ament_cmake/cmake)
-- Using PYTHON_EXECUTABLE: /usr/bin/python3
-- Override CMake install command with custom implementation using symlinks instead of copying resources
-- Found ament_lint_auto: 0.9.8 (/opt/ros/foxy/share/ament_lint_auto/cmake)
-- Added test 'copyright' to check source files copyright and LICENSE
-- Added test 'flake8' to check Python code syntax and style conventions
-- Added test 'lint_cmake' to check CMake code style
-- Added test 'pep257' to check Python code against some of the style conventions in PEP 257
-- Added test 'xmllint' to check XML markup files
-- Configuring done
-- Generating done
-- Build files have been written to: /home/robomealmate/robomealmate/build/robomealmate
-- Install configuration: ""
-- Execute custom install script
-- Up-to-date symlink: /home/robomealmate/robomealmate/install/robomealmate/share/robomealmate/config/controller.yaml
-- Up-to-date symlink: /home/robomealmate/robomealmate/install/robomealmate/share/robomealmate/config/empty.yaml
-- Up-to-date symlink: /home/robomealmate/robomealmate/install/robomealmate/share/robomealmate/description/gazebo_controller.xacro
-- Up-to-date symlink: /home/robomealmate/robomealmate/install/robomealmate/share/robomealmate/description/inertial_macros.xacro
-- Up-to-date symlink: /home/robomealmate/robomealmate/install/robomealmate/share/robomealmate/description/lidar.xacro
-- Up-to-date symlink: /home/robomealmate/robomealmate/install/robomealmate/share/robomealmate/description/robot.urdf.xacro
-- Up-to-date symlink: /home/robomealmate/robomealmate/install/robomealmate/share/robomealmate/description/robot_core.xacro
-- Up-to-date symlink: /home/robomealmate/robomealmate/install/robomealmate/share/robomealmate/description/ros2_controller.xacro
-- Up-to-date symlink: /home/robomealmate/robomealmate/install/robomealmate/share/robomealmate/launch/robot.launch.py
-- Up-to-date symlink: /home/robomealmate/robomealmate/install/robomealmate/share/robomealmate/launch/rsp.launch.py
-- Up-to-date symlink: /home/robomealmate/robomealmate/install/robomealmate/share/robomealmate/launch/simulation.launch.py
-- Up-to-date symlink: /home/robomealmate/robomealmate/install/robomealmate/share/robomealmate/worlds/empty.world
-- Up-to-date symlink: /home/robomealmate/robomealmate/install/robomealmate/share/ament_index/resource_index/package_run_dependencies/robomealmate
-- Up-to-date symlink: /home/robomealmate/robomealmate/install/robomealmate/share/ament_index/resource_index/parent_prefix_path/robomealmate
-- Up-to-date symlink: /home/robomealmate/robomealmate/install/robomealmate/share/robomealmate/environment/ament_prefix_path.sh
-- Up-to-date symlink: /home/robomealmate/robomealmate/install/robomealmate/share/robomealmate/environment/ament_prefix_path.dsv
-- Up-to-date symlink: /home/robomealmate/robomealmate/install/robomealmate/share/robomealmate/environment/path.sh
-- Up-to-date symlink: /home/robomealmate/robomealmate/install/robomealmate/share/robomealmate/environment/path.dsv
-- Up-to-date symlink: /home/robomealmate/robomealmate/install/robomealmate/share/robomealmate/local_setup.bash
-- Up-to-date symlink: /home/robomealmate/robomealmate/install/robomealmate/share/robomealmate/local_setup.sh
-- Up-to-date symlink: /home/robomealmate/robomealmate/install/robomealmate/share/robomealmate/local_setup.zsh
-- Up-to-date symlink: /home/robomealmate/robomealmate/install/robomealmate/share/robomealmate/local_setup.dsv
-- Symlinking: /home/robomealmate/robomealmate/install/robomealmate/share/robomealmate/package.dsv
-- Up-to-date symlink: /home/robomealmate/robomealmate/install/robomealmate/share/ament_index/resource_index/packages/robomealmate
-- Up-to-date symlink: /home/robomealmate/robomealmate/install/robomealmate/share/robomealmate/cmake/robomealmateConfig.cmake
-- Up-to-date symlink: /home/robomealmate/robomealmate/install/robomealmate/share/robomealmate/cmake/robomealmateConfig-version.cmake
-- Up-to-date symlink: /home/robomealmate/robomealmate/install/robomealmate/share/robomealmate/package.xml
