[0.581s] Invoking command in '/home/robomealmate/robomealmate/build/gazebo_ros2_control_demos': CMAKE_PREFIX_PATH=/home/robomealmate/robomealmate/install/gazebo_ros2_control:/home/robomealmate/robomealmate/install/rplidar_ros:/home/robomealmate/robomealmate/install/robomealmate:/home/robomealmate/robomealmate/install/gazebo_ros2_control_demos:/home/robomealmate/robomealmate/install/diffdrive_arduino:/opt/ros/foxy /usr/bin/cmake --build /home/robomealmate/robomealmate/build/gazebo_ros2_control_demos -- -j4 -l4
[1.516s] [ 20%] Built target example_gripper
[1.818s] [ 40%] Built target example_velocity
[2.023s] [ 60%] Built target example_diff_drive
[2.257s] [ 80%] Built target example_effort
[2.485s] [100%] Built target example_position
[2.542s] Invoked command in '/home/robomealmate/robomealmate/build/gazebo_ros2_control_demos' returned '0': CMAKE_PREFIX_PATH=/home/robomealmate/robomealmate/install/gazebo_ros2_control:/home/robomealmate/robomealmate/install/rplidar_ros:/home/robomealmate/robomealmate/install/robomealmate:/home/robomealmate/robomealmate/install/gazebo_ros2_control_demos:/home/robomealmate/robomealmate/install/diffdrive_arduino:/opt/ros/foxy /usr/bin/cmake --build /home/robomealmate/robomealmate/build/gazebo_ros2_control_demos -- -j4 -l4
[2.565s] Invoking command in '/home/robomealmate/robomealmate/build/gazebo_ros2_control_demos': CMAKE_PREFIX_PATH=/home/robomealmate/robomealmate/install/gazebo_ros2_control:/home/robomealmate/robomealmate/install/rplidar_ros:/home/robomealmate/robomealmate/install/robomealmate:/home/robomealmate/robomealmate/install/gazebo_ros2_control_demos:/home/robomealmate/robomealmate/install/diffdrive_arduino:/opt/ros/foxy /usr/bin/cmake --install /home/robomealmate/robomealmate/build/gazebo_ros2_control_demos
[2.616s] -- Install configuration: ""
[2.620s] -- Execute custom install script
[2.624s] -- Up-to-date symlink: /home/robomealmate/robomealmate/install/gazebo_ros2_control_demos/share/gazebo_ros2_control_demos//launch/cart_example_effort.launch.py
[2.627s] -- Up-to-date symlink: /home/robomealmate/robomealmate/install/gazebo_ros2_control_demos/share/gazebo_ros2_control_demos//launch/cart_example_position.launch.py
[2.628s] -- Up-to-date symlink: /home/robomealmate/robomealmate/install/gazebo_ros2_control_demos/share/gazebo_ros2_control_demos//launch/cart_example_velocity.launch.py
[2.629s] -- Up-to-date symlink: /home/robomealmate/robomealmate/install/gazebo_ros2_control_demos/share/gazebo_ros2_control_demos//launch/diff_drive.launch.py
[2.630s] -- Up-to-date symlink: /home/robomealmate/robomealmate/install/gazebo_ros2_control_demos/share/gazebo_ros2_control_demos//launch/gripper_mimic_joint_example.launch.py
[2.634s] -- Up-to-date symlink: /home/robomealmate/robomealmate/install/gazebo_ros2_control_demos/share/gazebo_ros2_control_demos//config/cartpole_controller.yaml
[2.636s] -- Up-to-date symlink: /home/robomealmate/robomealmate/install/gazebo_ros2_control_demos/share/gazebo_ros2_control_demos//config/cartpole_controller_effort.yaml
[2.639s] -- Up-to-date symlink: /home/robomealmate/robomealmate/install/gazebo_ros2_control_demos/share/gazebo_ros2_control_demos//config/cartpole_controller_velocity.yaml
[2.644s] -- Up-to-date symlink: /home/robomealmate/robomealmate/install/gazebo_ros2_control_demos/share/gazebo_ros2_control_demos//config/diff_drive_controller.yaml
[2.648s] -- Up-to-date symlink: /home/robomealmate/robomealmate/install/gazebo_ros2_control_demos/share/gazebo_ros2_control_demos//config/gripper_controller.yaml
[2.649s] -- Up-to-date symlink: /home/robomealmate/robomealmate/install/gazebo_ros2_control_demos/share/gazebo_ros2_control_demos//urdf/test_cart_effort.xacro.urdf
[2.654s] -- Up-to-date symlink: /home/robomealmate/robomealmate/install/gazebo_ros2_control_demos/share/gazebo_ros2_control_demos//urdf/test_cart_position.xacro.urdf
[2.657s] -- Up-to-date symlink: /home/robomealmate/robomealmate/install/gazebo_ros2_control_demos/share/gazebo_ros2_control_demos//urdf/test_cart_velocity.xacro.urdf
[2.661s] -- Up-to-date symlink: /home/robomealmate/robomealmate/install/gazebo_ros2_control_demos/share/gazebo_ros2_control_demos//urdf/test_diff_drive.xacro.urdf
[2.662s] -- Up-to-date symlink: /home/robomealmate/robomealmate/install/gazebo_ros2_control_demos/share/gazebo_ros2_control_demos//urdf/test_gripper_mimic_joint.xacro.urdf
[2.663s] -- Up-to-date symlink: /home/robomealmate/robomealmate/install/gazebo_ros2_control_demos/lib/gazebo_ros2_control_demos/example_position
[2.666s] -- Up-to-date symlink: /home/robomealmate/robomealmate/install/gazebo_ros2_control_demos/lib/gazebo_ros2_control_demos/example_velocity
[2.668s] -- Up-to-date symlink: /home/robomealmate/robomealmate/install/gazebo_ros2_control_demos/lib/gazebo_ros2_control_demos/example_effort
[2.673s] -- Up-to-date symlink: /home/robomealmate/robomealmate/install/gazebo_ros2_control_demos/lib/gazebo_ros2_control_demos/example_gripper
[2.676s] -- Up-to-date symlink: /home/robomealmate/robomealmate/install/gazebo_ros2_control_demos/lib/gazebo_ros2_control_demos/example_diff_drive
[2.679s] -- Up-to-date symlink: /home/robomealmate/robomealmate/install/gazebo_ros2_control_demos/share/ament_index/resource_index/package_run_dependencies/gazebo_ros2_control_demos
[2.683s] -- Up-to-date symlink: /home/robomealmate/robomealmate/install/gazebo_ros2_control_demos/share/ament_index/resource_index/parent_prefix_path/gazebo_ros2_control_demos
[2.687s] -- Up-to-date symlink: /home/robomealmate/robomealmate/install/gazebo_ros2_control_demos/share/gazebo_ros2_control_demos/environment/ament_prefix_path.sh
[2.692s] -- Up-to-date symlink: /home/robomealmate/robomealmate/install/gazebo_ros2_control_demos/share/gazebo_ros2_control_demos/environment/ament_prefix_path.dsv
[2.696s] -- Up-to-date symlink: /home/robomealmate/robomealmate/install/gazebo_ros2_control_demos/share/gazebo_ros2_control_demos/environment/path.sh
[2.700s] -- Up-to-date symlink: /home/robomealmate/robomealmate/install/gazebo_ros2_control_demos/share/gazebo_ros2_control_demos/environment/path.dsv
[2.703s] -- Up-to-date symlink: /home/robomealmate/robomealmate/install/gazebo_ros2_control_demos/share/gazebo_ros2_control_demos/local_setup.bash
[2.707s] -- Up-to-date symlink: /home/robomealmate/robomealmate/install/gazebo_ros2_control_demos/share/gazebo_ros2_control_demos/local_setup.sh
[2.710s] -- Up-to-date symlink: /home/robomealmate/robomealmate/install/gazebo_ros2_control_demos/share/gazebo_ros2_control_demos/local_setup.zsh
[2.714s] -- Up-to-date symlink: /home/robomealmate/robomealmate/install/gazebo_ros2_control_demos/share/gazebo_ros2_control_demos/local_setup.dsv
[2.717s] -- Symlinking: /home/robomealmate/robomealmate/install/gazebo_ros2_control_demos/share/gazebo_ros2_control_demos/package.dsv
[2.796s] -- Up-to-date symlink: /home/robomealmate/robomealmate/install/gazebo_ros2_control_demos/share/ament_index/resource_index/packages/gazebo_ros2_control_demos
[2.799s] -- Up-to-date symlink: /home/robomealmate/robomealmate/install/gazebo_ros2_control_demos/share/gazebo_ros2_control_demos/cmake/gazebo_ros2_control_demosConfig.cmake
[2.801s] -- Up-to-date symlink: /home/robomealmate/robomealmate/install/gazebo_ros2_control_demos/share/gazebo_ros2_control_demos/cmake/gazebo_ros2_control_demosConfig-version.cmake
[2.804s] -- Up-to-date symlink: /home/robomealmate/robomealmate/install/gazebo_ros2_control_demos/share/gazebo_ros2_control_demos/package.xml
[2.815s] Invoked command in '/home/robomealmate/robomealmate/build/gazebo_ros2_control_demos' returned '0': CMAKE_PREFIX_PATH=/home/robomealmate/robomealmate/install/gazebo_ros2_control:/home/robomealmate/robomealmate/install/rplidar_ros:/home/robomealmate/robomealmate/install/robomealmate:/home/robomealmate/robomealmate/install/gazebo_ros2_control_demos:/home/robomealmate/robomealmate/install/diffdrive_arduino:/opt/ros/foxy /usr/bin/cmake --install /home/robomealmate/robomealmate/build/gazebo_ros2_control_demos
