[0.286s] Invoking command in '/home/robomealmate/robomealmate/build/rplidar_ros': CMAKE_PREFIX_PATH=${CMAKE_PREFIX_PATH}:/opt/ros/foxy /usr/bin/cmake --build /home/robomealmate/robomealmate/build/rplidar_ros -- -j4 -l4
[0.965s] [  5%] Built target rplidar_client
[0.984s] [ 52%] Built target rplidar_node
[1.002s] [100%] Built target rplidar_composition
[1.126s] Invoked command in '/home/robomealmate/robomealmate/build/rplidar_ros' returned '0': CMAKE_PREFIX_PATH=${CMAKE_PREFIX_PATH}:/opt/ros/foxy /usr/bin/cmake --build /home/robomealmate/robomealmate/build/rplidar_ros -- -j4 -l4
[1.137s] Invoking command in '/home/robomealmate/robomealmate/build/rplidar_ros': CMAKE_PREFIX_PATH=${CMAKE_PREFIX_PATH}:/opt/ros/foxy /usr/bin/cmake --install /home/robomealmate/robomealmate/build/rplidar_ros
[1.215s] -- Install configuration: ""
[1.240s] -- Execute custom install script
[1.243s] -- Up-to-date symlink: /home/robomealmate/robomealmate/install/rplidar_ros/share/rplidar_ros/launch/rplidar_a1_launch.py
[1.244s] -- Up-to-date symlink: /home/robomealmate/robomealmate/install/rplidar_ros/share/rplidar_ros/launch/rplidar_a2m12_launch.py
[1.248s] -- Up-to-date symlink: /home/robomealmate/robomealmate/install/rplidar_ros/share/rplidar_ros/launch/rplidar_a2m7_launch.py
[1.253s] -- Up-to-date symlink: /home/robomealmate/robomealmate/install/rplidar_ros/share/rplidar_ros/launch/rplidar_a2m8_launch.py
[1.254s] -- Up-to-date symlink: /home/robomealmate/robomealmate/install/rplidar_ros/share/rplidar_ros/launch/rplidar_a3_launch.py
[1.263s] -- Up-to-date symlink: /home/robomealmate/robomealmate/install/rplidar_ros/share/rplidar_ros/launch/rplidar_c1_launch.py
[1.264s] -- Up-to-date symlink: /home/robomealmate/robomealmate/install/rplidar_ros/share/rplidar_ros/launch/rplidar_s1_launch.py
[1.271s] -- Up-to-date symlink: /home/robomealmate/robomealmate/install/rplidar_ros/share/rplidar_ros/launch/rplidar_s1_tcp_launch.py
[1.273s] -- Up-to-date symlink: /home/robomealmate/robomealmate/install/rplidar_ros/share/rplidar_ros/launch/rplidar_s2_launch.py
[1.275s] -- Up-to-date symlink: /home/robomealmate/robomealmate/install/rplidar_ros/share/rplidar_ros/launch/rplidar_s2e_launch.py
[1.276s] -- Up-to-date symlink: /home/robomealmate/robomealmate/install/rplidar_ros/share/rplidar_ros/launch/rplidar_s3_launch.py
[1.277s] -- Up-to-date symlink: /home/robomealmate/robomealmate/install/rplidar_ros/share/rplidar_ros/launch/rplidar_t1_launch.py
[1.278s] -- Up-to-date symlink: /home/robomealmate/robomealmate/install/rplidar_ros/share/rplidar_ros/launch/view_rplidar_a1_launch.py
[1.279s] -- Up-to-date symlink: /home/robomealmate/robomealmate/install/rplidar_ros/share/rplidar_ros/launch/view_rplidar_a2m12_launch.py
[1.280s] -- Up-to-date symlink: /home/robomealmate/robomealmate/install/rplidar_ros/share/rplidar_ros/launch/view_rplidar_a2m7_launch.py
[1.280s] -- Up-to-date symlink: /home/robomealmate/robomealmate/install/rplidar_ros/share/rplidar_ros/launch/view_rplidar_a2m8_launch.py
[1.287s] -- Up-to-date symlink: /home/robomealmate/robomealmate/install/rplidar_ros/share/rplidar_ros/launch/view_rplidar_a3_launch.py
[1.288s] -- Up-to-date symlink: /home/robomealmate/robomealmate/install/rplidar_ros/share/rplidar_ros/launch/view_rplidar_c1_launch.py
[1.289s] -- Up-to-date symlink: /home/robomealmate/robomealmate/install/rplidar_ros/share/rplidar_ros/launch/view_rplidar_s1_launch.py
[1.297s] -- Up-to-date symlink: /home/robomealmate/robomealmate/install/rplidar_ros/share/rplidar_ros/launch/view_rplidar_s1_tcp_launch.py
[1.298s] -- Up-to-date symlink: /home/robomealmate/robomealmate/install/rplidar_ros/share/rplidar_ros/launch/view_rplidar_s2_launch.py
[1.299s] -- Up-to-date symlink: /home/robomealmate/robomealmate/install/rplidar_ros/share/rplidar_ros/launch/view_rplidar_s2e_launch.py
[1.299s] -- Up-to-date symlink: /home/robomealmate/robomealmate/install/rplidar_ros/share/rplidar_ros/launch/view_rplidar_s3_launch.py
[1.300s] -- Up-to-date symlink: /home/robomealmate/robomealmate/install/rplidar_ros/share/rplidar_ros/launch/view_rplidar_t1_launch.py
[1.301s] -- Up-to-date symlink: /home/robomealmate/robomealmate/install/rplidar_ros/share/rplidar_ros/rviz/rplidar_ros.rviz
[1.310s] -- Up-to-date symlink: /home/robomealmate/robomealmate/install/rplidar_ros/lib/rplidar_ros/rplidar_node
[1.312s] -- Up-to-date symlink: /home/robomealmate/robomealmate/install/rplidar_ros/lib/rplidar_ros/rplidar_composition
[1.314s] -- Up-to-date symlink: /home/robomealmate/robomealmate/install/rplidar_ros/lib/rplidar_ros/rplidar_client
[1.316s] -- Up-to-date symlink: /home/robomealmate/robomealmate/install/rplidar_ros/share/ament_index/resource_index/package_run_dependencies/rplidar_ros
[1.320s] -- Up-to-date symlink: /home/robomealmate/robomealmate/install/rplidar_ros/share/ament_index/resource_index/parent_prefix_path/rplidar_ros
[1.327s] -- Up-to-date symlink: /home/robomealmate/robomealmate/install/rplidar_ros/share/rplidar_ros/environment/ament_prefix_path.sh
[1.328s] -- Up-to-date symlink: /home/robomealmate/robomealmate/install/rplidar_ros/share/rplidar_ros/environment/ament_prefix_path.dsv
[1.329s] -- Up-to-date symlink: /home/robomealmate/robomealmate/install/rplidar_ros/share/rplidar_ros/environment/path.sh
[1.333s] -- Up-to-date symlink: /home/robomealmate/robomealmate/install/rplidar_ros/share/rplidar_ros/environment/path.dsv
[1.333s] -- Up-to-date symlink: /home/robomealmate/robomealmate/install/rplidar_ros/share/rplidar_ros/local_setup.bash
[1.336s] -- Up-to-date symlink: /home/robomealmate/robomealmate/install/rplidar_ros/share/rplidar_ros/local_setup.sh
[1.338s] -- Up-to-date symlink: /home/robomealmate/robomealmate/install/rplidar_ros/share/rplidar_ros/local_setup.zsh
[1.339s] -- Up-to-date symlink: /home/robomealmate/robomealmate/install/rplidar_ros/share/rplidar_ros/local_setup.dsv
[1.340s] -- Symlinking: /home/robomealmate/robomealmate/install/rplidar_ros/share/rplidar_ros/package.dsv
[1.387s] -- Up-to-date symlink: /home/robomealmate/robomealmate/install/rplidar_ros/share/ament_index/resource_index/packages/rplidar_ros
[1.391s] -- Up-to-date symlink: /home/robomealmate/robomealmate/install/rplidar_ros/share/rplidar_ros/cmake/ament_cmake_export_dependencies-extras.cmake
[1.392s] -- Up-to-date symlink: /home/robomealmate/robomealmate/install/rplidar_ros/share/rplidar_ros/cmake/ament_cmake_export_include_directories-extras.cmake
[1.395s] -- Up-to-date symlink: /home/robomealmate/robomealmate/install/rplidar_ros/share/rplidar_ros/cmake/rplidar_rosConfig.cmake
[1.398s] -- Up-to-date symlink: /home/robomealmate/robomealmate/install/rplidar_ros/share/rplidar_ros/cmake/rplidar_rosConfig-version.cmake
[1.405s] -- Up-to-date symlink: /home/robomealmate/robomealmate/install/rplidar_ros/share/rplidar_ros/package.xml
[1.509s] Invoked command in '/home/robomealmate/robomealmate/build/rplidar_ros' returned '0': CMAKE_PREFIX_PATH=${CMAKE_PREFIX_PATH}:/opt/ros/foxy /usr/bin/cmake --install /home/robomealmate/robomealmate/build/rplidar_ros
