[0.153s] Invoking command in '/home/robomealmate/robomealmate/build/gazebo_ros2_control_demos': CMAKE_PREFIX_PATH=/home/robomealmate/robomealmate/install/gazebo_ros2_control:/home/robomealmate/robomealmate/install/rplidar_ros:/home/robomealmate/robomealmate/install/robomealmate:/home/robomealmate/robomealmate/install/gazebo_ros2_control_demos:/home/robomealmate/robomealmate/install/diffdrive_arduino:/opt/ros/foxy /usr/bin/cmake --build /home/robomealmate/robomealmate/build/gazebo_ros2_control_demos -- -j4 -l4
[0.931s] [ 20%] Built target example_gripper
[0.943s] [ 40%] Built target example_position
[1.019s] [ 60%] Built target example_velocity
[1.138s] [ 80%] Built target example_effort
[1.145s] [100%] Built target example_diff_drive
[1.199s] Invoked command in '/home/robomealmate/robomealmate/build/gazebo_ros2_control_demos' returned '0': CMAKE_PREFIX_PATH=/home/robomealmate/robomealmate/install/gazebo_ros2_control:/home/robomealmate/robomealmate/install/rplidar_ros:/home/robomealmate/robomealmate/install/robomealmate:/home/robomealmate/robomealmate/install/gazebo_ros2_control_demos:/home/robomealmate/robomealmate/install/diffdrive_arduino:/opt/ros/foxy /usr/bin/cmake --build /home/robomealmate/robomealmate/build/gazebo_ros2_control_demos -- -j4 -l4
[1.213s] Invoking command in '/home/robomealmate/robomealmate/build/gazebo_ros2_control_demos': CMAKE_PREFIX_PATH=/home/robomealmate/robomealmate/install/gazebo_ros2_control:/home/robomealmate/robomealmate/install/rplidar_ros:/home/robomealmate/robomealmate/install/robomealmate:/home/robomealmate/robomealmate/install/gazebo_ros2_control_demos:/home/robomealmate/robomealmate/install/diffdrive_arduino:/opt/ros/foxy /usr/bin/cmake --install /home/robomealmate/robomealmate/build/gazebo_ros2_control_demos
[1.255s] -- Install configuration: ""
[1.258s] -- Execute custom install script
[1.263s] -- Up-to-date symlink: /home/robomealmate/robomealmate/install/gazebo_ros2_control_demos/share/gazebo_ros2_control_demos//launch/cart_example_effort.launch.py
[1.265s] -- Up-to-date symlink: /home/robomealmate/robomealmate/install/gazebo_ros2_control_demos/share/gazebo_ros2_control_demos//launch/cart_example_position.launch.py
[1.267s] -- Up-to-date symlink: /home/robomealmate/robomealmate/install/gazebo_ros2_control_demos/share/gazebo_ros2_control_demos//launch/cart_example_velocity.launch.py
[1.269s] -- Up-to-date symlink: /home/robomealmate/robomealmate/install/gazebo_ros2_control_demos/share/gazebo_ros2_control_demos//launch/diff_drive.launch.py
[1.271s] -- Up-to-date symlink: /home/robomealmate/robomealmate/install/gazebo_ros2_control_demos/share/gazebo_ros2_control_demos//launch/gripper_mimic_joint_example.launch.py
[1.274s] -- Up-to-date symlink: /home/robomealmate/robomealmate/install/gazebo_ros2_control_demos/share/gazebo_ros2_control_demos//config/cartpole_controller.yaml
[1.276s] -- Up-to-date symlink: /home/robomealmate/robomealmate/install/gazebo_ros2_control_demos/share/gazebo_ros2_control_demos//config/cartpole_controller_effort.yaml
[1.278s] -- Up-to-date symlink: /home/robomealmate/robomealmate/install/gazebo_ros2_control_demos/share/gazebo_ros2_control_demos//config/cartpole_controller_velocity.yaml
[1.280s] -- Up-to-date symlink: /home/robomealmate/robomealmate/install/gazebo_ros2_control_demos/share/gazebo_ros2_control_demos//config/diff_drive_controller.yaml
[1.282s] -- Up-to-date symlink: /home/robomealmate/robomealmate/install/gazebo_ros2_control_demos/share/gazebo_ros2_control_demos//config/gripper_controller.yaml
[1.286s] -- Up-to-date symlink: /home/robomealmate/robomealmate/install/gazebo_ros2_control_demos/share/gazebo_ros2_control_demos//urdf/test_cart_effort.xacro.urdf
[1.288s] -- Up-to-date symlink: /home/robomealmate/robomealmate/install/gazebo_ros2_control_demos/share/gazebo_ros2_control_demos//urdf/test_cart_position.xacro.urdf
[1.290s] -- Up-to-date symlink: /home/robomealmate/robomealmate/install/gazebo_ros2_control_demos/share/gazebo_ros2_control_demos//urdf/test_cart_velocity.xacro.urdf
[1.292s] -- Up-to-date symlink: /home/robomealmate/robomealmate/install/gazebo_ros2_control_demos/share/gazebo_ros2_control_demos//urdf/test_diff_drive.xacro.urdf
[1.294s] -- Up-to-date symlink: /home/robomealmate/robomealmate/install/gazebo_ros2_control_demos/share/gazebo_ros2_control_demos//urdf/test_gripper_mimic_joint.xacro.urdf
[1.298s] -- Up-to-date symlink: /home/robomealmate/robomealmate/install/gazebo_ros2_control_demos/lib/gazebo_ros2_control_demos/example_position
[1.301s] -- Up-to-date symlink: /home/robomealmate/robomealmate/install/gazebo_ros2_control_demos/lib/gazebo_ros2_control_demos/example_velocity
[1.303s] -- Up-to-date symlink: /home/robomealmate/robomealmate/install/gazebo_ros2_control_demos/lib/gazebo_ros2_control_demos/example_effort
[1.305s] -- Up-to-date symlink: /home/robomealmate/robomealmate/install/gazebo_ros2_control_demos/lib/gazebo_ros2_control_demos/example_gripper
[1.307s] -- Up-to-date symlink: /home/robomealmate/robomealmate/install/gazebo_ros2_control_demos/lib/gazebo_ros2_control_demos/example_diff_drive
[1.309s] -- Up-to-date symlink: /home/robomealmate/robomealmate/install/gazebo_ros2_control_demos/share/ament_index/resource_index/package_run_dependencies/gazebo_ros2_control_demos
[1.311s] -- Up-to-date symlink: /home/robomealmate/robomealmate/install/gazebo_ros2_control_demos/share/ament_index/resource_index/parent_prefix_path/gazebo_ros2_control_demos
[1.313s] -- Up-to-date symlink: /home/robomealmate/robomealmate/install/gazebo_ros2_control_demos/share/gazebo_ros2_control_demos/environment/ament_prefix_path.sh
[1.315s] -- Up-to-date symlink: /home/robomealmate/robomealmate/install/gazebo_ros2_control_demos/share/gazebo_ros2_control_demos/environment/ament_prefix_path.dsv
[1.317s] -- Up-to-date symlink: /home/robomealmate/robomealmate/install/gazebo_ros2_control_demos/share/gazebo_ros2_control_demos/environment/path.sh
[1.320s] -- Up-to-date symlink: /home/robomealmate/robomealmate/install/gazebo_ros2_control_demos/share/gazebo_ros2_control_demos/environment/path.dsv
[1.322s] -- Up-to-date symlink: /home/robomealmate/robomealmate/install/gazebo_ros2_control_demos/share/gazebo_ros2_control_demos/local_setup.bash
[1.324s] -- Up-to-date symlink: /home/robomealmate/robomealmate/install/gazebo_ros2_control_demos/share/gazebo_ros2_control_demos/local_setup.sh
[1.326s] -- Up-to-date symlink: /home/robomealmate/robomealmate/install/gazebo_ros2_control_demos/share/gazebo_ros2_control_demos/local_setup.zsh
[1.328s] -- Up-to-date symlink: /home/robomealmate/robomealmate/install/gazebo_ros2_control_demos/share/gazebo_ros2_control_demos/local_setup.dsv
[1.329s] -- Symlinking: /home/robomealmate/robomealmate/install/gazebo_ros2_control_demos/share/gazebo_ros2_control_demos/package.dsv
[1.375s] -- Up-to-date symlink: /home/robomealmate/robomealmate/install/gazebo_ros2_control_demos/share/ament_index/resource_index/packages/gazebo_ros2_control_demos
[1.377s] -- Up-to-date symlink: /home/robomealmate/robomealmate/install/gazebo_ros2_control_demos/share/gazebo_ros2_control_demos/cmake/gazebo_ros2_control_demosConfig.cmake
[1.379s] -- Up-to-date symlink: /home/robomealmate/robomealmate/install/gazebo_ros2_control_demos/share/gazebo_ros2_control_demos/cmake/gazebo_ros2_control_demosConfig-version.cmake
[1.381s] -- Up-to-date symlink: /home/robomealmate/robomealmate/install/gazebo_ros2_control_demos/share/gazebo_ros2_control_demos/package.xml
[1.391s] Invoked command in '/home/robomealmate/robomealmate/build/gazebo_ros2_control_demos' returned '0': CMAKE_PREFIX_PATH=/home/robomealmate/robomealmate/install/gazebo_ros2_control:/home/robomealmate/robomealmate/install/rplidar_ros:/home/robomealmate/robomealmate/install/robomealmate:/home/robomealmate/robomealmate/install/gazebo_ros2_control_demos:/home/robomealmate/robomealmate/install/diffdrive_arduino:/opt/ros/foxy /usr/bin/cmake --install /home/robomealmate/robomealmate/build/gazebo_ros2_control_demos
