[0.021s] Invoking command in '/home/robomealmate/robomealmate/build/serial': CMAKE_PREFIX_PATH=/opt/ros/foxy /usr/bin/cmake /home/robomealmate/robomealmate/src/serial -DAMENT_CMAKE_SYMLINK_INSTALL=1 -DCMAKE_INSTALL_PREFIX=/home/robomealmate/robomealmate/install/serial
[0.073s] -- The C compiler identification is GNU 9.4.0
[0.122s] -- The CXX compiler identification is GNU 9.4.0
[0.126s] -- Check for working C compiler: /usr/bin/cc
[0.187s] -- Check for working C compiler: /usr/bin/cc -- works
[0.188s] -- Detecting C compiler ABI info
[0.247s] -- Detecting C compiler ABI info - done
[0.257s] -- Detecting C compile features
[0.257s] -- Detecting C compile features - done
[0.259s] -- Check for working CXX compiler: /usr/bin/c++
[0.329s] -- Check for working CXX compiler: /usr/bin/c++ -- works
[0.330s] -- Detecting CXX compiler ABI info
[0.399s] -- Detecting CXX compiler ABI info - done
[0.409s] -- Detecting CXX compile features
[0.410s] -- Detecting CXX compile features - done
[0.411s] -- Found ament_cmake: 0.9.12 (/opt/ros/foxy/share/ament_cmake/cmake)
[0.432s] -- Found PythonInterp: /usr/bin/python3 (found suitable version "3.8.10", minimum required is "3") 
[0.432s] -- Using PYTHON_EXECUTABLE: /usr/bin/python3
[0.590s] -- Override CMake install command with custom implementation using symlinks instead of copying resources
[0.607s] -- Found ament_cmake_gtest: 0.9.12 (/opt/ros/foxy/share/ament_cmake_gtest/cmake)
[0.613s] -- Found Boost: /usr/lib/x86_64-linux-gnu/cmake/Boost-1.71.0/BoostConfig.cmake (found version "1.71.0")  
[0.615s] -- Found gtest sources under '/opt/ros/foxy/src/gtest_vendor': C++ tests using 'Google Test' will be built
[0.616s] -- Looking for pthread.h
[0.682s] -- Looking for pthread.h - found
[0.682s] -- Performing Test CMAKE_HAVE_LIBC_PTHREAD
[0.746s] -- Performing Test CMAKE_HAVE_LIBC_PTHREAD - Failed
[0.746s] -- Check if compiler accepts -pthread
[0.810s] -- Check if compiler accepts -pthread - yes
[0.810s] -- Found Threads: TRUE  
[0.871s] -- Configuring done
[0.879s] -- Generating done
[0.883s] -- Build files have been written to: /home/robomealmate/robomealmate/build/serial
[0.887s] Invoked command in '/home/robomealmate/robomealmate/build/serial' returned '0': CMAKE_PREFIX_PATH=/opt/ros/foxy /usr/bin/cmake /home/robomealmate/robomealmate/src/serial -DAMENT_CMAKE_SYMLINK_INSTALL=1 -DCMAKE_INSTALL_PREFIX=/home/robomealmate/robomealmate/install/serial
[0.891s] Invoking command in '/home/robomealmate/robomealmate/build/serial': CMAKE_PREFIX_PATH=/opt/ros/foxy /usr/bin/cmake --build /home/robomealmate/robomealmate/build/serial -- -j8 -l8
[0.924s] [35m[1mScanning dependencies of target gtest[0m
[0.924s] [35m[1mScanning dependencies of target gtest_main[0m
[0.924s] [35m[1mScanning dependencies of target serial[0m
[0.935s] [  7%] [32mBuilding CXX object CMakeFiles/serial.dir/src/serial.cc.o[0m
[0.935s] [ 14%] [32mBuilding CXX object CMakeFiles/serial.dir/src/impl/unix.cc.o[0m
[0.936s] [ 21%] [32mBuilding CXX object CMakeFiles/serial.dir/src/impl/list_ports/list_ports_linux.cc.o[0m
[0.939s] [ 28%] [32mBuilding CXX object gtest/CMakeFiles/gtest.dir/src/gtest-all.cc.o[0m
[0.942s] [ 35%] [32mBuilding CXX object gtest/CMakeFiles/gtest_main.dir/src/gtest_main.cc.o[0m
[1.447s] [ 42%] [32m[1mLinking CXX static library libserial.a[0m
[1.483s] [ 42%] Built target serial
[1.493s] [35m[1mScanning dependencies of target serial_example[0m
[1.505s] [ 50%] [32mBuilding CXX object CMakeFiles/serial_example.dir/examples/serial_example.cc.o[0m
[1.669s] [ 57%] [32m[1mLinking CXX static library libgtest_main.a[0m
[1.701s] [ 57%] Built target gtest_main
[1.816s] [ 64%] [32m[1mLinking CXX executable serial_example[0m
[1.889s] [ 64%] Built target serial_example
[3.842s] [ 71%] [32m[1mLinking CXX static library libgtest.a[0m
[3.890s] [ 71%] Built target gtest
[3.899s] [35m[1mScanning dependencies of target serial-test-timer[0m
[3.900s] [35m[1mScanning dependencies of target serial-test[0m
[3.912s] [ 85%] [32mBuilding CXX object tests/CMakeFiles/serial-test.dir/unix_serial_tests.cc.o[0m
[3.912s] [ 85%] [32mBuilding CXX object tests/CMakeFiles/serial-test-timer.dir/unit/unix_timer_tests.cc.o[0m
[4.608s] [ 92%] [32m[1mLinking CXX executable serial-test-timer[0m
[4.696s] [100%] [32m[1mLinking CXX executable serial-test[0m
[4.729s] [100%] Built target serial-test-timer
[4.812s] [100%] Built target serial-test
[4.822s] Invoked command in '/home/robomealmate/robomealmate/build/serial' returned '0': CMAKE_PREFIX_PATH=/opt/ros/foxy /usr/bin/cmake --build /home/robomealmate/robomealmate/build/serial -- -j8 -l8
[4.825s] Invoking command in '/home/robomealmate/robomealmate/build/serial': CMAKE_PREFIX_PATH=/opt/ros/foxy /usr/bin/cmake --install /home/robomealmate/robomealmate/build/serial
[4.832s] -- Install configuration: ""
[4.832s] -- Execute custom install script
[4.832s] -- Symlinking: /home/robomealmate/robomealmate/install/serial/lib/libserial.a
[4.841s] -- Symlinking: /home/robomealmate/robomealmate/install/serial/include/serial/serial.h
[4.852s] -- Symlinking: /home/robomealmate/robomealmate/install/serial/include/serial/v8stdint.h
[4.861s] -- Symlinking: /home/robomealmate/robomealmate/install/serial/share/serial/environment/library_path.sh
[4.872s] -- Symlinking: /home/robomealmate/robomealmate/install/serial/share/serial/environment/library_path.dsv
[4.882s] -- Symlinking: /home/robomealmate/robomealmate/install/serial/share/ament_index/resource_index/package_run_dependencies/serial
[4.890s] -- Symlinking: /home/robomealmate/robomealmate/install/serial/share/ament_index/resource_index/parent_prefix_path/serial
[4.899s] -- Symlinking: /home/robomealmate/robomealmate/install/serial/share/serial/environment/ament_prefix_path.sh
[4.906s] -- Symlinking: /home/robomealmate/robomealmate/install/serial/share/serial/environment/ament_prefix_path.dsv
[4.914s] -- Symlinking: /home/robomealmate/robomealmate/install/serial/share/serial/environment/path.sh
[4.922s] -- Symlinking: /home/robomealmate/robomealmate/install/serial/share/serial/environment/path.dsv
[4.930s] -- Symlinking: /home/robomealmate/robomealmate/install/serial/share/serial/local_setup.bash
[4.937s] -- Symlinking: /home/robomealmate/robomealmate/install/serial/share/serial/local_setup.sh
[4.945s] -- Symlinking: /home/robomealmate/robomealmate/install/serial/share/serial/local_setup.zsh
[4.952s] -- Symlinking: /home/robomealmate/robomealmate/install/serial/share/serial/local_setup.dsv
[4.960s] -- Symlinking: /home/robomealmate/robomealmate/install/serial/share/serial/package.dsv
[4.967s] -- Symlinking: /home/robomealmate/robomealmate/install/serial/share/ament_index/resource_index/packages/serial
[4.975s] -- Symlinking: /home/robomealmate/robomealmate/install/serial/share/serial/cmake/ament_cmake_export_include_directories-extras.cmake
[4.983s] -- Symlinking: /home/robomealmate/robomealmate/install/serial/share/serial/cmake/ament_cmake_export_libraries-extras.cmake
[4.992s] -- Symlinking: /home/robomealmate/robomealmate/install/serial/share/serial/cmake/serialConfig.cmake
[5.000s] -- Symlinking: /home/robomealmate/robomealmate/install/serial/share/serial/cmake/serialConfig-version.cmake
[5.008s] -- Symlinking: /home/robomealmate/robomealmate/install/serial/share/serial/package.xml
[5.019s] Invoked command in '/home/robomealmate/robomealmate/build/serial' returned '0': CMAKE_PREFIX_PATH=/opt/ros/foxy /usr/bin/cmake --install /home/robomealmate/robomealmate/build/serial
