[0.018s] Invoking command in '/home/robomealmate/robomealmate/build/serial': CMAKE_PREFIX_PATH=${CMAKE_PREFIX_PATH}:/opt/ros/foxy /usr/bin/cmake --build /home/robomealmate/robomealmate/build/serial -- -j8 -l8
[0.077s] [ 28%] Built target serial
[0.079s] [ 42%] Built target gtest_main
[0.084s] [ 57%] Built target gtest
[0.105s] [ 71%] Built target serial_example
[0.106s] [ 85%] Built target serial-test-timer
[0.111s] [100%] Built target serial-test
[0.137s] Invoked command in '/home/robomealmate/robomealmate/build/serial' returned '0': CMAKE_PREFIX_PATH=${CMAKE_PREFIX_PATH}:/opt/ros/foxy /usr/bin/cmake --build /home/robomealmate/robomealmate/build/serial -- -j8 -l8
[0.141s] Invoking command in '/home/robomealmate/robomealmate/build/serial': CMAKE_PREFIX_PATH=${CMAKE_PREFIX_PATH}:/opt/ros/foxy /usr/bin/cmake --install /home/robomealmate/robomealmate/build/serial
[0.149s] -- Install configuration: ""
[0.149s] -- Execute custom install script
[0.150s] -- Up-to-date symlink: /home/robomealmate/robomealmate/install/serial/lib/libserial.a
[0.150s] -- Up-to-date symlink: /home/robomealmate/robomealmate/install/serial/include/serial/serial.h
[0.150s] -- Up-to-date symlink: /home/robomealmate/robomealmate/install/serial/include/serial/v8stdint.h
[0.151s] -- Up-to-date symlink: /home/robomealmate/robomealmate/install/serial/share/serial/environment/library_path.sh
[0.151s] -- Up-to-date symlink: /home/robomealmate/robomealmate/install/serial/share/serial/environment/library_path.dsv
[0.151s] -- Up-to-date symlink: /home/robomealmate/robomealmate/install/serial/share/ament_index/resource_index/package_run_dependencies/serial
[0.151s] -- Up-to-date symlink: /home/robomealmate/robomealmate/install/serial/share/ament_index/resource_index/parent_prefix_path/serial
[0.151s] -- Up-to-date symlink: /home/robomealmate/robomealmate/install/serial/share/serial/environment/ament_prefix_path.sh
[0.152s] -- Up-to-date symlink: /home/robomealmate/robomealmate/install/serial/share/serial/environment/ament_prefix_path.dsv
[0.152s] -- Up-to-date symlink: /home/robomealmate/robomealmate/install/serial/share/serial/environment/path.sh
[0.152s] -- Up-to-date symlink: /home/robomealmate/robomealmate/install/serial/share/serial/environment/path.dsv
[0.152s] -- Up-to-date symlink: /home/robomealmate/robomealmate/install/serial/share/serial/local_setup.bash
[0.152s] -- Up-to-date symlink: /home/robomealmate/robomealmate/install/serial/share/serial/local_setup.sh
[0.153s] -- Up-to-date symlink: /home/robomealmate/robomealmate/install/serial/share/serial/local_setup.zsh
[0.153s] -- Up-to-date symlink: /home/robomealmate/robomealmate/install/serial/share/serial/local_setup.dsv
[0.153s] -- Symlinking: /home/robomealmate/robomealmate/install/serial/share/serial/package.dsv
[0.163s] -- Up-to-date symlink: /home/robomealmate/robomealmate/install/serial/share/ament_index/resource_index/packages/serial
[0.164s] -- Up-to-date symlink: /home/robomealmate/robomealmate/install/serial/share/serial/cmake/ament_cmake_export_include_directories-extras.cmake
[0.164s] -- Up-to-date symlink: /home/robomealmate/robomealmate/install/serial/share/serial/cmake/ament_cmake_export_libraries-extras.cmake
[0.164s] -- Up-to-date symlink: /home/robomealmate/robomealmate/install/serial/share/serial/cmake/serialConfig.cmake
[0.164s] -- Up-to-date symlink: /home/robomealmate/robomealmate/install/serial/share/serial/cmake/serialConfig-version.cmake
[0.164s] -- Up-to-date symlink: /home/robomealmate/robomealmate/install/serial/share/serial/package.xml
[0.167s] Invoked command in '/home/robomealmate/robomealmate/build/serial' returned '0': CMAKE_PREFIX_PATH=${CMAKE_PREFIX_PATH}:/opt/ros/foxy /usr/bin/cmake --install /home/robomealmate/robomealmate/build/serial
