[0.171s] DEBUG:colcon:Command line arguments: ['/usr/bin/colcon', 'build', '--symlink-install']
[0.171s] DEBUG:colcon:Parsed command line arguments: Namespace(allow_overriding=[], ament_cmake_args=None, base_paths=['.'], build_base='build', catkin_cmake_args=None, catkin_skip_building_tests=False, cmake_args=None, cmake_clean_cache=False, cmake_clean_first=False, cmake_force_configure=False, cmake_target=None, cmake_target_skip_unavailable=False, continue_on_error=False, event_handlers=None, executor='parallel', ignore_user_meta=False, install_base='install', log_base=None, log_level=None, main=<bound method BuildVerb.main of <colcon_core.verb.build.BuildVerb object at 0x7fac8c143ee0>>, merge_install=False, metas=['./colcon.meta'], mixin=None, mixin_files=None, mixin_verb=('build',), packages_above=None, packages_above_and_dependencies=None, packages_above_depth=None, packages_end=None, packages_ignore=None, packages_ignore_regex=None, packages_select=None, packages_select_build_failed=False, packages_select_by_dep=None, packages_select_regex=None, packages_select_test_failures=False, packages_skip=None, packages_skip_build_finished=False, packages_skip_by_dep=None, packages_skip_regex=None, packages_skip_test_passed=False, packages_skip_up_to=None, packages_start=None, packages_up_to=None, packages_up_to_regex=None, parallel_workers=8, paths=None, symlink_install=True, test_result_base=None, verb_extension=<colcon_core.verb.build.BuildVerb object at 0x7fac8c143ee0>, verb_name='build', verb_parser=<colcon_mixin.mixin.mixin_argument.MixinArgumentDecorator object at 0x7fac8c0a64f0>)
[0.308s] Level 1:colcon.colcon_core.package_discovery:discover_packages(colcon_meta) check parameters
[0.308s] Level 1:colcon.colcon_core.package_discovery:discover_packages(recursive) check parameters
[0.308s] Level 1:colcon.colcon_core.package_discovery:discover_packages(ignore) check parameters
[0.308s] Level 1:colcon.colcon_core.package_discovery:discover_packages(path) check parameters
[0.308s] Level 1:colcon.colcon_core.package_discovery:discover_packages(colcon_meta) discover
[0.308s] Level 1:colcon.colcon_core.package_discovery:discover_packages(recursive) discover
[0.308s] INFO:colcon.colcon_core.package_discovery:Crawling recursively for packages in '/home/robomealmate/robomealmate'
[0.308s] Level 1:colcon.colcon_core.package_identification:_identify(.) by extensions ['ignore', 'ignore_ament_install']
[0.308s] Level 1:colcon.colcon_core.package_identification:_identify(.) by extension 'ignore'
[0.308s] Level 1:colcon.colcon_core.package_identification:_identify(.) by extension 'ignore_ament_install'
[0.308s] Level 1:colcon.colcon_core.package_identification:_identify(.) by extensions ['colcon_pkg']
[0.308s] Level 1:colcon.colcon_core.package_identification:_identify(.) by extension 'colcon_pkg'
[0.308s] Level 1:colcon.colcon_core.package_identification:_identify(.) by extensions ['colcon_meta']
[0.308s] Level 1:colcon.colcon_core.package_identification:_identify(.) by extension 'colcon_meta'
[0.308s] Level 1:colcon.colcon_core.package_identification:_identify(.) by extensions ['ros']
[0.308s] Level 1:colcon.colcon_core.package_identification:_identify(.) by extension 'ros'
[0.319s] Level 1:colcon.colcon_core.package_identification:_identify(.) by extensions ['cmake', 'python']
[0.319s] Level 1:colcon.colcon_core.package_identification:_identify(.) by extension 'cmake'
[0.319s] Level 1:colcon.colcon_core.package_identification:_identify(.) by extension 'python'
[0.319s] Level 1:colcon.colcon_core.package_identification:_identify(.) by extensions ['python_setup_py']
[0.319s] Level 1:colcon.colcon_core.package_identification:_identify(.) by extension 'python_setup_py'
[0.319s] Level 1:colcon.colcon_core.package_identification:_identify(build) by extensions ['ignore', 'ignore_ament_install']
[0.319s] Level 1:colcon.colcon_core.package_identification:_identify(build) by extension 'ignore'
[0.319s] Level 1:colcon.colcon_core.package_identification:_identify(build) ignored
[0.319s] Level 1:colcon.colcon_core.package_identification:_identify(install) by extensions ['ignore', 'ignore_ament_install']
[0.319s] Level 1:colcon.colcon_core.package_identification:_identify(install) by extension 'ignore'
[0.319s] Level 1:colcon.colcon_core.package_identification:_identify(install) ignored
[0.319s] Level 1:colcon.colcon_core.package_identification:_identify(log) by extensions ['ignore', 'ignore_ament_install']
[0.319s] Level 1:colcon.colcon_core.package_identification:_identify(log) by extension 'ignore'
[0.320s] Level 1:colcon.colcon_core.package_identification:_identify(log) ignored
[0.320s] Level 1:colcon.colcon_core.package_identification:_identify(src) by extensions ['ignore', 'ignore_ament_install']
[0.320s] Level 1:colcon.colcon_core.package_identification:_identify(src) by extension 'ignore'
[0.320s] Level 1:colcon.colcon_core.package_identification:_identify(src) by extension 'ignore_ament_install'
[0.320s] Level 1:colcon.colcon_core.package_identification:_identify(src) by extensions ['colcon_pkg']
[0.320s] Level 1:colcon.colcon_core.package_identification:_identify(src) by extension 'colcon_pkg'
[0.320s] Level 1:colcon.colcon_core.package_identification:_identify(src) by extensions ['colcon_meta']
[0.320s] Level 1:colcon.colcon_core.package_identification:_identify(src) by extension 'colcon_meta'
[0.320s] Level 1:colcon.colcon_core.package_identification:_identify(src) by extensions ['ros']
[0.320s] Level 1:colcon.colcon_core.package_identification:_identify(src) by extension 'ros'
[0.320s] Level 1:colcon.colcon_core.package_identification:_identify(src) by extensions ['cmake', 'python']
[0.320s] Level 1:colcon.colcon_core.package_identification:_identify(src) by extension 'cmake'
[0.320s] Level 1:colcon.colcon_core.package_identification:_identify(src) by extension 'python'
[0.320s] Level 1:colcon.colcon_core.package_identification:_identify(src) by extensions ['python_setup_py']
[0.320s] Level 1:colcon.colcon_core.package_identification:_identify(src) by extension 'python_setup_py'
[0.320s] Level 1:colcon.colcon_core.package_identification:_identify(src/diffdrive_arduino) by extensions ['ignore', 'ignore_ament_install']
[0.320s] Level 1:colcon.colcon_core.package_identification:_identify(src/diffdrive_arduino) by extension 'ignore'
[0.320s] Level 1:colcon.colcon_core.package_identification:_identify(src/diffdrive_arduino) by extension 'ignore_ament_install'
[0.320s] Level 1:colcon.colcon_core.package_identification:_identify(src/diffdrive_arduino) by extensions ['colcon_pkg']
[0.320s] Level 1:colcon.colcon_core.package_identification:_identify(src/diffdrive_arduino) by extension 'colcon_pkg'
[0.321s] Level 1:colcon.colcon_core.package_identification:_identify(src/diffdrive_arduino) by extensions ['colcon_meta']
[0.321s] Level 1:colcon.colcon_core.package_identification:_identify(src/diffdrive_arduino) by extension 'colcon_meta'
[0.321s] Level 1:colcon.colcon_core.package_identification:_identify(src/diffdrive_arduino) by extensions ['ros']
[0.321s] Level 1:colcon.colcon_core.package_identification:_identify(src/diffdrive_arduino) by extension 'ros'
[0.323s] DEBUG:colcon.colcon_core.package_identification:Package 'src/diffdrive_arduino' with type 'ros.ament_cmake' and name 'diffdrive_arduino'
[0.323s] Level 1:colcon.colcon_core.package_identification:_identify(src/robomealmate) by extensions ['ignore', 'ignore_ament_install']
[0.324s] Level 1:colcon.colcon_core.package_identification:_identify(src/robomealmate) by extension 'ignore'
[0.324s] Level 1:colcon.colcon_core.package_identification:_identify(src/robomealmate) by extension 'ignore_ament_install'
[0.324s] Level 1:colcon.colcon_core.package_identification:_identify(src/robomealmate) by extensions ['colcon_pkg']
[0.324s] Level 1:colcon.colcon_core.package_identification:_identify(src/robomealmate) by extension 'colcon_pkg'
[0.324s] Level 1:colcon.colcon_core.package_identification:_identify(src/robomealmate) by extensions ['colcon_meta']
[0.324s] Level 1:colcon.colcon_core.package_identification:_identify(src/robomealmate) by extension 'colcon_meta'
[0.324s] Level 1:colcon.colcon_core.package_identification:_identify(src/robomealmate) by extensions ['ros']
[0.324s] Level 1:colcon.colcon_core.package_identification:_identify(src/robomealmate) by extension 'ros'
[0.324s] DEBUG:colcon.colcon_core.package_identification:Package 'src/robomealmate' with type 'ros.ament_cmake' and name 'robomealmate'
[0.325s] Level 1:colcon.colcon_core.package_identification:_identify(src/serial) by extensions ['ignore', 'ignore_ament_install']
[0.325s] Level 1:colcon.colcon_core.package_identification:_identify(src/serial) by extension 'ignore'
[0.325s] Level 1:colcon.colcon_core.package_identification:_identify(src/serial) by extension 'ignore_ament_install'
[0.325s] Level 1:colcon.colcon_core.package_identification:_identify(src/serial) by extensions ['colcon_pkg']
[0.325s] Level 1:colcon.colcon_core.package_identification:_identify(src/serial) by extension 'colcon_pkg'
[0.325s] Level 1:colcon.colcon_core.package_identification:_identify(src/serial) by extensions ['colcon_meta']
[0.325s] Level 1:colcon.colcon_core.package_identification:_identify(src/serial) by extension 'colcon_meta'
[0.325s] Level 1:colcon.colcon_core.package_identification:_identify(src/serial) by extensions ['ros']
[0.325s] Level 1:colcon.colcon_core.package_identification:_identify(src/serial) by extension 'ros'
[0.325s] DEBUG:colcon.colcon_core.package_identification:Package 'src/serial' with type 'ros.ament_cmake' and name 'serial'
[0.326s] Level 1:colcon.colcon_core.package_discovery:discover_packages(recursive) using defaults
[0.326s] Level 1:colcon.colcon_core.package_discovery:discover_packages(ignore) discover
[0.326s] Level 1:colcon.colcon_core.package_discovery:discover_packages(ignore) using defaults
[0.326s] Level 1:colcon.colcon_core.package_discovery:discover_packages(path) discover
[0.326s] Level 1:colcon.colcon_core.package_discovery:discover_packages(path) using defaults
[0.340s] Level 1:colcon.colcon_core.package_discovery:discover_packages(prefix_path) check parameters
[0.340s] Level 1:colcon.colcon_core.package_discovery:discover_packages(prefix_path) discover
[0.342s] DEBUG:colcon.colcon_installed_package_information.package_discovery:Found 287 installed packages in /opt/ros/foxy
[0.344s] Level 1:colcon.colcon_core.package_discovery:discover_packages(prefix_path) using defaults
[0.407s] Level 5:colcon.colcon_core.verb:set package 'robomealmate' build argument 'cmake_args' from command line to 'None'
[0.407s] Level 5:colcon.colcon_core.verb:set package 'robomealmate' build argument 'cmake_target' from command line to 'None'
[0.407s] Level 5:colcon.colcon_core.verb:set package 'robomealmate' build argument 'cmake_target_skip_unavailable' from command line to 'False'
[0.407s] Level 5:colcon.colcon_core.verb:set package 'robomealmate' build argument 'cmake_clean_cache' from command line to 'False'
[0.407s] Level 5:colcon.colcon_core.verb:set package 'robomealmate' build argument 'cmake_clean_first' from command line to 'False'
[0.407s] Level 5:colcon.colcon_core.verb:set package 'robomealmate' build argument 'cmake_force_configure' from command line to 'False'
[0.407s] Level 5:colcon.colcon_core.verb:set package 'robomealmate' build argument 'ament_cmake_args' from command line to 'None'
[0.407s] Level 5:colcon.colcon_core.verb:set package 'robomealmate' build argument 'catkin_cmake_args' from command line to 'None'
[0.407s] Level 5:colcon.colcon_core.verb:set package 'robomealmate' build argument 'catkin_skip_building_tests' from command line to 'False'
[0.407s] DEBUG:colcon.colcon_core.verb:Building package 'robomealmate' with the following arguments: {'ament_cmake_args': None, 'build_base': '/home/robomealmate/robomealmate/build/robomealmate', 'catkin_cmake_args': None, 'catkin_skip_building_tests': False, 'cmake_args': None, 'cmake_clean_cache': False, 'cmake_clean_first': False, 'cmake_force_configure': False, 'cmake_target': None, 'cmake_target_skip_unavailable': False, 'install_base': '/home/robomealmate/robomealmate/install/robomealmate', 'merge_install': False, 'path': '/home/robomealmate/robomealmate/src/robomealmate', 'symlink_install': True, 'test_result_base': None}
[0.408s] Level 5:colcon.colcon_core.verb:set package 'serial' build argument 'cmake_args' from command line to 'None'
[0.408s] Level 5:colcon.colcon_core.verb:set package 'serial' build argument 'cmake_target' from command line to 'None'
[0.408s] Level 5:colcon.colcon_core.verb:set package 'serial' build argument 'cmake_target_skip_unavailable' from command line to 'False'
[0.408s] Level 5:colcon.colcon_core.verb:set package 'serial' build argument 'cmake_clean_cache' from command line to 'False'
[0.408s] Level 5:colcon.colcon_core.verb:set package 'serial' build argument 'cmake_clean_first' from command line to 'False'
[0.408s] Level 5:colcon.colcon_core.verb:set package 'serial' build argument 'cmake_force_configure' from command line to 'False'
[0.408s] Level 5:colcon.colcon_core.verb:set package 'serial' build argument 'ament_cmake_args' from command line to 'None'
[0.408s] Level 5:colcon.colcon_core.verb:set package 'serial' build argument 'catkin_cmake_args' from command line to 'None'
[0.408s] Level 5:colcon.colcon_core.verb:set package 'serial' build argument 'catkin_skip_building_tests' from command line to 'False'
[0.408s] DEBUG:colcon.colcon_core.verb:Building package 'serial' with the following arguments: {'ament_cmake_args': None, 'build_base': '/home/robomealmate/robomealmate/build/serial', 'catkin_cmake_args': None, 'catkin_skip_building_tests': False, 'cmake_args': None, 'cmake_clean_cache': False, 'cmake_clean_first': False, 'cmake_force_configure': False, 'cmake_target': None, 'cmake_target_skip_unavailable': False, 'install_base': '/home/robomealmate/robomealmate/install/serial', 'merge_install': False, 'path': '/home/robomealmate/robomealmate/src/serial', 'symlink_install': True, 'test_result_base': None}
[0.408s] Level 5:colcon.colcon_core.verb:set package 'diffdrive_arduino' build argument 'cmake_args' from command line to 'None'
[0.408s] Level 5:colcon.colcon_core.verb:set package 'diffdrive_arduino' build argument 'cmake_target' from command line to 'None'
[0.408s] Level 5:colcon.colcon_core.verb:set package 'diffdrive_arduino' build argument 'cmake_target_skip_unavailable' from command line to 'False'
[0.408s] Level 5:colcon.colcon_core.verb:set package 'diffdrive_arduino' build argument 'cmake_clean_cache' from command line to 'False'
[0.408s] Level 5:colcon.colcon_core.verb:set package 'diffdrive_arduino' build argument 'cmake_clean_first' from command line to 'False'
[0.408s] Level 5:colcon.colcon_core.verb:set package 'diffdrive_arduino' build argument 'cmake_force_configure' from command line to 'False'
[0.409s] Level 5:colcon.colcon_core.verb:set package 'diffdrive_arduino' build argument 'ament_cmake_args' from command line to 'None'
[0.409s] Level 5:colcon.colcon_core.verb:set package 'diffdrive_arduino' build argument 'catkin_cmake_args' from command line to 'None'
[0.409s] Level 5:colcon.colcon_core.verb:set package 'diffdrive_arduino' build argument 'catkin_skip_building_tests' from command line to 'False'
[0.409s] DEBUG:colcon.colcon_core.verb:Building package 'diffdrive_arduino' with the following arguments: {'ament_cmake_args': None, 'build_base': '/home/robomealmate/robomealmate/build/diffdrive_arduino', 'catkin_cmake_args': None, 'catkin_skip_building_tests': False, 'cmake_args': None, 'cmake_clean_cache': False, 'cmake_clean_first': False, 'cmake_force_configure': False, 'cmake_target': None, 'cmake_target_skip_unavailable': False, 'install_base': '/home/robomealmate/robomealmate/install/diffdrive_arduino', 'merge_install': False, 'path': '/home/robomealmate/robomealmate/src/diffdrive_arduino', 'symlink_install': True, 'test_result_base': None}
[0.409s] INFO:colcon.colcon_core.executor:Executing jobs using 'parallel' executor
[0.411s] DEBUG:colcon.colcon_parallel_executor.executor.parallel:run_until_complete
[0.411s] INFO:colcon.colcon_ros.task.ament_cmake.build:Building ROS package in '/home/robomealmate/robomealmate/src/serial' with build type 'ament_cmake'
[0.411s] INFO:colcon.colcon_cmake.task.cmake.build:Building CMake package in '/home/robomealmate/robomealmate/src/serial'
[0.414s] INFO:colcon.colcon_core.plugin_system:Skipping extension 'colcon_core.shell.bat': Not used on non-Windows systems
[0.414s] INFO:colcon.colcon_core.shell:Skip shell extension 'powershell' for command environment: Not usable outside of PowerShell
[0.414s] DEBUG:colcon.colcon_core.shell:Skip shell extension 'dsv' for command environment
[0.419s] INFO:colcon.colcon_ros.task.ament_cmake.build:Building ROS package in '/home/robomealmate/robomealmate/src/robomealmate' with build type 'ament_cmake'
[0.419s] INFO:colcon.colcon_cmake.task.cmake.build:Building CMake package in '/home/robomealmate/robomealmate/src/robomealmate'
[0.419s] INFO:colcon.colcon_core.shell:Skip shell extension 'powershell' for command environment: Not usable outside of PowerShell
[0.419s] DEBUG:colcon.colcon_core.shell:Skip shell extension 'dsv' for command environment
[0.432s] DEBUG:colcon.colcon_core.event_handler.log_command:Invoking command in '/home/robomealmate/robomealmate/build/serial': CMAKE_PREFIX_PATH=/opt/ros/foxy /usr/bin/cmake /home/robomealmate/robomealmate/src/serial -DAMENT_CMAKE_SYMLINK_INSTALL=1 -DCMAKE_INSTALL_PREFIX=/home/robomealmate/robomealmate/install/serial
[0.438s] DEBUG:colcon.colcon_core.event_handler.log_command:Invoking command in '/home/robomealmate/robomealmate/build/robomealmate': CMAKE_PREFIX_PATH=/opt/ros/foxy /usr/bin/cmake /home/robomealmate/robomealmate/src/robomealmate -DAMENT_CMAKE_SYMLINK_INSTALL=1 -DCMAKE_INSTALL_PREFIX=/home/robomealmate/robomealmate/install/robomealmate
[1.097s] DEBUG:colcon.colcon_core.event_handler.log_command:Invoked command in '/home/robomealmate/robomealmate/build/robomealmate' returned '0': CMAKE_PREFIX_PATH=/opt/ros/foxy /usr/bin/cmake /home/robomealmate/robomealmate/src/robomealmate -DAMENT_CMAKE_SYMLINK_INSTALL=1 -DCMAKE_INSTALL_PREFIX=/home/robomealmate/robomealmate/install/robomealmate
[1.101s] DEBUG:colcon.colcon_core.event_handler.log_command:Invoking command in '/home/robomealmate/robomealmate/build/robomealmate': CMAKE_PREFIX_PATH=/opt/ros/foxy /usr/bin/cmake --build /home/robomealmate/robomealmate/build/robomealmate -- -j8 -l8
[1.137s] DEBUG:colcon.colcon_core.event_handler.log_command:Invoked command in '/home/robomealmate/robomealmate/build/robomealmate' returned '0': CMAKE_PREFIX_PATH=/opt/ros/foxy /usr/bin/cmake --build /home/robomealmate/robomealmate/build/robomealmate -- -j8 -l8
[1.150s] DEBUG:colcon.colcon_core.event_handler.log_command:Invoking command in '/home/robomealmate/robomealmate/build/robomealmate': CMAKE_PREFIX_PATH=/opt/ros/foxy /usr/bin/cmake --install /home/robomealmate/robomealmate/build/robomealmate
[1.298s] DEBUG:colcon.colcon_core.event_handler.log_command:Invoked command in '/home/robomealmate/robomealmate/build/serial' returned '0': CMAKE_PREFIX_PATH=/opt/ros/foxy /usr/bin/cmake /home/robomealmate/robomealmate/src/serial -DAMENT_CMAKE_SYMLINK_INSTALL=1 -DCMAKE_INSTALL_PREFIX=/home/robomealmate/robomealmate/install/serial
[1.302s] DEBUG:colcon.colcon_core.event_handler.log_command:Invoking command in '/home/robomealmate/robomealmate/build/serial': CMAKE_PREFIX_PATH=/opt/ros/foxy /usr/bin/cmake --build /home/robomealmate/robomealmate/build/serial -- -j8 -l8
[1.399s] Level 1:colcon.colcon_core.environment:create_environment_scripts_only(robomealmate)
[1.403s] Level 1:colcon.colcon_core.environment:checking '/home/robomealmate/robomealmate/install/robomealmate' for CMake module files
[1.404s] Level 1:colcon.colcon_core.environment:checking '/home/robomealmate/robomealmate/install/robomealmate' for CMake config files
[1.405s] Level 1:colcon.colcon_core.shell:create_environment_hook('robomealmate', 'cmake_prefix_path')
[1.405s] INFO:colcon.colcon_core.shell:Creating environment hook '/home/robomealmate/robomealmate/install/robomealmate/share/robomealmate/hook/cmake_prefix_path.ps1'
[1.406s] INFO:colcon.colcon_core.shell:Creating environment descriptor '/home/robomealmate/robomealmate/install/robomealmate/share/robomealmate/hook/cmake_prefix_path.dsv'
[1.407s] INFO:colcon.colcon_core.shell:Creating environment hook '/home/robomealmate/robomealmate/install/robomealmate/share/robomealmate/hook/cmake_prefix_path.sh'
[1.409s] Level 1:colcon.colcon_core.environment:checking '/home/robomealmate/robomealmate/install/robomealmate/bin'
[1.409s] Level 1:colcon.colcon_core.environment:checking '/home/robomealmate/robomealmate/install/robomealmate/lib/pkgconfig/robomealmate.pc'
[1.409s] Level 1:colcon.colcon_core.environment:checking '/home/robomealmate/robomealmate/install/robomealmate/lib/python3.8/site-packages'
[1.410s] Level 1:colcon.colcon_core.environment:checking '/home/robomealmate/robomealmate/install/robomealmate/bin'
[1.410s] INFO:colcon.colcon_core.shell:Creating package script '/home/robomealmate/robomealmate/install/robomealmate/share/robomealmate/package.ps1'
[1.412s] INFO:colcon.colcon_core.shell:Creating package descriptor '/home/robomealmate/robomealmate/install/robomealmate/share/robomealmate/package.dsv'
[1.413s] DEBUG:colcon.colcon_core.event_handler.log_command:Invoked command in '/home/robomealmate/robomealmate/build/robomealmate' returned '0': CMAKE_PREFIX_PATH=/opt/ros/foxy /usr/bin/cmake --install /home/robomealmate/robomealmate/build/robomealmate
[1.414s] INFO:colcon.colcon_core.shell:Creating package script '/home/robomealmate/robomealmate/install/robomealmate/share/robomealmate/package.sh'
[1.415s] INFO:colcon.colcon_core.shell:Creating package script '/home/robomealmate/robomealmate/install/robomealmate/share/robomealmate/package.bash'
[1.416s] INFO:colcon.colcon_core.shell:Creating package script '/home/robomealmate/robomealmate/install/robomealmate/share/robomealmate/package.zsh'
[1.417s] Level 1:colcon.colcon_core.environment:create_file_with_runtime_dependencies(/home/robomealmate/robomealmate/install/robomealmate/share/colcon-core/packages/robomealmate)
[1.419s] Level 1:colcon.colcon_core.environment:create_environment_scripts_only(robomealmate)
[1.419s] Level 1:colcon.colcon_core.environment:checking '/home/robomealmate/robomealmate/install/robomealmate' for CMake module files
[1.420s] Level 1:colcon.colcon_core.environment:checking '/home/robomealmate/robomealmate/install/robomealmate' for CMake config files
[1.420s] Level 1:colcon.colcon_core.shell:create_environment_hook('robomealmate', 'cmake_prefix_path')
[1.421s] INFO:colcon.colcon_core.shell:Creating environment hook '/home/robomealmate/robomealmate/install/robomealmate/share/robomealmate/hook/cmake_prefix_path.ps1'
[1.421s] INFO:colcon.colcon_core.shell:Creating environment descriptor '/home/robomealmate/robomealmate/install/robomealmate/share/robomealmate/hook/cmake_prefix_path.dsv'
[1.422s] INFO:colcon.colcon_core.shell:Creating environment hook '/home/robomealmate/robomealmate/install/robomealmate/share/robomealmate/hook/cmake_prefix_path.sh'
[1.423s] Level 1:colcon.colcon_core.environment:checking '/home/robomealmate/robomealmate/install/robomealmate/bin'
[1.423s] Level 1:colcon.colcon_core.environment:checking '/home/robomealmate/robomealmate/install/robomealmate/lib/pkgconfig/robomealmate.pc'
[1.424s] Level 1:colcon.colcon_core.environment:checking '/home/robomealmate/robomealmate/install/robomealmate/lib/python3.8/site-packages'
[1.424s] Level 1:colcon.colcon_core.environment:checking '/home/robomealmate/robomealmate/install/robomealmate/bin'
[1.424s] INFO:colcon.colcon_core.shell:Creating package script '/home/robomealmate/robomealmate/install/robomealmate/share/robomealmate/package.ps1'
[1.425s] INFO:colcon.colcon_core.shell:Creating package descriptor '/home/robomealmate/robomealmate/install/robomealmate/share/robomealmate/package.dsv'
[1.426s] INFO:colcon.colcon_core.shell:Creating package script '/home/robomealmate/robomealmate/install/robomealmate/share/robomealmate/package.sh'
[1.427s] INFO:colcon.colcon_core.shell:Creating package script '/home/robomealmate/robomealmate/install/robomealmate/share/robomealmate/package.bash'
[1.428s] INFO:colcon.colcon_core.shell:Creating package script '/home/robomealmate/robomealmate/install/robomealmate/share/robomealmate/package.zsh'
[1.429s] Level 1:colcon.colcon_core.environment:create_file_with_runtime_dependencies(/home/robomealmate/robomealmate/install/robomealmate/share/colcon-core/packages/robomealmate)
[5.233s] DEBUG:colcon.colcon_core.event_handler.log_command:Invoked command in '/home/robomealmate/robomealmate/build/serial' returned '0': CMAKE_PREFIX_PATH=/opt/ros/foxy /usr/bin/cmake --build /home/robomealmate/robomealmate/build/serial -- -j8 -l8
[5.236s] DEBUG:colcon.colcon_core.event_handler.log_command:Invoking command in '/home/robomealmate/robomealmate/build/serial': CMAKE_PREFIX_PATH=/opt/ros/foxy /usr/bin/cmake --install /home/robomealmate/robomealmate/build/serial
[5.430s] Level 1:colcon.colcon_core.environment:create_environment_scripts_only(serial)
[5.430s] Level 1:colcon.colcon_core.environment:checking '/home/robomealmate/robomealmate/install/serial' for CMake module files
[5.431s] DEBUG:colcon.colcon_core.event_handler.log_command:Invoked command in '/home/robomealmate/robomealmate/build/serial' returned '0': CMAKE_PREFIX_PATH=/opt/ros/foxy /usr/bin/cmake --install /home/robomealmate/robomealmate/build/serial
[5.431s] Level 1:colcon.colcon_core.environment:checking '/home/robomealmate/robomealmate/install/serial' for CMake config files
[5.431s] Level 1:colcon.colcon_core.shell:create_environment_hook('serial', 'cmake_prefix_path')
[5.432s] INFO:colcon.colcon_core.shell:Creating environment hook '/home/robomealmate/robomealmate/install/serial/share/serial/hook/cmake_prefix_path.ps1'
[5.432s] INFO:colcon.colcon_core.shell:Creating environment descriptor '/home/robomealmate/robomealmate/install/serial/share/serial/hook/cmake_prefix_path.dsv'
[5.432s] INFO:colcon.colcon_core.shell:Creating environment hook '/home/robomealmate/robomealmate/install/serial/share/serial/hook/cmake_prefix_path.sh'
[5.433s] Level 1:colcon.colcon_core.environment:checking '/home/robomealmate/robomealmate/install/serial/lib'
[5.433s] Level 1:colcon.colcon_core.environment:checking '/home/robomealmate/robomealmate/install/serial/bin'
[5.433s] Level 1:colcon.colcon_core.environment:checking '/home/robomealmate/robomealmate/install/serial/lib/pkgconfig/serial.pc'
[5.434s] Level 1:colcon.colcon_core.environment:checking '/home/robomealmate/robomealmate/install/serial/lib/python3.8/site-packages'
[5.434s] Level 1:colcon.colcon_core.environment:checking '/home/robomealmate/robomealmate/install/serial/bin'
[5.434s] INFO:colcon.colcon_core.shell:Creating package script '/home/robomealmate/robomealmate/install/serial/share/serial/package.ps1'
[5.435s] INFO:colcon.colcon_core.shell:Creating package descriptor '/home/robomealmate/robomealmate/install/serial/share/serial/package.dsv'
[5.435s] INFO:colcon.colcon_core.shell:Creating package script '/home/robomealmate/robomealmate/install/serial/share/serial/package.sh'
[5.435s] INFO:colcon.colcon_core.shell:Creating package script '/home/robomealmate/robomealmate/install/serial/share/serial/package.bash'
[5.436s] INFO:colcon.colcon_core.shell:Creating package script '/home/robomealmate/robomealmate/install/serial/share/serial/package.zsh'
[5.436s] Level 1:colcon.colcon_core.environment:create_file_with_runtime_dependencies(/home/robomealmate/robomealmate/install/serial/share/colcon-core/packages/serial)
[5.437s] Level 1:colcon.colcon_core.environment:create_environment_scripts_only(serial)
[5.437s] Level 1:colcon.colcon_core.environment:checking '/home/robomealmate/robomealmate/install/serial' for CMake module files
[5.437s] Level 1:colcon.colcon_core.environment:checking '/home/robomealmate/robomealmate/install/serial' for CMake config files
[5.437s] Level 1:colcon.colcon_core.shell:create_environment_hook('serial', 'cmake_prefix_path')
[5.437s] INFO:colcon.colcon_core.shell:Creating environment hook '/home/robomealmate/robomealmate/install/serial/share/serial/hook/cmake_prefix_path.ps1'
[5.438s] INFO:colcon.colcon_core.shell:Creating environment descriptor '/home/robomealmate/robomealmate/install/serial/share/serial/hook/cmake_prefix_path.dsv'
[5.438s] INFO:colcon.colcon_core.shell:Creating environment hook '/home/robomealmate/robomealmate/install/serial/share/serial/hook/cmake_prefix_path.sh'
[5.439s] Level 1:colcon.colcon_core.environment:checking '/home/robomealmate/robomealmate/install/serial/lib'
[5.439s] Level 1:colcon.colcon_core.environment:checking '/home/robomealmate/robomealmate/install/serial/bin'
[5.439s] Level 1:colcon.colcon_core.environment:checking '/home/robomealmate/robomealmate/install/serial/lib/pkgconfig/serial.pc'
[5.439s] Level 1:colcon.colcon_core.environment:checking '/home/robomealmate/robomealmate/install/serial/lib/python3.8/site-packages'
[5.439s] Level 1:colcon.colcon_core.environment:checking '/home/robomealmate/robomealmate/install/serial/bin'
[5.440s] INFO:colcon.colcon_core.shell:Creating package script '/home/robomealmate/robomealmate/install/serial/share/serial/package.ps1'
[5.440s] INFO:colcon.colcon_core.shell:Creating package descriptor '/home/robomealmate/robomealmate/install/serial/share/serial/package.dsv'
[5.441s] INFO:colcon.colcon_core.shell:Creating package script '/home/robomealmate/robomealmate/install/serial/share/serial/package.sh'
[5.441s] INFO:colcon.colcon_core.shell:Creating package script '/home/robomealmate/robomealmate/install/serial/share/serial/package.bash'
[5.442s] INFO:colcon.colcon_core.shell:Creating package script '/home/robomealmate/robomealmate/install/serial/share/serial/package.zsh'
[5.442s] Level 1:colcon.colcon_core.environment:create_file_with_runtime_dependencies(/home/robomealmate/robomealmate/install/serial/share/colcon-core/packages/serial)
[5.443s] INFO:colcon.colcon_ros.task.ament_cmake.build:Building ROS package in '/home/robomealmate/robomealmate/src/diffdrive_arduino' with build type 'ament_cmake'
[5.443s] INFO:colcon.colcon_cmake.task.cmake.build:Building CMake package in '/home/robomealmate/robomealmate/src/diffdrive_arduino'
[5.443s] INFO:colcon.colcon_core.shell:Skip shell extension 'powershell' for command environment: Not usable outside of PowerShell
[5.443s] DEBUG:colcon.colcon_core.shell:Skip shell extension 'dsv' for command environment
[5.457s] DEBUG:colcon.colcon_core.event_handler.log_command:Invoking command in '/home/robomealmate/robomealmate/build/diffdrive_arduino': AMENT_PREFIX_PATH=/home/robomealmate/robomealmate/install/serial:${AMENT_PREFIX_PATH} CMAKE_PREFIX_PATH=/home/robomealmate/robomealmate/install/serial:/opt/ros/foxy LD_LIBRARY_PATH=/home/robomealmate/robomealmate/install/serial/lib:${LD_LIBRARY_PATH} /usr/bin/cmake /home/robomealmate/robomealmate/src/diffdrive_arduino -DAMENT_CMAKE_SYMLINK_INSTALL=1 -DCMAKE_INSTALL_PREFIX=/home/robomealmate/robomealmate/install/diffdrive_arduino
[7.069s] DEBUG:colcon.colcon_core.event_handler.log_command:Invoked command in '/home/robomealmate/robomealmate/build/diffdrive_arduino' returned '0': AMENT_PREFIX_PATH=/home/robomealmate/robomealmate/install/serial:${AMENT_PREFIX_PATH} CMAKE_PREFIX_PATH=/home/robomealmate/robomealmate/install/serial:/opt/ros/foxy LD_LIBRARY_PATH=/home/robomealmate/robomealmate/install/serial/lib:${LD_LIBRARY_PATH} /usr/bin/cmake /home/robomealmate/robomealmate/src/diffdrive_arduino -DAMENT_CMAKE_SYMLINK_INSTALL=1 -DCMAKE_INSTALL_PREFIX=/home/robomealmate/robomealmate/install/diffdrive_arduino
[7.072s] DEBUG:colcon.colcon_core.event_handler.log_command:Invoking command in '/home/robomealmate/robomealmate/build/diffdrive_arduino': AMENT_PREFIX_PATH=/home/robomealmate/robomealmate/install/serial:${AMENT_PREFIX_PATH} CMAKE_PREFIX_PATH=/home/robomealmate/robomealmate/install/serial:/opt/ros/foxy LD_LIBRARY_PATH=/home/robomealmate/robomealmate/install/serial/lib:${LD_LIBRARY_PATH} /usr/bin/cmake --build /home/robomealmate/robomealmate/build/diffdrive_arduino -- -j8 -l8
[9.470s] DEBUG:colcon.colcon_core.event_handler.log_command:Invoked command in '/home/robomealmate/robomealmate/build/diffdrive_arduino' returned '0': AMENT_PREFIX_PATH=/home/robomealmate/robomealmate/install/serial:${AMENT_PREFIX_PATH} CMAKE_PREFIX_PATH=/home/robomealmate/robomealmate/install/serial:/opt/ros/foxy LD_LIBRARY_PATH=/home/robomealmate/robomealmate/install/serial/lib:${LD_LIBRARY_PATH} /usr/bin/cmake --build /home/robomealmate/robomealmate/build/diffdrive_arduino -- -j8 -l8
[9.473s] DEBUG:colcon.colcon_core.event_handler.log_command:Invoking command in '/home/robomealmate/robomealmate/build/diffdrive_arduino': AMENT_PREFIX_PATH=/home/robomealmate/robomealmate/install/serial:${AMENT_PREFIX_PATH} CMAKE_PREFIX_PATH=/home/robomealmate/robomealmate/install/serial:/opt/ros/foxy LD_LIBRARY_PATH=/home/robomealmate/robomealmate/install/serial/lib:${LD_LIBRARY_PATH} /usr/bin/cmake --install /home/robomealmate/robomealmate/build/diffdrive_arduino
[9.685s] Level 1:colcon.colcon_core.environment:create_environment_scripts_only(diffdrive_arduino)
[9.685s] Level 1:colcon.colcon_core.environment:checking '/home/robomealmate/robomealmate/install/diffdrive_arduino' for CMake module files
[9.686s] DEBUG:colcon.colcon_core.event_handler.log_command:Invoked command in '/home/robomealmate/robomealmate/build/diffdrive_arduino' returned '0': AMENT_PREFIX_PATH=/home/robomealmate/robomealmate/install/serial:${AMENT_PREFIX_PATH} CMAKE_PREFIX_PATH=/home/robomealmate/robomealmate/install/serial:/opt/ros/foxy LD_LIBRARY_PATH=/home/robomealmate/robomealmate/install/serial/lib:${LD_LIBRARY_PATH} /usr/bin/cmake --install /home/robomealmate/robomealmate/build/diffdrive_arduino
[9.686s] Level 1:colcon.colcon_core.environment:checking '/home/robomealmate/robomealmate/install/diffdrive_arduino' for CMake config files
[9.687s] Level 1:colcon.colcon_core.shell:create_environment_hook('diffdrive_arduino', 'cmake_prefix_path')
[9.687s] INFO:colcon.colcon_core.shell:Creating environment hook '/home/robomealmate/robomealmate/install/diffdrive_arduino/share/diffdrive_arduino/hook/cmake_prefix_path.ps1'
[9.687s] INFO:colcon.colcon_core.shell:Creating environment descriptor '/home/robomealmate/robomealmate/install/diffdrive_arduino/share/diffdrive_arduino/hook/cmake_prefix_path.dsv'
[9.688s] INFO:colcon.colcon_core.shell:Creating environment hook '/home/robomealmate/robomealmate/install/diffdrive_arduino/share/diffdrive_arduino/hook/cmake_prefix_path.sh'
[9.688s] Level 1:colcon.colcon_core.environment:checking '/home/robomealmate/robomealmate/install/diffdrive_arduino/lib'
[9.688s] Level 1:colcon.colcon_core.shell:create_environment_hook('diffdrive_arduino', 'ld_library_path_lib')
[9.688s] INFO:colcon.colcon_core.shell:Creating environment hook '/home/robomealmate/robomealmate/install/diffdrive_arduino/share/diffdrive_arduino/hook/ld_library_path_lib.ps1'
[9.689s] INFO:colcon.colcon_core.shell:Creating environment descriptor '/home/robomealmate/robomealmate/install/diffdrive_arduino/share/diffdrive_arduino/hook/ld_library_path_lib.dsv'
[9.689s] INFO:colcon.colcon_core.shell:Creating environment hook '/home/robomealmate/robomealmate/install/diffdrive_arduino/share/diffdrive_arduino/hook/ld_library_path_lib.sh'
[9.689s] Level 1:colcon.colcon_core.environment:checking '/home/robomealmate/robomealmate/install/diffdrive_arduino/bin'
[9.689s] Level 1:colcon.colcon_core.environment:checking '/home/robomealmate/robomealmate/install/diffdrive_arduino/lib/pkgconfig/diffdrive_arduino.pc'
[9.689s] Level 1:colcon.colcon_core.environment:checking '/home/robomealmate/robomealmate/install/diffdrive_arduino/lib/python3.8/site-packages'
[9.690s] Level 1:colcon.colcon_core.environment:checking '/home/robomealmate/robomealmate/install/diffdrive_arduino/bin'
[9.690s] INFO:colcon.colcon_core.shell:Creating package script '/home/robomealmate/robomealmate/install/diffdrive_arduino/share/diffdrive_arduino/package.ps1'
[9.690s] INFO:colcon.colcon_core.shell:Creating package descriptor '/home/robomealmate/robomealmate/install/diffdrive_arduino/share/diffdrive_arduino/package.dsv'
[9.691s] INFO:colcon.colcon_core.shell:Creating package script '/home/robomealmate/robomealmate/install/diffdrive_arduino/share/diffdrive_arduino/package.sh'
[9.691s] INFO:colcon.colcon_core.shell:Creating package script '/home/robomealmate/robomealmate/install/diffdrive_arduino/share/diffdrive_arduino/package.bash'
[9.691s] INFO:colcon.colcon_core.shell:Creating package script '/home/robomealmate/robomealmate/install/diffdrive_arduino/share/diffdrive_arduino/package.zsh'
[9.692s] Level 1:colcon.colcon_core.environment:create_file_with_runtime_dependencies(/home/robomealmate/robomealmate/install/diffdrive_arduino/share/colcon-core/packages/diffdrive_arduino)
[9.692s] Level 1:colcon.colcon_core.environment:create_environment_scripts_only(diffdrive_arduino)
[9.692s] Level 1:colcon.colcon_core.environment:checking '/home/robomealmate/robomealmate/install/diffdrive_arduino' for CMake module files
[9.693s] Level 1:colcon.colcon_core.environment:checking '/home/robomealmate/robomealmate/install/diffdrive_arduino' for CMake config files
[9.693s] Level 1:colcon.colcon_core.shell:create_environment_hook('diffdrive_arduino', 'cmake_prefix_path')
[9.693s] INFO:colcon.colcon_core.shell:Creating environment hook '/home/robomealmate/robomealmate/install/diffdrive_arduino/share/diffdrive_arduino/hook/cmake_prefix_path.ps1'
[9.694s] INFO:colcon.colcon_core.shell:Creating environment descriptor '/home/robomealmate/robomealmate/install/diffdrive_arduino/share/diffdrive_arduino/hook/cmake_prefix_path.dsv'
[9.694s] INFO:colcon.colcon_core.shell:Creating environment hook '/home/robomealmate/robomealmate/install/diffdrive_arduino/share/diffdrive_arduino/hook/cmake_prefix_path.sh'
[9.695s] Level 1:colcon.colcon_core.environment:checking '/home/robomealmate/robomealmate/install/diffdrive_arduino/lib'
[9.695s] Level 1:colcon.colcon_core.shell:create_environment_hook('diffdrive_arduino', 'ld_library_path_lib')
[9.695s] INFO:colcon.colcon_core.shell:Creating environment hook '/home/robomealmate/robomealmate/install/diffdrive_arduino/share/diffdrive_arduino/hook/ld_library_path_lib.ps1'
[9.695s] INFO:colcon.colcon_core.shell:Creating environment descriptor '/home/robomealmate/robomealmate/install/diffdrive_arduino/share/diffdrive_arduino/hook/ld_library_path_lib.dsv'
[9.696s] INFO:colcon.colcon_core.shell:Creating environment hook '/home/robomealmate/robomealmate/install/diffdrive_arduino/share/diffdrive_arduino/hook/ld_library_path_lib.sh'
[9.696s] Level 1:colcon.colcon_core.environment:checking '/home/robomealmate/robomealmate/install/diffdrive_arduino/bin'
[9.697s] Level 1:colcon.colcon_core.environment:checking '/home/robomealmate/robomealmate/install/diffdrive_arduino/lib/pkgconfig/diffdrive_arduino.pc'
[9.697s] Level 1:colcon.colcon_core.environment:checking '/home/robomealmate/robomealmate/install/diffdrive_arduino/lib/python3.8/site-packages'
[9.697s] Level 1:colcon.colcon_core.environment:checking '/home/robomealmate/robomealmate/install/diffdrive_arduino/bin'
[9.697s] INFO:colcon.colcon_core.shell:Creating package script '/home/robomealmate/robomealmate/install/diffdrive_arduino/share/diffdrive_arduino/package.ps1'
[9.698s] INFO:colcon.colcon_core.shell:Creating package descriptor '/home/robomealmate/robomealmate/install/diffdrive_arduino/share/diffdrive_arduino/package.dsv'
[9.698s] INFO:colcon.colcon_core.shell:Creating package script '/home/robomealmate/robomealmate/install/diffdrive_arduino/share/diffdrive_arduino/package.sh'
[9.699s] INFO:colcon.colcon_core.shell:Creating package script '/home/robomealmate/robomealmate/install/diffdrive_arduino/share/diffdrive_arduino/package.bash'
[9.699s] INFO:colcon.colcon_core.shell:Creating package script '/home/robomealmate/robomealmate/install/diffdrive_arduino/share/diffdrive_arduino/package.zsh'
[9.700s] Level 1:colcon.colcon_core.environment:create_file_with_runtime_dependencies(/home/robomealmate/robomealmate/install/diffdrive_arduino/share/colcon-core/packages/diffdrive_arduino)
[9.700s] DEBUG:colcon.colcon_parallel_executor.executor.parallel:closing loop
[9.700s] DEBUG:colcon.colcon_parallel_executor.executor.parallel:loop closed
[9.701s] DEBUG:colcon.colcon_parallel_executor.executor.parallel:run_until_complete finished with '0'
[9.701s] DEBUG:colcon.colcon_core.event_reactor:joining thread
[9.706s] INFO:colcon.colcon_core.plugin_system:Skipping extension 'colcon_notification.desktop_notification.terminal_notifier': Not used on non-Darwin systems
[9.706s] INFO:colcon.colcon_core.plugin_system:Skipping extension 'colcon_notification.desktop_notification.win32': Not used on non-Windows systems
[9.706s] INFO:colcon.colcon_notification.desktop_notification:Sending desktop notification using 'notify2'
[9.802s] DEBUG:colcon.colcon_core.event_reactor:joined thread
[9.803s] INFO:colcon.colcon_core.shell:Creating prefix script '/home/robomealmate/robomealmate/install/local_setup.ps1'
[9.804s] INFO:colcon.colcon_core.shell:Creating prefix util module '/home/robomealmate/robomealmate/install/_local_setup_util_ps1.py'
[9.805s] INFO:colcon.colcon_core.shell:Creating prefix chain script '/home/robomealmate/robomealmate/install/setup.ps1'
[9.805s] INFO:colcon.colcon_core.shell:Creating prefix script '/home/robomealmate/robomealmate/install/local_setup.sh'
[9.806s] INFO:colcon.colcon_core.shell:Creating prefix util module '/home/robomealmate/robomealmate/install/_local_setup_util_sh.py'
[9.806s] INFO:colcon.colcon_core.shell:Creating prefix chain script '/home/robomealmate/robomealmate/install/setup.sh'
[9.807s] INFO:colcon.colcon_core.shell:Creating prefix script '/home/robomealmate/robomealmate/install/local_setup.bash'
[9.808s] INFO:colcon.colcon_core.shell:Creating prefix chain script '/home/robomealmate/robomealmate/install/setup.bash'
[9.808s] INFO:colcon.colcon_core.shell:Creating prefix script '/home/robomealmate/robomealmate/install/local_setup.zsh'
[9.809s] INFO:colcon.colcon_core.shell:Creating prefix chain script '/home/robomealmate/robomealmate/install/setup.zsh'
