[0.167s] Invoking command in '/home/robomealmate/robomealmate/build/gazebo_ros2_control_demos': CMAKE_PREFIX_PATH=/home/robomealmate/robomealmate/install/gazebo_ros2_control:/home/robomealmate/robomealmate/install/rplidar_ros:/home/robomealmate/robomealmate/install/robomealmate:/home/robomealmate/robomealmate/install/gazebo_ros2_control_demos:/home/robomealmate/robomealmate/install/diffdrive_arduino:/opt/ros/foxy /usr/bin/cmake --build /home/robomealmate/robomealmate/build/gazebo_ros2_control_demos -- -j4 -l4
[0.620s] [ 20%] Built target example_gripper
[0.646s] [ 40%] Built target example_effort
[0.660s] [ 60%] Built target example_velocity
[0.686s] [ 80%] Built target example_position
[0.834s] [100%] Built target example_diff_drive
[0.895s] Invoked command in '/home/robomealmate/robomealmate/build/gazebo_ros2_control_demos' returned '0': CMAKE_PREFIX_PATH=/home/robomealmate/robomealmate/install/gazebo_ros2_control:/home/robomealmate/robomealmate/install/rplidar_ros:/home/robomealmate/robomealmate/install/robomealmate:/home/robomealmate/robomealmate/install/gazebo_ros2_control_demos:/home/robomealmate/robomealmate/install/diffdrive_arduino:/opt/ros/foxy /usr/bin/cmake --build /home/robomealmate/robomealmate/build/gazebo_ros2_control_demos -- -j4 -l4
[0.911s] Invoking command in '/home/robomealmate/robomealmate/build/gazebo_ros2_control_demos': CMAKE_PREFIX_PATH=/home/robomealmate/robomealmate/install/gazebo_ros2_control:/home/robomealmate/robomealmate/install/rplidar_ros:/home/robomealmate/robomealmate/install/robomealmate:/home/robomealmate/robomealmate/install/gazebo_ros2_control_demos:/home/robomealmate/robomealmate/install/diffdrive_arduino:/opt/ros/foxy /usr/bin/cmake --install /home/robomealmate/robomealmate/build/gazebo_ros2_control_demos
[0.953s] -- Install configuration: ""
[0.956s] -- Execute custom install script
[0.961s] -- Up-to-date symlink: /home/robomealmate/robomealmate/install/gazebo_ros2_control_demos/share/gazebo_ros2_control_demos//launch/cart_example_effort.launch.py
[0.963s] -- Up-to-date symlink: /home/robomealmate/robomealmate/install/gazebo_ros2_control_demos/share/gazebo_ros2_control_demos//launch/cart_example_position.launch.py
[0.965s] -- Up-to-date symlink: /home/robomealmate/robomealmate/install/gazebo_ros2_control_demos/share/gazebo_ros2_control_demos//launch/cart_example_velocity.launch.py
[0.967s] -- Up-to-date symlink: /home/robomealmate/robomealmate/install/gazebo_ros2_control_demos/share/gazebo_ros2_control_demos//launch/diff_drive.launch.py
[0.969s] -- Up-to-date symlink: /home/robomealmate/robomealmate/install/gazebo_ros2_control_demos/share/gazebo_ros2_control_demos//launch/gripper_mimic_joint_example.launch.py
[0.973s] -- Up-to-date symlink: /home/robomealmate/robomealmate/install/gazebo_ros2_control_demos/share/gazebo_ros2_control_demos//config/cartpole_controller.yaml
[0.975s] -- Up-to-date symlink: /home/robomealmate/robomealmate/install/gazebo_ros2_control_demos/share/gazebo_ros2_control_demos//config/cartpole_controller_effort.yaml
[0.977s] -- Up-to-date symlink: /home/robomealmate/robomealmate/install/gazebo_ros2_control_demos/share/gazebo_ros2_control_demos//config/cartpole_controller_velocity.yaml
[0.978s] -- Up-to-date symlink: /home/robomealmate/robomealmate/install/gazebo_ros2_control_demos/share/gazebo_ros2_control_demos//config/diff_drive_controller.yaml
[0.980s] -- Up-to-date symlink: /home/robomealmate/robomealmate/install/gazebo_ros2_control_demos/share/gazebo_ros2_control_demos//config/gripper_controller.yaml
[0.984s] -- Up-to-date symlink: /home/robomealmate/robomealmate/install/gazebo_ros2_control_demos/share/gazebo_ros2_control_demos//urdf/test_cart_effort.xacro.urdf
[0.986s] -- Up-to-date symlink: /home/robomealmate/robomealmate/install/gazebo_ros2_control_demos/share/gazebo_ros2_control_demos//urdf/test_cart_position.xacro.urdf
[0.988s] -- Up-to-date symlink: /home/robomealmate/robomealmate/install/gazebo_ros2_control_demos/share/gazebo_ros2_control_demos//urdf/test_cart_velocity.xacro.urdf
[0.989s] -- Up-to-date symlink: /home/robomealmate/robomealmate/install/gazebo_ros2_control_demos/share/gazebo_ros2_control_demos//urdf/test_diff_drive.xacro.urdf
[0.992s] -- Up-to-date symlink: /home/robomealmate/robomealmate/install/gazebo_ros2_control_demos/share/gazebo_ros2_control_demos//urdf/test_gripper_mimic_joint.xacro.urdf
[0.995s] -- Up-to-date symlink: /home/robomealmate/robomealmate/install/gazebo_ros2_control_demos/lib/gazebo_ros2_control_demos/example_position
[0.997s] -- Up-to-date symlink: /home/robomealmate/robomealmate/install/gazebo_ros2_control_demos/lib/gazebo_ros2_control_demos/example_velocity
[0.999s] -- Up-to-date symlink: /home/robomealmate/robomealmate/install/gazebo_ros2_control_demos/lib/gazebo_ros2_control_demos/example_effort
[1.002s] -- Up-to-date symlink: /home/robomealmate/robomealmate/install/gazebo_ros2_control_demos/lib/gazebo_ros2_control_demos/example_gripper
[1.004s] -- Up-to-date symlink: /home/robomealmate/robomealmate/install/gazebo_ros2_control_demos/lib/gazebo_ros2_control_demos/example_diff_drive
[1.006s] -- Up-to-date symlink: /home/robomealmate/robomealmate/install/gazebo_ros2_control_demos/share/ament_index/resource_index/package_run_dependencies/gazebo_ros2_control_demos
[1.009s] -- Up-to-date symlink: /home/robomealmate/robomealmate/install/gazebo_ros2_control_demos/share/ament_index/resource_index/parent_prefix_path/gazebo_ros2_control_demos
[1.011s] -- Up-to-date symlink: /home/robomealmate/robomealmate/install/gazebo_ros2_control_demos/share/gazebo_ros2_control_demos/environment/ament_prefix_path.sh
[1.014s] -- Up-to-date symlink: /home/robomealmate/robomealmate/install/gazebo_ros2_control_demos/share/gazebo_ros2_control_demos/environment/ament_prefix_path.dsv
[1.016s] -- Up-to-date symlink: /home/robomealmate/robomealmate/install/gazebo_ros2_control_demos/share/gazebo_ros2_control_demos/environment/path.sh
[1.018s] -- Up-to-date symlink: /home/robomealmate/robomealmate/install/gazebo_ros2_control_demos/share/gazebo_ros2_control_demos/environment/path.dsv
[1.020s] -- Up-to-date symlink: /home/robomealmate/robomealmate/install/gazebo_ros2_control_demos/share/gazebo_ros2_control_demos/local_setup.bash
[1.022s] -- Up-to-date symlink: /home/robomealmate/robomealmate/install/gazebo_ros2_control_demos/share/gazebo_ros2_control_demos/local_setup.sh
[1.024s] -- Up-to-date symlink: /home/robomealmate/robomealmate/install/gazebo_ros2_control_demos/share/gazebo_ros2_control_demos/local_setup.zsh
[1.027s] -- Up-to-date symlink: /home/robomealmate/robomealmate/install/gazebo_ros2_control_demos/share/gazebo_ros2_control_demos/local_setup.dsv
[1.028s] -- Symlinking: /home/robomealmate/robomealmate/install/gazebo_ros2_control_demos/share/gazebo_ros2_control_demos/package.dsv
[1.069s] -- Up-to-date symlink: /home/robomealmate/robomealmate/install/gazebo_ros2_control_demos/share/ament_index/resource_index/packages/gazebo_ros2_control_demos
[1.073s] -- Up-to-date symlink: /home/robomealmate/robomealmate/install/gazebo_ros2_control_demos/share/gazebo_ros2_control_demos/cmake/gazebo_ros2_control_demosConfig.cmake
[1.075s] -- Up-to-date symlink: /home/robomealmate/robomealmate/install/gazebo_ros2_control_demos/share/gazebo_ros2_control_demos/cmake/gazebo_ros2_control_demosConfig-version.cmake
[1.077s] -- Up-to-date symlink: /home/robomealmate/robomealmate/install/gazebo_ros2_control_demos/share/gazebo_ros2_control_demos/package.xml
[1.086s] Invoked command in '/home/robomealmate/robomealmate/build/gazebo_ros2_control_demos' returned '0': CMAKE_PREFIX_PATH=/home/robomealmate/robomealmate/install/gazebo_ros2_control:/home/robomealmate/robomealmate/install/rplidar_ros:/home/robomealmate/robomealmate/install/robomealmate:/home/robomealmate/robomealmate/install/gazebo_ros2_control_demos:/home/robomealmate/robomealmate/install/diffdrive_arduino:/opt/ros/foxy /usr/bin/cmake --install /home/robomealmate/robomealmate/build/gazebo_ros2_control_demos
