[0.360s] Invoking command in '/home/robomealmate/robomealmate/build/diffdrive_arduino': CMAKE_PREFIX_PATH=${CMAKE_PREFIX_PATH}:/opt/ros/foxy /usr/bin/cmake --build /home/robomealmate/robomealmate/build/diffdrive_arduino -- -j4 -l4
[1.186s] [100%] Built target diffdrive_arduino
[1.321s] Invoked command in '/home/robomealmate/robomealmate/build/diffdrive_arduino' returned '0': CMAKE_PREFIX_PATH=${CMAKE_PREFIX_PATH}:/opt/ros/foxy /usr/bin/cmake --build /home/robomealmate/robomealmate/build/diffdrive_arduino -- -j4 -l4
[1.339s] Invoking command in '/home/robomealmate/robomealmate/build/diffdrive_arduino': CMAKE_PREFIX_PATH=${CMAKE_PREFIX_PATH}:/opt/ros/foxy /usr/bin/cmake --install /home/robomealmate/robomealmate/build/diffdrive_arduino
[1.405s] -- Install configuration: ""
[1.408s] -- Execute custom install script
[1.413s] -- Up-to-date symlink: /home/robomealmate/robomealmate/install/diffdrive_arduino/include//diffdrive_arduino/arduino_comms.h
[1.417s] -- Up-to-date symlink: /home/robomealmate/robomealmate/install/diffdrive_arduino/include//diffdrive_arduino/config.h
[1.423s] -- Up-to-date symlink: /home/robomealmate/robomealmate/install/diffdrive_arduino/include//diffdrive_arduino/diffdrive_arduino.h
[1.429s] -- Up-to-date symlink: /home/robomealmate/robomealmate/install/diffdrive_arduino/include//diffdrive_arduino/wheel.h
[1.435s] -- Up-to-date symlink: /home/robomealmate/robomealmate/install/diffdrive_arduino/share/diffdrive_arduino//diffdrive_arduino_plugin.xml
[1.440s] -- Up-to-date symlink: /home/robomealmate/robomealmate/install/diffdrive_arduino/share/diffdrive_arduino/diffdrive_arduino_plugin.xml
[1.445s] -- Up-to-date symlink: /home/robomealmate/robomealmate/install/diffdrive_arduino/share/diffdrive_arduino/environment/library_path.sh
[1.453s] -- Up-to-date symlink: /home/robomealmate/robomealmate/install/diffdrive_arduino/share/diffdrive_arduino/environment/library_path.dsv
[1.455s] -- Up-to-date symlink: /home/robomealmate/robomealmate/install/diffdrive_arduino/share/ament_index/resource_index/package_run_dependencies/diffdrive_arduino
[1.461s] -- Up-to-date symlink: /home/robomealmate/robomealmate/install/diffdrive_arduino/share/ament_index/resource_index/parent_prefix_path/diffdrive_arduino
[1.471s] -- Up-to-date symlink: /home/robomealmate/robomealmate/install/diffdrive_arduino/share/diffdrive_arduino/environment/ament_prefix_path.sh
[1.472s] -- Up-to-date symlink: /home/robomealmate/robomealmate/install/diffdrive_arduino/share/diffdrive_arduino/environment/ament_prefix_path.dsv
[1.473s] -- Up-to-date symlink: /home/robomealmate/robomealmate/install/diffdrive_arduino/share/diffdrive_arduino/environment/path.sh
[1.474s] -- Up-to-date symlink: /home/robomealmate/robomealmate/install/diffdrive_arduino/share/diffdrive_arduino/environment/path.dsv
[1.477s] -- Up-to-date symlink: /home/robomealmate/robomealmate/install/diffdrive_arduino/share/diffdrive_arduino/local_setup.bash
[1.478s] -- Up-to-date symlink: /home/robomealmate/robomealmate/install/diffdrive_arduino/share/diffdrive_arduino/local_setup.sh
[1.479s] -- Up-to-date symlink: /home/robomealmate/robomealmate/install/diffdrive_arduino/share/diffdrive_arduino/local_setup.zsh
[1.480s] -- Up-to-date symlink: /home/robomealmate/robomealmate/install/diffdrive_arduino/share/diffdrive_arduino/local_setup.dsv
[1.484s] -- Symlinking: /home/robomealmate/robomealmate/install/diffdrive_arduino/share/diffdrive_arduino/package.dsv
[1.553s] -- Up-to-date symlink: /home/robomealmate/robomealmate/install/diffdrive_arduino/share/ament_index/resource_index/packages/diffdrive_arduino
[1.555s] -- Up-to-date symlink: /home/robomealmate/robomealmate/install/diffdrive_arduino/share/ament_index/resource_index/hardware_interface__pluginlib__plugin/diffdrive_arduino
[1.562s] -- Up-to-date symlink: /home/robomealmate/robomealmate/install/diffdrive_arduino/share/diffdrive_arduino/cmake/ament_cmake_export_dependencies-extras.cmake
[1.563s] -- Up-to-date symlink: /home/robomealmate/robomealmate/install/diffdrive_arduino/share/diffdrive_arduino/cmake/ament_cmake_export_include_directories-extras.cmake
[1.567s] -- Up-to-date symlink: /home/robomealmate/robomealmate/install/diffdrive_arduino/share/diffdrive_arduino/cmake/ament_cmake_export_libraries-extras.cmake
[1.568s] -- Up-to-date symlink: /home/robomealmate/robomealmate/install/diffdrive_arduino/share/diffdrive_arduino/cmake/diffdrive_arduinoConfig.cmake
[1.570s] -- Up-to-date symlink: /home/robomealmate/robomealmate/install/diffdrive_arduino/share/diffdrive_arduino/cmake/diffdrive_arduinoConfig-version.cmake
[1.571s] -- Up-to-date symlink: /home/robomealmate/robomealmate/install/diffdrive_arduino/share/diffdrive_arduino/package.xml
[1.574s] -- Up-to-date: /home/robomealmate/robomealmate/install/diffdrive_arduino/lib/libdiffdrive_arduino.so
[1.588s] Invoked command in '/home/robomealmate/robomealmate/build/diffdrive_arduino' returned '0': CMAKE_PREFIX_PATH=${CMAKE_PREFIX_PATH}:/opt/ros/foxy /usr/bin/cmake --install /home/robomealmate/robomealmate/build/diffdrive_arduino
