[0.025s] Invoking command in '/home/robomealmate/robomealmate/build/robomealmate': CMAKE_PREFIX_PATH=${CMAKE_PREFIX_PATH}:/opt/ros/foxy /usr/bin/cmake /home/robomealmate/robomealmate/src/robomealmate -DAMENT_CMAKE_SYMLINK_INSTALL=1 -DCMAKE_INSTALL_PREFIX=/home/robomealmate/robomealmate/install/robomealmate
[0.038s] -- Found ament_cmake: 0.9.12 (/opt/ros/foxy/share/ament_cmake/cmake)
[0.063s] -- Using PYTHON_EXECUTABLE: /usr/bin/python3
[0.236s] -- Override CMake install command with custom implementation using symlinks instead of copying resources
[0.243s] -- Found ament_lint_auto: 0.9.8 (/opt/ros/foxy/share/ament_lint_auto/cmake)
[0.302s] -- Added test 'copyright' to check source files copyright and LICENSE
[0.303s] -- Added test 'flake8' to check Python code syntax and style conventions
[0.304s] -- Added test 'lint_cmake' to check CMake code style
[0.304s] -- Added test 'pep257' to check Python code against some of the style conventions in PEP 257
[0.305s] -- Added test 'xmllint' to check XML markup files
[0.306s] -- Configuring done
[0.309s] -- Generating done
[0.312s] -- Build files have been written to: /home/robomealmate/robomealmate/build/robomealmate
[0.315s] Invoked command in '/home/robomealmate/robomealmate/build/robomealmate' returned '0': CMAKE_PREFIX_PATH=${CMAKE_PREFIX_PATH}:/opt/ros/foxy /usr/bin/cmake /home/robomealmate/robomealmate/src/robomealmate -DAMENT_CMAKE_SYMLINK_INSTALL=1 -DCMAKE_INSTALL_PREFIX=/home/robomealmate/robomealmate/install/robomealmate
[0.318s] Invoking command in '/home/robomealmate/robomealmate/build/robomealmate': CMAKE_PREFIX_PATH=${CMAKE_PREFIX_PATH}:/opt/ros/foxy /usr/bin/cmake --build /home/robomealmate/robomealmate/build/robomealmate -- -j8 -l8
[0.357s] Invoked command in '/home/robomealmate/robomealmate/build/robomealmate' returned '0': CMAKE_PREFIX_PATH=${CMAKE_PREFIX_PATH}:/opt/ros/foxy /usr/bin/cmake --build /home/robomealmate/robomealmate/build/robomealmate -- -j8 -l8
[0.370s] Invoking command in '/home/robomealmate/robomealmate/build/robomealmate': CMAKE_PREFIX_PATH=${CMAKE_PREFIX_PATH}:/opt/ros/foxy /usr/bin/cmake --install /home/robomealmate/robomealmate/build/robomealmate
[0.377s] -- Install configuration: ""
[0.377s] -- Execute custom install script
[0.378s] -- Up-to-date symlink: /home/robomealmate/robomealmate/install/robomealmate/share/robomealmate/config/controller.yaml
[0.378s] -- Up-to-date symlink: /home/robomealmate/robomealmate/install/robomealmate/share/robomealmate/config/empty.yaml
[0.378s] -- Up-to-date symlink: /home/robomealmate/robomealmate/install/robomealmate/share/robomealmate/description/gazebo_controller.xacro
[0.379s] -- Up-to-date symlink: /home/robomealmate/robomealmate/install/robomealmate/share/robomealmate/description/inertial_macros.xacro
[0.379s] -- Up-to-date symlink: /home/robomealmate/robomealmate/install/robomealmate/share/robomealmate/description/lidar.xacro
[0.379s] -- Up-to-date symlink: /home/robomealmate/robomealmate/install/robomealmate/share/robomealmate/description/robot.urdf.xacro
[0.379s] -- Up-to-date symlink: /home/robomealmate/robomealmate/install/robomealmate/share/robomealmate/description/robot_core.xacro
[0.379s] -- Up-to-date symlink: /home/robomealmate/robomealmate/install/robomealmate/share/robomealmate/description/ros2_controller.xacro
[0.380s] -- Up-to-date symlink: /home/robomealmate/robomealmate/install/robomealmate/share/robomealmate/launch/robot.launch.py
[0.380s] -- Up-to-date symlink: /home/robomealmate/robomealmate/install/robomealmate/share/robomealmate/launch/rsp.launch.py
[0.380s] -- Up-to-date symlink: /home/robomealmate/robomealmate/install/robomealmate/share/robomealmate/launch/simulation.launch.py
[0.380s] -- Up-to-date symlink: /home/robomealmate/robomealmate/install/robomealmate/share/robomealmate/worlds/empty.world
[0.380s] -- Up-to-date symlink: /home/robomealmate/robomealmate/install/robomealmate/share/ament_index/resource_index/package_run_dependencies/robomealmate
[0.381s] -- Up-to-date symlink: /home/robomealmate/robomealmate/install/robomealmate/share/ament_index/resource_index/parent_prefix_path/robomealmate
[0.381s] -- Up-to-date symlink: /home/robomealmate/robomealmate/install/robomealmate/share/robomealmate/environment/ament_prefix_path.sh
[0.381s] -- Up-to-date symlink: /home/robomealmate/robomealmate/install/robomealmate/share/robomealmate/environment/ament_prefix_path.dsv
[0.381s] -- Up-to-date symlink: /home/robomealmate/robomealmate/install/robomealmate/share/robomealmate/environment/path.sh
[0.382s] -- Up-to-date symlink: /home/robomealmate/robomealmate/install/robomealmate/share/robomealmate/environment/path.dsv
[0.382s] -- Up-to-date symlink: /home/robomealmate/robomealmate/install/robomealmate/share/robomealmate/local_setup.bash
[0.382s] -- Up-to-date symlink: /home/robomealmate/robomealmate/install/robomealmate/share/robomealmate/local_setup.sh
[0.383s] -- Up-to-date symlink: /home/robomealmate/robomealmate/install/robomealmate/share/robomealmate/local_setup.zsh
[0.383s] -- Up-to-date symlink: /home/robomealmate/robomealmate/install/robomealmate/share/robomealmate/local_setup.dsv
[0.383s] -- Symlinking: /home/robomealmate/robomealmate/install/robomealmate/share/robomealmate/package.dsv
[0.393s] -- Up-to-date symlink: /home/robomealmate/robomealmate/install/robomealmate/share/ament_index/resource_index/packages/robomealmate
[0.393s] -- Up-to-date symlink: /home/robomealmate/robomealmate/install/robomealmate/share/robomealmate/cmake/robomealmateConfig.cmake
[0.393s] -- Up-to-date symlink: /home/robomealmate/robomealmate/install/robomealmate/share/robomealmate/cmake/robomealmateConfig-version.cmake
[0.393s] -- Up-to-date symlink: /home/robomealmate/robomealmate/install/robomealmate/share/robomealmate/package.xml
[0.396s] Invoked command in '/home/robomealmate/robomealmate/build/robomealmate' returned '0': CMAKE_PREFIX_PATH=${CMAKE_PREFIX_PATH}:/opt/ros/foxy /usr/bin/cmake --install /home/robomealmate/robomealmate/build/robomealmate
