[1.100s] DEBUG:colcon:Command line arguments: ['/usr/bin/colcon', 'build', '--symlink-install']
[1.101s] DEBUG:colcon:Parsed command line arguments: Namespace(allow_overriding=[], ament_cmake_args=None, base_paths=['.'], build_base='build', catkin_cmake_args=None, catkin_skip_building_tests=False, cmake_args=None, cmake_clean_cache=False, cmake_clean_first=False, cmake_force_configure=False, cmake_target=None, cmake_target_skip_unavailable=False, continue_on_error=False, event_handlers=None, executor='parallel', ignore_user_meta=False, install_base='install', log_base=None, log_level=None, main=<bound method BuildVerb.main of <colcon_core.verb.build.BuildVerb object at 0xffffb3b2fee0>>, merge_install=False, metas=['./colcon.meta'], mixin=None, mixin_files=None, mixin_verb=('build',), packages_above=None, packages_above_and_dependencies=None, packages_above_depth=None, packages_end=None, packages_ignore=None, packages_ignore_regex=None, packages_select=None, packages_select_build_failed=False, packages_select_by_dep=None, packages_select_regex=None, packages_select_test_failures=False, packages_skip=None, packages_skip_build_finished=False, packages_skip_by_dep=None, packages_skip_regex=None, packages_skip_test_passed=False, packages_skip_up_to=None, packages_start=None, packages_up_to=None, packages_up_to_regex=None, parallel_workers=4, paths=None, symlink_install=True, test_result_base=None, verb_extension=<colcon_core.verb.build.BuildVerb object at 0xffffb3b2fee0>, verb_name='build', verb_parser=<colcon_mixin.mixin.mixin_argument.MixinArgumentDecorator object at 0xffffb3a934f0>)
[2.018s] Level 1:colcon.colcon_core.package_discovery:discover_packages(colcon_meta) check parameters
[2.018s] Level 1:colcon.colcon_core.package_discovery:discover_packages(recursive) check parameters
[2.019s] Level 1:colcon.colcon_core.package_discovery:discover_packages(ignore) check parameters
[2.019s] Level 1:colcon.colcon_core.package_discovery:discover_packages(path) check parameters
[2.019s] Level 1:colcon.colcon_core.package_discovery:discover_packages(colcon_meta) discover
[2.019s] Level 1:colcon.colcon_core.package_discovery:discover_packages(recursive) discover
[2.020s] INFO:colcon.colcon_core.package_discovery:Crawling recursively for packages in '/home/robomealmate/robomealmate'
[2.020s] Level 1:colcon.colcon_core.package_identification:_identify(.) by extensions ['ignore', 'ignore_ament_install']
[2.021s] Level 1:colcon.colcon_core.package_identification:_identify(.) by extension 'ignore'
[2.021s] Level 1:colcon.colcon_core.package_identification:_identify(.) by extension 'ignore_ament_install'
[2.021s] Level 1:colcon.colcon_core.package_identification:_identify(.) by extensions ['colcon_pkg']
[2.022s] Level 1:colcon.colcon_core.package_identification:_identify(.) by extension 'colcon_pkg'
[2.022s] Level 1:colcon.colcon_core.package_identification:_identify(.) by extensions ['colcon_meta']
[2.022s] Level 1:colcon.colcon_core.package_identification:_identify(.) by extension 'colcon_meta'
[2.022s] Level 1:colcon.colcon_core.package_identification:_identify(.) by extensions ['ros']
[2.023s] Level 1:colcon.colcon_core.package_identification:_identify(.) by extension 'ros'
[2.075s] Level 1:colcon.colcon_core.package_identification:_identify(.) by extensions ['cmake', 'python']
[2.075s] Level 1:colcon.colcon_core.package_identification:_identify(.) by extension 'cmake'
[2.076s] Level 1:colcon.colcon_core.package_identification:_identify(.) by extension 'python'
[2.076s] Level 1:colcon.colcon_core.package_identification:_identify(.) by extensions ['python_setup_py']
[2.076s] Level 1:colcon.colcon_core.package_identification:_identify(.) by extension 'python_setup_py'
[2.077s] Level 1:colcon.colcon_core.package_identification:_identify(build) by extensions ['ignore', 'ignore_ament_install']
[2.077s] Level 1:colcon.colcon_core.package_identification:_identify(build) by extension 'ignore'
[2.078s] Level 1:colcon.colcon_core.package_identification:_identify(build) ignored
[2.078s] Level 1:colcon.colcon_core.package_identification:_identify(install) by extensions ['ignore', 'ignore_ament_install']
[2.079s] Level 1:colcon.colcon_core.package_identification:_identify(install) by extension 'ignore'
[2.079s] Level 1:colcon.colcon_core.package_identification:_identify(install) ignored
[2.080s] Level 1:colcon.colcon_core.package_identification:_identify(log) by extensions ['ignore', 'ignore_ament_install']
[2.080s] Level 1:colcon.colcon_core.package_identification:_identify(log) by extension 'ignore'
[2.081s] Level 1:colcon.colcon_core.package_identification:_identify(log) ignored
[2.081s] Level 1:colcon.colcon_core.package_identification:_identify(src) by extensions ['ignore', 'ignore_ament_install']
[2.082s] Level 1:colcon.colcon_core.package_identification:_identify(src) by extension 'ignore'
[2.082s] Level 1:colcon.colcon_core.package_identification:_identify(src) by extension 'ignore_ament_install'
[2.082s] Level 1:colcon.colcon_core.package_identification:_identify(src) by extensions ['colcon_pkg']
[2.083s] Level 1:colcon.colcon_core.package_identification:_identify(src) by extension 'colcon_pkg'
[2.083s] Level 1:colcon.colcon_core.package_identification:_identify(src) by extensions ['colcon_meta']
[2.083s] Level 1:colcon.colcon_core.package_identification:_identify(src) by extension 'colcon_meta'
[2.083s] Level 1:colcon.colcon_core.package_identification:_identify(src) by extensions ['ros']
[2.084s] Level 1:colcon.colcon_core.package_identification:_identify(src) by extension 'ros'
[2.084s] Level 1:colcon.colcon_core.package_identification:_identify(src) by extensions ['cmake', 'python']
[2.085s] Level 1:colcon.colcon_core.package_identification:_identify(src) by extension 'cmake'
[2.085s] Level 1:colcon.colcon_core.package_identification:_identify(src) by extension 'python'
[2.086s] Level 1:colcon.colcon_core.package_identification:_identify(src) by extensions ['python_setup_py']
[2.086s] Level 1:colcon.colcon_core.package_identification:_identify(src) by extension 'python_setup_py'
[2.087s] Level 1:colcon.colcon_core.package_identification:_identify(src/arduino_controller) by extensions ['ignore', 'ignore_ament_install']
[2.087s] Level 1:colcon.colcon_core.package_identification:_identify(src/arduino_controller) by extension 'ignore'
[2.088s] Level 1:colcon.colcon_core.package_identification:_identify(src/arduino_controller) by extension 'ignore_ament_install'
[2.088s] Level 1:colcon.colcon_core.package_identification:_identify(src/arduino_controller) by extensions ['colcon_pkg']
[2.089s] Level 1:colcon.colcon_core.package_identification:_identify(src/arduino_controller) by extension 'colcon_pkg'
[2.089s] Level 1:colcon.colcon_core.package_identification:_identify(src/arduino_controller) by extensions ['colcon_meta']
[2.090s] Level 1:colcon.colcon_core.package_identification:_identify(src/arduino_controller) by extension 'colcon_meta'
[2.090s] Level 1:colcon.colcon_core.package_identification:_identify(src/arduino_controller) by extensions ['ros']
[2.090s] Level 1:colcon.colcon_core.package_identification:_identify(src/arduino_controller) by extension 'ros'
[2.091s] Level 1:colcon.colcon_core.package_identification:_identify(src/arduino_controller) by extensions ['cmake', 'python']
[2.091s] Level 1:colcon.colcon_core.package_identification:_identify(src/arduino_controller) by extension 'cmake'
[2.091s] Level 1:colcon.colcon_core.package_identification:_identify(src/arduino_controller) by extension 'python'
[2.091s] Level 1:colcon.colcon_core.package_identification:_identify(src/arduino_controller) by extensions ['python_setup_py']
[2.092s] Level 1:colcon.colcon_core.package_identification:_identify(src/arduino_controller) by extension 'python_setup_py'
[2.092s] Level 1:colcon.colcon_core.package_identification:_identify(src/diffdrive_arduino) by extensions ['ignore', 'ignore_ament_install']
[2.093s] Level 1:colcon.colcon_core.package_identification:_identify(src/diffdrive_arduino) by extension 'ignore'
[2.093s] Level 1:colcon.colcon_core.package_identification:_identify(src/diffdrive_arduino) by extension 'ignore_ament_install'
[2.093s] Level 1:colcon.colcon_core.package_identification:_identify(src/diffdrive_arduino) by extensions ['colcon_pkg']
[2.093s] Level 1:colcon.colcon_core.package_identification:_identify(src/diffdrive_arduino) by extension 'colcon_pkg'
[2.094s] Level 1:colcon.colcon_core.package_identification:_identify(src/diffdrive_arduino) by extensions ['colcon_meta']
[2.094s] Level 1:colcon.colcon_core.package_identification:_identify(src/diffdrive_arduino) by extension 'colcon_meta'
[2.094s] Level 1:colcon.colcon_core.package_identification:_identify(src/diffdrive_arduino) by extensions ['ros']
[2.095s] Level 1:colcon.colcon_core.package_identification:_identify(src/diffdrive_arduino) by extension 'ros'
[2.109s] DEBUG:colcon.colcon_core.package_identification:Package 'src/diffdrive_arduino' with type 'ros.ament_cmake' and name 'diffdrive_arduino'
[2.110s] Level 1:colcon.colcon_core.package_identification:_identify(src/robomealmate) by extensions ['ignore', 'ignore_ament_install']
[2.111s] Level 1:colcon.colcon_core.package_identification:_identify(src/robomealmate) by extension 'ignore'
[2.111s] Level 1:colcon.colcon_core.package_identification:_identify(src/robomealmate) by extension 'ignore_ament_install'
[2.112s] Level 1:colcon.colcon_core.package_identification:_identify(src/robomealmate) by extensions ['colcon_pkg']
[2.112s] Level 1:colcon.colcon_core.package_identification:_identify(src/robomealmate) by extension 'colcon_pkg'
[2.112s] Level 1:colcon.colcon_core.package_identification:_identify(src/robomealmate) by extensions ['colcon_meta']
[2.113s] Level 1:colcon.colcon_core.package_identification:_identify(src/robomealmate) by extension 'colcon_meta'
[2.113s] Level 1:colcon.colcon_core.package_identification:_identify(src/robomealmate) by extensions ['ros']
[2.114s] Level 1:colcon.colcon_core.package_identification:_identify(src/robomealmate) by extension 'ros'
[2.116s] DEBUG:colcon.colcon_core.package_identification:Package 'src/robomealmate' with type 'ros.ament_cmake' and name 'robomealmate'
[2.117s] Level 1:colcon.colcon_core.package_discovery:discover_packages(recursive) using defaults
[2.117s] Level 1:colcon.colcon_core.package_discovery:discover_packages(ignore) discover
[2.117s] Level 1:colcon.colcon_core.package_discovery:discover_packages(ignore) using defaults
[2.117s] Level 1:colcon.colcon_core.package_discovery:discover_packages(path) discover
[2.117s] Level 1:colcon.colcon_core.package_discovery:discover_packages(path) using defaults
[2.210s] Level 1:colcon.colcon_core.package_discovery:discover_packages(prefix_path) check parameters
[2.211s] Level 1:colcon.colcon_core.package_discovery:discover_packages(prefix_path) discover
[2.230s] DEBUG:colcon.colcon_installed_package_information.package_discovery:Found 2 installed packages in /home/robomealmate/robomealmate/install
[2.240s] DEBUG:colcon.colcon_installed_package_information.package_discovery:Found 299 installed packages in /opt/ros/foxy
[2.253s] Level 1:colcon.colcon_core.package_discovery:discover_packages(prefix_path) using defaults
[2.779s] Level 5:colcon.colcon_core.verb:set package 'diffdrive_arduino' build argument 'cmake_args' from command line to 'None'
[2.779s] Level 5:colcon.colcon_core.verb:set package 'diffdrive_arduino' build argument 'cmake_target' from command line to 'None'
[2.779s] Level 5:colcon.colcon_core.verb:set package 'diffdrive_arduino' build argument 'cmake_target_skip_unavailable' from command line to 'False'
[2.779s] Level 5:colcon.colcon_core.verb:set package 'diffdrive_arduino' build argument 'cmake_clean_cache' from command line to 'False'
[2.780s] Level 5:colcon.colcon_core.verb:set package 'diffdrive_arduino' build argument 'cmake_clean_first' from command line to 'False'
[2.780s] Level 5:colcon.colcon_core.verb:set package 'diffdrive_arduino' build argument 'cmake_force_configure' from command line to 'False'
[2.780s] Level 5:colcon.colcon_core.verb:set package 'diffdrive_arduino' build argument 'ament_cmake_args' from command line to 'None'
[2.780s] Level 5:colcon.colcon_core.verb:set package 'diffdrive_arduino' build argument 'catkin_cmake_args' from command line to 'None'
[2.780s] Level 5:colcon.colcon_core.verb:set package 'diffdrive_arduino' build argument 'catkin_skip_building_tests' from command line to 'False'
[2.780s] DEBUG:colcon.colcon_core.verb:Building package 'diffdrive_arduino' with the following arguments: {'ament_cmake_args': None, 'build_base': '/home/robomealmate/robomealmate/build/diffdrive_arduino', 'catkin_cmake_args': None, 'catkin_skip_building_tests': False, 'cmake_args': None, 'cmake_clean_cache': False, 'cmake_clean_first': False, 'cmake_force_configure': False, 'cmake_target': None, 'cmake_target_skip_unavailable': False, 'install_base': '/home/robomealmate/robomealmate/install/diffdrive_arduino', 'merge_install': False, 'path': '/home/robomealmate/robomealmate/src/diffdrive_arduino', 'symlink_install': True, 'test_result_base': None}
[2.782s] Level 5:colcon.colcon_core.verb:set package 'robomealmate' build argument 'cmake_args' from command line to 'None'
[2.782s] Level 5:colcon.colcon_core.verb:set package 'robomealmate' build argument 'cmake_target' from command line to 'None'
[2.782s] Level 5:colcon.colcon_core.verb:set package 'robomealmate' build argument 'cmake_target_skip_unavailable' from command line to 'False'
[2.782s] Level 5:colcon.colcon_core.verb:set package 'robomealmate' build argument 'cmake_clean_cache' from command line to 'False'
[2.782s] Level 5:colcon.colcon_core.verb:set package 'robomealmate' build argument 'cmake_clean_first' from command line to 'False'
[2.783s] Level 5:colcon.colcon_core.verb:set package 'robomealmate' build argument 'cmake_force_configure' from command line to 'False'
[2.783s] Level 5:colcon.colcon_core.verb:set package 'robomealmate' build argument 'ament_cmake_args' from command line to 'None'
[2.783s] Level 5:colcon.colcon_core.verb:set package 'robomealmate' build argument 'catkin_cmake_args' from command line to 'None'
[2.783s] Level 5:colcon.colcon_core.verb:set package 'robomealmate' build argument 'catkin_skip_building_tests' from command line to 'False'
[2.783s] DEBUG:colcon.colcon_core.verb:Building package 'robomealmate' with the following arguments: {'ament_cmake_args': None, 'build_base': '/home/robomealmate/robomealmate/build/robomealmate', 'catkin_cmake_args': None, 'catkin_skip_building_tests': False, 'cmake_args': None, 'cmake_clean_cache': False, 'cmake_clean_first': False, 'cmake_force_configure': False, 'cmake_target': None, 'cmake_target_skip_unavailable': False, 'install_base': '/home/robomealmate/robomealmate/install/robomealmate', 'merge_install': False, 'path': '/home/robomealmate/robomealmate/src/robomealmate', 'symlink_install': True, 'test_result_base': None}
[2.784s] INFO:colcon.colcon_core.executor:Executing jobs using 'parallel' executor
[2.789s] DEBUG:colcon.colcon_parallel_executor.executor.parallel:run_until_complete
[2.790s] INFO:colcon.colcon_ros.task.ament_cmake.build:Building ROS package in '/home/robomealmate/robomealmate/src/diffdrive_arduino' with build type 'ament_cmake'
[2.791s] INFO:colcon.colcon_cmake.task.cmake.build:Building CMake package in '/home/robomealmate/robomealmate/src/diffdrive_arduino'
[2.811s] INFO:colcon.colcon_core.plugin_system:Skipping extension 'colcon_core.shell.bat': Not used on non-Windows systems
[2.812s] INFO:colcon.colcon_core.shell:Skip shell extension 'powershell' for command environment: Not usable outside of PowerShell
[2.813s] DEBUG:colcon.colcon_core.shell:Skip shell extension 'dsv' for command environment
[2.845s] INFO:colcon.colcon_ros.task.ament_cmake.build:Building ROS package in '/home/robomealmate/robomealmate/src/robomealmate' with build type 'ament_cmake'
[2.847s] INFO:colcon.colcon_cmake.task.cmake.build:Building CMake package in '/home/robomealmate/robomealmate/src/robomealmate'
[2.850s] INFO:colcon.colcon_core.shell:Skip shell extension 'powershell' for command environment: Not usable outside of PowerShell
[2.851s] DEBUG:colcon.colcon_core.shell:Skip shell extension 'dsv' for command environment
[2.993s] DEBUG:colcon.colcon_core.event_handler.log_command:Invoking command in '/home/robomealmate/robomealmate/build/diffdrive_arduino': CMAKE_PREFIX_PATH=${CMAKE_PREFIX_PATH}:/opt/ros/foxy /usr/bin/cmake --build /home/robomealmate/robomealmate/build/diffdrive_arduino -- -j4 -l4
[3.055s] DEBUG:colcon.colcon_core.event_handler.log_command:Invoking command in '/home/robomealmate/robomealmate/build/robomealmate': CMAKE_PREFIX_PATH=${CMAKE_PREFIX_PATH}:/opt/ros/foxy /usr/bin/cmake --build /home/robomealmate/robomealmate/build/robomealmate -- -j4 -l4
[3.295s] DEBUG:colcon.colcon_core.event_handler.log_command:Invoked command in '/home/robomealmate/robomealmate/build/robomealmate' returned '0': CMAKE_PREFIX_PATH=${CMAKE_PREFIX_PATH}:/opt/ros/foxy /usr/bin/cmake --build /home/robomealmate/robomealmate/build/robomealmate -- -j4 -l4
[3.380s] DEBUG:colcon.colcon_core.event_handler.log_command:Invoking command in '/home/robomealmate/robomealmate/build/robomealmate': CMAKE_PREFIX_PATH=${CMAKE_PREFIX_PATH}:/opt/ros/foxy /usr/bin/cmake --install /home/robomealmate/robomealmate/build/robomealmate
[3.515s] DEBUG:colcon.colcon_core.event_handler.log_command:Invoked command in '/home/robomealmate/robomealmate/build/diffdrive_arduino' returned '0': CMAKE_PREFIX_PATH=${CMAKE_PREFIX_PATH}:/opt/ros/foxy /usr/bin/cmake --build /home/robomealmate/robomealmate/build/diffdrive_arduino -- -j4 -l4
[3.531s] DEBUG:colcon.colcon_core.event_handler.log_command:Invoking command in '/home/robomealmate/robomealmate/build/diffdrive_arduino': CMAKE_PREFIX_PATH=${CMAKE_PREFIX_PATH}:/opt/ros/foxy /usr/bin/cmake --install /home/robomealmate/robomealmate/build/diffdrive_arduino
[3.574s] Level 1:colcon.colcon_core.environment:create_environment_scripts_only(robomealmate)
[3.575s] DEBUG:colcon.colcon_core.event_handler.log_command:Invoked command in '/home/robomealmate/robomealmate/build/robomealmate' returned '0': CMAKE_PREFIX_PATH=${CMAKE_PREFIX_PATH}:/opt/ros/foxy /usr/bin/cmake --install /home/robomealmate/robomealmate/build/robomealmate
[3.629s] Level 1:colcon.colcon_core.environment:checking '/home/robomealmate/robomealmate/install/robomealmate' for CMake module files
[3.634s] Level 1:colcon.colcon_core.environment:checking '/home/robomealmate/robomealmate/install/robomealmate' for CMake config files
[3.638s] Level 1:colcon.colcon_core.shell:create_environment_hook('robomealmate', 'cmake_prefix_path')
[3.639s] INFO:colcon.colcon_core.shell:Creating environment hook '/home/robomealmate/robomealmate/install/robomealmate/share/robomealmate/hook/cmake_prefix_path.ps1'
[3.643s] INFO:colcon.colcon_core.shell:Creating environment descriptor '/home/robomealmate/robomealmate/install/robomealmate/share/robomealmate/hook/cmake_prefix_path.dsv'
[3.646s] INFO:colcon.colcon_core.shell:Creating environment hook '/home/robomealmate/robomealmate/install/robomealmate/share/robomealmate/hook/cmake_prefix_path.sh'
[3.652s] Level 1:colcon.colcon_core.environment:checking '/home/robomealmate/robomealmate/install/robomealmate/bin'
[3.653s] Level 1:colcon.colcon_core.environment:checking '/home/robomealmate/robomealmate/install/robomealmate/lib/pkgconfig/robomealmate.pc'
[3.654s] Level 1:colcon.colcon_core.environment:checking '/home/robomealmate/robomealmate/install/robomealmate/lib/python3.8/site-packages'
[3.656s] Level 1:colcon.colcon_core.environment:checking '/home/robomealmate/robomealmate/install/robomealmate/bin'
[3.658s] INFO:colcon.colcon_core.shell:Creating package script '/home/robomealmate/robomealmate/install/robomealmate/share/robomealmate/package.ps1'
[3.662s] INFO:colcon.colcon_core.shell:Creating package descriptor '/home/robomealmate/robomealmate/install/robomealmate/share/robomealmate/package.dsv'
[3.668s] INFO:colcon.colcon_core.shell:Creating package script '/home/robomealmate/robomealmate/install/robomealmate/share/robomealmate/package.sh'
[3.675s] INFO:colcon.colcon_core.shell:Creating package script '/home/robomealmate/robomealmate/install/robomealmate/share/robomealmate/package.bash'
[3.682s] INFO:colcon.colcon_core.shell:Creating package script '/home/robomealmate/robomealmate/install/robomealmate/share/robomealmate/package.zsh'
[3.686s] Level 1:colcon.colcon_core.environment:create_file_with_runtime_dependencies(/home/robomealmate/robomealmate/install/robomealmate/share/colcon-core/packages/robomealmate)
[3.689s] Level 1:colcon.colcon_core.environment:create_environment_scripts_only(robomealmate)
[3.690s] Level 1:colcon.colcon_core.environment:checking '/home/robomealmate/robomealmate/install/robomealmate' for CMake module files
[3.693s] Level 1:colcon.colcon_core.environment:checking '/home/robomealmate/robomealmate/install/robomealmate' for CMake config files
[3.696s] Level 1:colcon.colcon_core.shell:create_environment_hook('robomealmate', 'cmake_prefix_path')
[3.697s] INFO:colcon.colcon_core.shell:Creating environment hook '/home/robomealmate/robomealmate/install/robomealmate/share/robomealmate/hook/cmake_prefix_path.ps1'
[3.699s] INFO:colcon.colcon_core.shell:Creating environment descriptor '/home/robomealmate/robomealmate/install/robomealmate/share/robomealmate/hook/cmake_prefix_path.dsv'
[3.701s] INFO:colcon.colcon_core.shell:Creating environment hook '/home/robomealmate/robomealmate/install/robomealmate/share/robomealmate/hook/cmake_prefix_path.sh'
[3.705s] Level 1:colcon.colcon_core.environment:checking '/home/robomealmate/robomealmate/install/robomealmate/bin'
[3.705s] Level 1:colcon.colcon_core.environment:checking '/home/robomealmate/robomealmate/install/robomealmate/lib/pkgconfig/robomealmate.pc'
[3.706s] Level 1:colcon.colcon_core.environment:checking '/home/robomealmate/robomealmate/install/robomealmate/lib/python3.8/site-packages'
[3.707s] Level 1:colcon.colcon_core.environment:checking '/home/robomealmate/robomealmate/install/robomealmate/bin'
[3.708s] INFO:colcon.colcon_core.shell:Creating package script '/home/robomealmate/robomealmate/install/robomealmate/share/robomealmate/package.ps1'
[3.711s] INFO:colcon.colcon_core.shell:Creating package descriptor '/home/robomealmate/robomealmate/install/robomealmate/share/robomealmate/package.dsv'
[3.713s] INFO:colcon.colcon_core.shell:Creating package script '/home/robomealmate/robomealmate/install/robomealmate/share/robomealmate/package.sh'
[3.716s] INFO:colcon.colcon_core.shell:Creating package script '/home/robomealmate/robomealmate/install/robomealmate/share/robomealmate/package.bash'
[3.719s] INFO:colcon.colcon_core.shell:Creating package script '/home/robomealmate/robomealmate/install/robomealmate/share/robomealmate/package.zsh'
[3.722s] Level 1:colcon.colcon_core.environment:create_file_with_runtime_dependencies(/home/robomealmate/robomealmate/install/robomealmate/share/colcon-core/packages/robomealmate)
[3.726s] Level 1:colcon.colcon_core.environment:create_environment_scripts_only(diffdrive_arduino)
[3.728s] Level 1:colcon.colcon_core.environment:checking '/home/robomealmate/robomealmate/install/diffdrive_arduino' for CMake module files
[3.730s] DEBUG:colcon.colcon_core.event_handler.log_command:Invoked command in '/home/robomealmate/robomealmate/build/diffdrive_arduino' returned '0': CMAKE_PREFIX_PATH=${CMAKE_PREFIX_PATH}:/opt/ros/foxy /usr/bin/cmake --install /home/robomealmate/robomealmate/build/diffdrive_arduino
[3.733s] Level 1:colcon.colcon_core.environment:checking '/home/robomealmate/robomealmate/install/diffdrive_arduino' for CMake config files
[3.736s] Level 1:colcon.colcon_core.shell:create_environment_hook('diffdrive_arduino', 'cmake_prefix_path')
[3.737s] INFO:colcon.colcon_core.shell:Creating environment hook '/home/robomealmate/robomealmate/install/diffdrive_arduino/share/diffdrive_arduino/hook/cmake_prefix_path.ps1'
[3.740s] INFO:colcon.colcon_core.shell:Creating environment descriptor '/home/robomealmate/robomealmate/install/diffdrive_arduino/share/diffdrive_arduino/hook/cmake_prefix_path.dsv'
[3.742s] INFO:colcon.colcon_core.shell:Creating environment hook '/home/robomealmate/robomealmate/install/diffdrive_arduino/share/diffdrive_arduino/hook/cmake_prefix_path.sh'
[3.746s] Level 1:colcon.colcon_core.environment:checking '/home/robomealmate/robomealmate/install/diffdrive_arduino/lib'
[3.747s] Level 1:colcon.colcon_core.shell:create_environment_hook('diffdrive_arduino', 'ld_library_path_lib')
[3.749s] INFO:colcon.colcon_core.shell:Creating environment hook '/home/robomealmate/robomealmate/install/diffdrive_arduino/share/diffdrive_arduino/hook/ld_library_path_lib.ps1'
[3.751s] INFO:colcon.colcon_core.shell:Creating environment descriptor '/home/robomealmate/robomealmate/install/diffdrive_arduino/share/diffdrive_arduino/hook/ld_library_path_lib.dsv'
[3.754s] INFO:colcon.colcon_core.shell:Creating environment hook '/home/robomealmate/robomealmate/install/diffdrive_arduino/share/diffdrive_arduino/hook/ld_library_path_lib.sh'
[3.758s] Level 1:colcon.colcon_core.environment:checking '/home/robomealmate/robomealmate/install/diffdrive_arduino/bin'
[3.759s] Level 1:colcon.colcon_core.environment:checking '/home/robomealmate/robomealmate/install/diffdrive_arduino/lib/pkgconfig/diffdrive_arduino.pc'
[3.761s] Level 1:colcon.colcon_core.environment:checking '/home/robomealmate/robomealmate/install/diffdrive_arduino/lib/python3.8/site-packages'
[3.762s] Level 1:colcon.colcon_core.environment:checking '/home/robomealmate/robomealmate/install/diffdrive_arduino/bin'
[3.764s] INFO:colcon.colcon_core.shell:Creating package script '/home/robomealmate/robomealmate/install/diffdrive_arduino/share/diffdrive_arduino/package.ps1'
[3.768s] INFO:colcon.colcon_core.shell:Creating package descriptor '/home/robomealmate/robomealmate/install/diffdrive_arduino/share/diffdrive_arduino/package.dsv'
[3.771s] INFO:colcon.colcon_core.shell:Creating package script '/home/robomealmate/robomealmate/install/diffdrive_arduino/share/diffdrive_arduino/package.sh'
[3.774s] INFO:colcon.colcon_core.shell:Creating package script '/home/robomealmate/robomealmate/install/diffdrive_arduino/share/diffdrive_arduino/package.bash'
[3.776s] INFO:colcon.colcon_core.shell:Creating package script '/home/robomealmate/robomealmate/install/diffdrive_arduino/share/diffdrive_arduino/package.zsh'
[3.778s] Level 1:colcon.colcon_core.environment:create_file_with_runtime_dependencies(/home/robomealmate/robomealmate/install/diffdrive_arduino/share/colcon-core/packages/diffdrive_arduino)
[3.781s] Level 1:colcon.colcon_core.environment:create_environment_scripts_only(diffdrive_arduino)
[3.782s] Level 1:colcon.colcon_core.environment:checking '/home/robomealmate/robomealmate/install/diffdrive_arduino' for CMake module files
[3.786s] Level 1:colcon.colcon_core.environment:checking '/home/robomealmate/robomealmate/install/diffdrive_arduino' for CMake config files
[3.792s] Level 1:colcon.colcon_core.shell:create_environment_hook('diffdrive_arduino', 'cmake_prefix_path')
[3.793s] INFO:colcon.colcon_core.shell:Creating environment hook '/home/robomealmate/robomealmate/install/diffdrive_arduino/share/diffdrive_arduino/hook/cmake_prefix_path.ps1'
[3.796s] INFO:colcon.colcon_core.shell:Creating environment descriptor '/home/robomealmate/robomealmate/install/diffdrive_arduino/share/diffdrive_arduino/hook/cmake_prefix_path.dsv'
[3.799s] INFO:colcon.colcon_core.shell:Creating environment hook '/home/robomealmate/robomealmate/install/diffdrive_arduino/share/diffdrive_arduino/hook/cmake_prefix_path.sh'
[3.805s] Level 1:colcon.colcon_core.environment:checking '/home/robomealmate/robomealmate/install/diffdrive_arduino/lib'
[3.806s] Level 1:colcon.colcon_core.shell:create_environment_hook('diffdrive_arduino', 'ld_library_path_lib')
[3.807s] INFO:colcon.colcon_core.shell:Creating environment hook '/home/robomealmate/robomealmate/install/diffdrive_arduino/share/diffdrive_arduino/hook/ld_library_path_lib.ps1'
[3.817s] INFO:colcon.colcon_core.shell:Creating environment descriptor '/home/robomealmate/robomealmate/install/diffdrive_arduino/share/diffdrive_arduino/hook/ld_library_path_lib.dsv'
[3.820s] INFO:colcon.colcon_core.shell:Creating environment hook '/home/robomealmate/robomealmate/install/diffdrive_arduino/share/diffdrive_arduino/hook/ld_library_path_lib.sh'
[3.824s] Level 1:colcon.colcon_core.environment:checking '/home/robomealmate/robomealmate/install/diffdrive_arduino/bin'
[3.825s] Level 1:colcon.colcon_core.environment:checking '/home/robomealmate/robomealmate/install/diffdrive_arduino/lib/pkgconfig/diffdrive_arduino.pc'
[3.826s] Level 1:colcon.colcon_core.environment:checking '/home/robomealmate/robomealmate/install/diffdrive_arduino/lib/python3.8/site-packages'
[3.828s] Level 1:colcon.colcon_core.environment:checking '/home/robomealmate/robomealmate/install/diffdrive_arduino/bin'
[3.833s] INFO:colcon.colcon_core.shell:Creating package script '/home/robomealmate/robomealmate/install/diffdrive_arduino/share/diffdrive_arduino/package.ps1'
[3.842s] INFO:colcon.colcon_core.shell:Creating package descriptor '/home/robomealmate/robomealmate/install/diffdrive_arduino/share/diffdrive_arduino/package.dsv'
[3.848s] INFO:colcon.colcon_core.shell:Creating package script '/home/robomealmate/robomealmate/install/diffdrive_arduino/share/diffdrive_arduino/package.sh'
[3.853s] INFO:colcon.colcon_core.shell:Creating package script '/home/robomealmate/robomealmate/install/diffdrive_arduino/share/diffdrive_arduino/package.bash'
[3.857s] INFO:colcon.colcon_core.shell:Creating package script '/home/robomealmate/robomealmate/install/diffdrive_arduino/share/diffdrive_arduino/package.zsh'
[3.861s] Level 1:colcon.colcon_core.environment:create_file_with_runtime_dependencies(/home/robomealmate/robomealmate/install/diffdrive_arduino/share/colcon-core/packages/diffdrive_arduino)
[3.867s] DEBUG:colcon.colcon_parallel_executor.executor.parallel:closing loop
[3.869s] DEBUG:colcon.colcon_parallel_executor.executor.parallel:loop closed
[3.869s] DEBUG:colcon.colcon_parallel_executor.executor.parallel:run_until_complete finished with '0'
[3.870s] DEBUG:colcon.colcon_core.event_reactor:joining thread
[3.946s] INFO:colcon.colcon_core.plugin_system:Skipping extension 'colcon_notification.desktop_notification.terminal_notifier': Not used on non-Darwin systems
[3.947s] INFO:colcon.colcon_core.plugin_system:Skipping extension 'colcon_notification.desktop_notification.win32': Not used on non-Windows systems
[3.947s] INFO:colcon.colcon_notification.desktop_notification:Sending desktop notification using 'notify2'
[4.530s] DEBUG:colcon.colcon_core.event_reactor:joined thread
[4.532s] INFO:colcon.colcon_core.shell:Creating prefix script '/home/robomealmate/robomealmate/install/local_setup.ps1'
[4.540s] INFO:colcon.colcon_core.shell:Creating prefix util module '/home/robomealmate/robomealmate/install/_local_setup_util_ps1.py'
[4.547s] INFO:colcon.colcon_core.shell:Creating prefix chain script '/home/robomealmate/robomealmate/install/setup.ps1'
[4.558s] INFO:colcon.colcon_core.shell:Creating prefix script '/home/robomealmate/robomealmate/install/local_setup.sh'
[4.563s] INFO:colcon.colcon_core.shell:Creating prefix util module '/home/robomealmate/robomealmate/install/_local_setup_util_sh.py'
[4.567s] INFO:colcon.colcon_core.shell:Creating prefix chain script '/home/robomealmate/robomealmate/install/setup.sh'
[4.575s] INFO:colcon.colcon_core.shell:Creating prefix script '/home/robomealmate/robomealmate/install/local_setup.bash'
[4.579s] INFO:colcon.colcon_core.shell:Creating prefix chain script '/home/robomealmate/robomealmate/install/setup.bash'
[4.586s] INFO:colcon.colcon_core.shell:Creating prefix script '/home/robomealmate/robomealmate/install/local_setup.zsh'
[4.592s] INFO:colcon.colcon_core.shell:Creating prefix chain script '/home/robomealmate/robomealmate/install/setup.zsh'
