[0.233s] Invoking command in '/home/robomealmate/robomealmate/build/rplidar_ros': CMAKE_PREFIX_PATH=${CMAKE_PREFIX_PATH}:/opt/ros/foxy /usr/bin/cmake --build /home/robomealmate/robomealmate/build/rplidar_ros -- -j4 -l4
[0.959s] [  5%] Built target rplidar_client
[0.981s] [ 52%] Built target rplidar_composition
[1.054s] [100%] Built target rplidar_node
[1.171s] Invoked command in '/home/robomealmate/robomealmate/build/rplidar_ros' returned '0': CMAKE_PREFIX_PATH=${CMAKE_PREFIX_PATH}:/opt/ros/foxy /usr/bin/cmake --build /home/robomealmate/robomealmate/build/rplidar_ros -- -j4 -l4
[1.186s] Invoking command in '/home/robomealmate/robomealmate/build/rplidar_ros': CMAKE_PREFIX_PATH=${CMAKE_PREFIX_PATH}:/opt/ros/foxy /usr/bin/cmake --install /home/robomealmate/robomealmate/build/rplidar_ros
[1.298s] -- Install configuration: ""
[1.299s] -- Execute custom install script
[1.352s] -- Up-to-date symlink: /home/robomealmate/robomealmate/install/rplidar_ros/share/rplidar_ros/launch/rplidar_a1_launch.py
[1.353s] -- Up-to-date symlink: /home/robomealmate/robomealmate/install/rplidar_ros/share/rplidar_ros/launch/rplidar_a2m12_launch.py
[1.357s] -- Up-to-date symlink: /home/robomealmate/robomealmate/install/rplidar_ros/share/rplidar_ros/launch/rplidar_a2m7_launch.py
[1.358s] -- Up-to-date symlink: /home/robomealmate/robomealmate/install/rplidar_ros/share/rplidar_ros/launch/rplidar_a2m8_launch.py
[1.361s] -- Up-to-date symlink: /home/robomealmate/robomealmate/install/rplidar_ros/share/rplidar_ros/launch/rplidar_a3_launch.py
[1.363s] -- Up-to-date symlink: /home/robomealmate/robomealmate/install/rplidar_ros/share/rplidar_ros/launch/rplidar_c1_launch.py
[1.364s] -- Up-to-date symlink: /home/robomealmate/robomealmate/install/rplidar_ros/share/rplidar_ros/launch/rplidar_s1_launch.py
[1.365s] -- Up-to-date symlink: /home/robomealmate/robomealmate/install/rplidar_ros/share/rplidar_ros/launch/rplidar_s1_tcp_launch.py
[1.369s] -- Up-to-date symlink: /home/robomealmate/robomealmate/install/rplidar_ros/share/rplidar_ros/launch/rplidar_s2_launch.py
[1.371s] -- Up-to-date symlink: /home/robomealmate/robomealmate/install/rplidar_ros/share/rplidar_ros/launch/rplidar_s2e_launch.py
[1.371s] -- Up-to-date symlink: /home/robomealmate/robomealmate/install/rplidar_ros/share/rplidar_ros/launch/rplidar_s3_launch.py
[1.380s] -- Up-to-date symlink: /home/robomealmate/robomealmate/install/rplidar_ros/share/rplidar_ros/launch/rplidar_t1_launch.py
[1.381s] -- Up-to-date symlink: /home/robomealmate/robomealmate/install/rplidar_ros/share/rplidar_ros/launch/view_rplidar_a1_launch.py
[1.382s] -- Up-to-date symlink: /home/robomealmate/robomealmate/install/rplidar_ros/share/rplidar_ros/launch/view_rplidar_a2m12_launch.py
[1.383s] -- Up-to-date symlink: /home/robomealmate/robomealmate/install/rplidar_ros/share/rplidar_ros/launch/view_rplidar_a2m7_launch.py
[1.384s] -- Up-to-date symlink: /home/robomealmate/robomealmate/install/rplidar_ros/share/rplidar_ros/launch/view_rplidar_a2m8_launch.py
[1.385s] -- Up-to-date symlink: /home/robomealmate/robomealmate/install/rplidar_ros/share/rplidar_ros/launch/view_rplidar_a3_launch.py
[1.387s] -- Up-to-date symlink: /home/robomealmate/robomealmate/install/rplidar_ros/share/rplidar_ros/launch/view_rplidar_c1_launch.py
[1.389s] -- Up-to-date symlink: /home/robomealmate/robomealmate/install/rplidar_ros/share/rplidar_ros/launch/view_rplidar_s1_launch.py
[1.390s] -- Up-to-date symlink: /home/robomealmate/robomealmate/install/rplidar_ros/share/rplidar_ros/launch/view_rplidar_s1_tcp_launch.py
[1.391s] -- Up-to-date symlink: /home/robomealmate/robomealmate/install/rplidar_ros/share/rplidar_ros/launch/view_rplidar_s2_launch.py
[1.391s] -- Up-to-date symlink: /home/robomealmate/robomealmate/install/rplidar_ros/share/rplidar_ros/launch/view_rplidar_s2e_launch.py
[1.392s] -- Up-to-date symlink: /home/robomealmate/robomealmate/install/rplidar_ros/share/rplidar_ros/launch/view_rplidar_s3_launch.py
[1.393s] -- Up-to-date symlink: /home/robomealmate/robomealmate/install/rplidar_ros/share/rplidar_ros/launch/view_rplidar_t1_launch.py
[1.394s] -- Up-to-date symlink: /home/robomealmate/robomealmate/install/rplidar_ros/share/rplidar_ros/rviz/rplidar_ros.rviz
[1.394s] -- Up-to-date symlink: /home/robomealmate/robomealmate/install/rplidar_ros/lib/rplidar_ros/rplidar_node
[1.396s] -- Up-to-date symlink: /home/robomealmate/robomealmate/install/rplidar_ros/lib/rplidar_ros/rplidar_composition
[1.397s] -- Up-to-date symlink: /home/robomealmate/robomealmate/install/rplidar_ros/lib/rplidar_ros/rplidar_client
[1.398s] -- Up-to-date symlink: /home/robomealmate/robomealmate/install/rplidar_ros/share/ament_index/resource_index/package_run_dependencies/rplidar_ros
[1.398s] -- Up-to-date symlink: /home/robomealmate/robomealmate/install/rplidar_ros/share/ament_index/resource_index/parent_prefix_path/rplidar_ros
[1.400s] -- Up-to-date symlink: /home/robomealmate/robomealmate/install/rplidar_ros/share/rplidar_ros/environment/ament_prefix_path.sh
[1.402s] -- Up-to-date symlink: /home/robomealmate/robomealmate/install/rplidar_ros/share/rplidar_ros/environment/ament_prefix_path.dsv
[1.402s] -- Up-to-date symlink: /home/robomealmate/robomealmate/install/rplidar_ros/share/rplidar_ros/environment/path.sh
[1.404s] -- Up-to-date symlink: /home/robomealmate/robomealmate/install/rplidar_ros/share/rplidar_ros/environment/path.dsv
[1.405s] -- Up-to-date symlink: /home/robomealmate/robomealmate/install/rplidar_ros/share/rplidar_ros/local_setup.bash
[1.406s] -- Up-to-date symlink: /home/robomealmate/robomealmate/install/rplidar_ros/share/rplidar_ros/local_setup.sh
[1.406s] -- Up-to-date symlink: /home/robomealmate/robomealmate/install/rplidar_ros/share/rplidar_ros/local_setup.zsh
[1.407s] -- Up-to-date symlink: /home/robomealmate/robomealmate/install/rplidar_ros/share/rplidar_ros/local_setup.dsv
[1.408s] -- Symlinking: /home/robomealmate/robomealmate/install/rplidar_ros/share/rplidar_ros/package.dsv
[1.476s] -- Up-to-date symlink: /home/robomealmate/robomealmate/install/rplidar_ros/share/ament_index/resource_index/packages/rplidar_ros
[1.477s] -- Up-to-date symlink: /home/robomealmate/robomealmate/install/rplidar_ros/share/rplidar_ros/cmake/ament_cmake_export_dependencies-extras.cmake
[1.477s] -- Up-to-date symlink: /home/robomealmate/robomealmate/install/rplidar_ros/share/rplidar_ros/cmake/ament_cmake_export_include_directories-extras.cmake
[1.485s] -- Up-to-date symlink: /home/robomealmate/robomealmate/install/rplidar_ros/share/rplidar_ros/cmake/rplidar_rosConfig.cmake
[1.486s] -- Up-to-date symlink: /home/robomealmate/robomealmate/install/rplidar_ros/share/rplidar_ros/cmake/rplidar_rosConfig-version.cmake
[1.488s] -- Up-to-date symlink: /home/robomealmate/robomealmate/install/rplidar_ros/share/rplidar_ros/package.xml
[1.608s] Invoked command in '/home/robomealmate/robomealmate/build/rplidar_ros' returned '0': CMAKE_PREFIX_PATH=${CMAKE_PREFIX_PATH}:/opt/ros/foxy /usr/bin/cmake --install /home/robomealmate/robomealmate/build/rplidar_ros
