[0.023s] Invoking command in '/home/robomealmate/robomealmate/build/serial': CMAKE_PREFIX_PATH=${CMAKE_PREFIX_PATH}:/opt/ros/foxy /usr/bin/cmake --build /home/robomealmate/robomealmate/build/serial -- -j8 -l8
[0.075s] [ 14%] Built target gtest_main
[0.076s] [ 57%] Built target serial
[0.077s] [ 57%] Built target gtest
[0.097s] [ 71%] Built target serial_example
[0.098s] [ 85%] Built target serial-test-timer
[0.099s] [100%] Built target serial-test
[0.128s] Invoked command in '/home/robomealmate/robomealmate/build/serial' returned '0': CMAKE_PREFIX_PATH=${CMAKE_PREFIX_PATH}:/opt/ros/foxy /usr/bin/cmake --build /home/robomealmate/robomealmate/build/serial -- -j8 -l8
[0.131s] Invoking command in '/home/robomealmate/robomealmate/build/serial': CMAKE_PREFIX_PATH=${CMAKE_PREFIX_PATH}:/opt/ros/foxy /usr/bin/cmake --install /home/robomealmate/robomealmate/build/serial
[0.139s] -- Install configuration: ""
[0.139s] -- Execute custom install script
[0.139s] -- Up-to-date symlink: /home/robomealmate/robomealmate/install/serial/lib/libserial.a
[0.139s] -- Up-to-date symlink: /home/robomealmate/robomealmate/install/serial/include/serial/serial.h
[0.140s] -- Up-to-date symlink: /home/robomealmate/robomealmate/install/serial/include/serial/v8stdint.h
[0.140s] -- Up-to-date symlink: /home/robomealmate/robomealmate/install/serial/share/serial/environment/library_path.sh
[0.140s] -- Up-to-date symlink: /home/robomealmate/robomealmate/install/serial/share/serial/environment/library_path.dsv
[0.140s] -- Up-to-date symlink: /home/robomealmate/robomealmate/install/serial/share/ament_index/resource_index/package_run_dependencies/serial
[0.141s] -- Up-to-date symlink: /home/robomealmate/robomealmate/install/serial/share/ament_index/resource_index/parent_prefix_path/serial
[0.141s] -- Up-to-date symlink: /home/robomealmate/robomealmate/install/serial/share/serial/environment/ament_prefix_path.sh
[0.141s] -- Up-to-date symlink: /home/robomealmate/robomealmate/install/serial/share/serial/environment/ament_prefix_path.dsv
[0.141s] -- Up-to-date symlink: /home/robomealmate/robomealmate/install/serial/share/serial/environment/path.sh
[0.142s] -- Up-to-date symlink: /home/robomealmate/robomealmate/install/serial/share/serial/environment/path.dsv
[0.142s] -- Up-to-date symlink: /home/robomealmate/robomealmate/install/serial/share/serial/local_setup.bash
[0.142s] -- Up-to-date symlink: /home/robomealmate/robomealmate/install/serial/share/serial/local_setup.sh
[0.142s] -- Up-to-date symlink: /home/robomealmate/robomealmate/install/serial/share/serial/local_setup.zsh
[0.143s] -- Up-to-date symlink: /home/robomealmate/robomealmate/install/serial/share/serial/local_setup.dsv
[0.143s] -- Symlinking: /home/robomealmate/robomealmate/install/serial/share/serial/package.dsv
[0.152s] -- Up-to-date symlink: /home/robomealmate/robomealmate/install/serial/share/ament_index/resource_index/packages/serial
[0.152s] -- Up-to-date symlink: /home/robomealmate/robomealmate/install/serial/share/serial/cmake/ament_cmake_export_include_directories-extras.cmake
[0.152s] -- Up-to-date symlink: /home/robomealmate/robomealmate/install/serial/share/serial/cmake/ament_cmake_export_libraries-extras.cmake
[0.152s] -- Up-to-date symlink: /home/robomealmate/robomealmate/install/serial/share/serial/cmake/serialConfig.cmake
[0.153s] -- Up-to-date symlink: /home/robomealmate/robomealmate/install/serial/share/serial/cmake/serialConfig-version.cmake
[0.153s] -- Up-to-date symlink: /home/robomealmate/robomealmate/install/serial/share/serial/package.xml
[0.156s] Invoked command in '/home/robomealmate/robomealmate/build/serial' returned '0': CMAKE_PREFIX_PATH=${CMAKE_PREFIX_PATH}:/opt/ros/foxy /usr/bin/cmake --install /home/robomealmate/robomealmate/build/serial
