[0.220s] Invoking command in '/home/robomealmate/robomealmate/build/gazebo_ros2_control': CMAKE_PREFIX_PATH=${CMAKE_PREFIX_PATH}:/opt/ros/foxy /usr/bin/cmake --build /home/robomealmate/robomealmate/build/gazebo_ros2_control -- -j4 -l4
[1.283s] [ 50%] Built target gazebo_hardware_plugins
[1.288s] [100%] Built target gazebo_ros2_control
[1.405s] Invoked command in '/home/robomealmate/robomealmate/build/gazebo_ros2_control' returned '0': CMAKE_PREFIX_PATH=${CMAKE_PREFIX_PATH}:/opt/ros/foxy /usr/bin/cmake --build /home/robomealmate/robomealmate/build/gazebo_ros2_control -- -j4 -l4
[1.489s] Invoking command in '/home/robomealmate/robomealmate/build/gazebo_ros2_control': CMAKE_PREFIX_PATH=${CMAKE_PREFIX_PATH}:/opt/ros/foxy /usr/bin/cmake --install /home/robomealmate/robomealmate/build/gazebo_ros2_control
[1.536s] -- Install configuration: ""
[1.538s] -- Execute custom install script
[1.541s] -- Up-to-date symlink: /home/robomealmate/robomealmate/install/gazebo_ros2_control/lib/libgazebo_ros2_control.so
[1.542s] -- Up-to-date symlink: /home/robomealmate/robomealmate/install/gazebo_ros2_control/lib/libgazebo_hardware_plugins.so
[1.544s] -- Up-to-date symlink: /home/robomealmate/robomealmate/install/gazebo_ros2_control/share/gazebo_ros2_control/environment/library_path.sh
[1.548s] -- Up-to-date symlink: /home/robomealmate/robomealmate/install/gazebo_ros2_control/share/gazebo_ros2_control/environment/library_path.dsv
[1.551s] -- Up-to-date symlink: /home/robomealmate/robomealmate/install/gazebo_ros2_control/include/gazebo_ros2_control/gazebo_ros2_control_plugin.hpp
[1.573s] -- Up-to-date symlink: /home/robomealmate/robomealmate/install/gazebo_ros2_control/include/gazebo_ros2_control/gazebo_system.hpp
[1.574s] -- Up-to-date symlink: /home/robomealmate/robomealmate/install/gazebo_ros2_control/include/gazebo_ros2_control/gazebo_system_interface.hpp
[1.576s] -- Up-to-date symlink: /home/robomealmate/robomealmate/install/gazebo_ros2_control/share/gazebo_ros2_control//gazebo_hardware_plugins.xml
[1.581s] -- Up-to-date symlink: /home/robomealmate/robomealmate/install/gazebo_ros2_control/share/ament_index/resource_index/package_run_dependencies/gazebo_ros2_control
[1.582s] -- Up-to-date symlink: /home/robomealmate/robomealmate/install/gazebo_ros2_control/share/ament_index/resource_index/parent_prefix_path/gazebo_ros2_control
[1.583s] -- Up-to-date symlink: /home/robomealmate/robomealmate/install/gazebo_ros2_control/share/gazebo_ros2_control/environment/ament_prefix_path.sh
[1.584s] -- Up-to-date symlink: /home/robomealmate/robomealmate/install/gazebo_ros2_control/share/gazebo_ros2_control/environment/ament_prefix_path.dsv
[1.585s] -- Up-to-date symlink: /home/robomealmate/robomealmate/install/gazebo_ros2_control/share/gazebo_ros2_control/environment/path.sh
[1.586s] -- Up-to-date symlink: /home/robomealmate/robomealmate/install/gazebo_ros2_control/share/gazebo_ros2_control/environment/path.dsv
[1.587s] -- Up-to-date symlink: /home/robomealmate/robomealmate/install/gazebo_ros2_control/share/gazebo_ros2_control/local_setup.bash
[1.610s] -- Up-to-date symlink: /home/robomealmate/robomealmate/install/gazebo_ros2_control/share/gazebo_ros2_control/local_setup.sh
[1.612s] -- Up-to-date symlink: /home/robomealmate/robomealmate/install/gazebo_ros2_control/share/gazebo_ros2_control/local_setup.zsh
[1.612s] -- Up-to-date symlink: /home/robomealmate/robomealmate/install/gazebo_ros2_control/share/gazebo_ros2_control/local_setup.dsv
[1.613s] -- Symlinking: /home/robomealmate/robomealmate/install/gazebo_ros2_control/share/gazebo_ros2_control/package.dsv
[1.655s] -- Up-to-date symlink: /home/robomealmate/robomealmate/install/gazebo_ros2_control/share/ament_index/resource_index/packages/gazebo_ros2_control
[1.661s] -- Up-to-date symlink: /home/robomealmate/robomealmate/install/gazebo_ros2_control/share/ament_index/resource_index/gazebo_ros2_control__pluginlib__plugin/gazebo_ros2_control
[1.662s] -- Up-to-date symlink: /home/robomealmate/robomealmate/install/gazebo_ros2_control/share/gazebo_ros2_control/cmake/ament_cmake_export_include_directories-extras.cmake
[1.665s] -- Up-to-date symlink: /home/robomealmate/robomealmate/install/gazebo_ros2_control/share/gazebo_ros2_control/cmake/ament_cmake_export_dependencies-extras.cmake
[1.673s] -- Up-to-date symlink: /home/robomealmate/robomealmate/install/gazebo_ros2_control/share/gazebo_ros2_control/cmake/ament_cmake_export_libraries-extras.cmake
[1.676s] -- Up-to-date symlink: /home/robomealmate/robomealmate/install/gazebo_ros2_control/share/gazebo_ros2_control/cmake/gazebo_ros2_controlConfig.cmake
[1.680s] -- Up-to-date symlink: /home/robomealmate/robomealmate/install/gazebo_ros2_control/share/gazebo_ros2_control/cmake/gazebo_ros2_controlConfig-version.cmake
[1.689s] -- Up-to-date symlink: /home/robomealmate/robomealmate/install/gazebo_ros2_control/share/gazebo_ros2_control/package.xml
[1.824s] Invoked command in '/home/robomealmate/robomealmate/build/gazebo_ros2_control' returned '0': CMAKE_PREFIX_PATH=${CMAKE_PREFIX_PATH}:/opt/ros/foxy /usr/bin/cmake --install /home/robomealmate/robomealmate/build/gazebo_ros2_control
