[0.647s] Invoking command in '/home/robomealmate/robomealmate/build/gazebo_ros2_control': CMAKE_PREFIX_PATH=/opt/ros/foxy /usr/bin/cmake --build /home/robomealmate/robomealmate/build/gazebo_ros2_control -- -j4 -l4
[3.244s] [ 50%] Built target gazebo_hardware_plugins
[4.484s] [100%] Built target gazebo_ros2_control
[4.947s] Invoked command in '/home/robomealmate/robomealmate/build/gazebo_ros2_control' returned '0': CMAKE_PREFIX_PATH=/opt/ros/foxy /usr/bin/cmake --build /home/robomealmate/robomealmate/build/gazebo_ros2_control -- -j4 -l4
[5.003s] Invoking command in '/home/robomealmate/robomealmate/build/gazebo_ros2_control': CMAKE_PREFIX_PATH=/opt/ros/foxy /usr/bin/cmake --install /home/robomealmate/robomealmate/build/gazebo_ros2_control
[5.284s] -- Install configuration: ""
[5.300s] -- Execute custom install script
[5.318s] -- Up-to-date symlink: /home/robomealmate/robomealmate/install/gazebo_ros2_control/lib/libgazebo_ros2_control.so
[5.322s] -- Up-to-date symlink: /home/robomealmate/robomealmate/install/gazebo_ros2_control/lib/libgazebo_hardware_plugins.so
[5.364s] -- Up-to-date symlink: /home/robomealmate/robomealmate/install/gazebo_ros2_control/share/gazebo_ros2_control/environment/library_path.sh
[5.381s] -- Up-to-date symlink: /home/robomealmate/robomealmate/install/gazebo_ros2_control/share/gazebo_ros2_control/environment/library_path.dsv
[5.393s] -- Up-to-date symlink: /home/robomealmate/robomealmate/install/gazebo_ros2_control/include/gazebo_ros2_control/gazebo_ros2_control_plugin.hpp
[5.405s] -- Up-to-date symlink: /home/robomealmate/robomealmate/install/gazebo_ros2_control/include/gazebo_ros2_control/gazebo_system.hpp
[5.413s] -- Up-to-date symlink: /home/robomealmate/robomealmate/install/gazebo_ros2_control/include/gazebo_ros2_control/gazebo_system_interface.hpp
[5.430s] -- Up-to-date symlink: /home/robomealmate/robomealmate/install/gazebo_ros2_control/share/gazebo_ros2_control//gazebo_hardware_plugins.xml
[5.432s] -- Up-to-date symlink: /home/robomealmate/robomealmate/install/gazebo_ros2_control/share/ament_index/resource_index/package_run_dependencies/gazebo_ros2_control
[5.435s] -- Up-to-date symlink: /home/robomealmate/robomealmate/install/gazebo_ros2_control/share/ament_index/resource_index/parent_prefix_path/gazebo_ros2_control
[5.444s] -- Up-to-date symlink: /home/robomealmate/robomealmate/install/gazebo_ros2_control/share/gazebo_ros2_control/environment/ament_prefix_path.sh
[5.459s] -- Up-to-date symlink: /home/robomealmate/robomealmate/install/gazebo_ros2_control/share/gazebo_ros2_control/environment/ament_prefix_path.dsv
[5.465s] -- Up-to-date symlink: /home/robomealmate/robomealmate/install/gazebo_ros2_control/share/gazebo_ros2_control/environment/path.sh
[5.472s] -- Up-to-date symlink: /home/robomealmate/robomealmate/install/gazebo_ros2_control/share/gazebo_ros2_control/environment/path.dsv
[5.481s] -- Up-to-date symlink: /home/robomealmate/robomealmate/install/gazebo_ros2_control/share/gazebo_ros2_control/local_setup.bash
[5.499s] -- Up-to-date symlink: /home/robomealmate/robomealmate/install/gazebo_ros2_control/share/gazebo_ros2_control/local_setup.sh
[5.507s] -- Up-to-date symlink: /home/robomealmate/robomealmate/install/gazebo_ros2_control/share/gazebo_ros2_control/local_setup.zsh
[5.529s] -- Up-to-date symlink: /home/robomealmate/robomealmate/install/gazebo_ros2_control/share/gazebo_ros2_control/local_setup.dsv
[5.548s] -- Symlinking: /home/robomealmate/robomealmate/install/gazebo_ros2_control/share/gazebo_ros2_control/package.dsv
[5.785s] -- Up-to-date symlink: /home/robomealmate/robomealmate/install/gazebo_ros2_control/share/ament_index/resource_index/packages/gazebo_ros2_control
[5.792s] -- Up-to-date symlink: /home/robomealmate/robomealmate/install/gazebo_ros2_control/share/ament_index/resource_index/gazebo_ros2_control__pluginlib__plugin/gazebo_ros2_control
[5.804s] -- Up-to-date symlink: /home/robomealmate/robomealmate/install/gazebo_ros2_control/share/gazebo_ros2_control/cmake/ament_cmake_export_include_directories-extras.cmake
[5.813s] -- Up-to-date symlink: /home/robomealmate/robomealmate/install/gazebo_ros2_control/share/gazebo_ros2_control/cmake/ament_cmake_export_dependencies-extras.cmake
[5.821s] -- Up-to-date symlink: /home/robomealmate/robomealmate/install/gazebo_ros2_control/share/gazebo_ros2_control/cmake/ament_cmake_export_libraries-extras.cmake
[5.842s] -- Up-to-date symlink: /home/robomealmate/robomealmate/install/gazebo_ros2_control/share/gazebo_ros2_control/cmake/gazebo_ros2_controlConfig.cmake
[5.852s] -- Up-to-date symlink: /home/robomealmate/robomealmate/install/gazebo_ros2_control/share/gazebo_ros2_control/cmake/gazebo_ros2_controlConfig-version.cmake
[5.870s] -- Up-to-date symlink: /home/robomealmate/robomealmate/install/gazebo_ros2_control/share/gazebo_ros2_control/package.xml
[5.915s] Invoked command in '/home/robomealmate/robomealmate/build/gazebo_ros2_control' returned '0': CMAKE_PREFIX_PATH=/opt/ros/foxy /usr/bin/cmake --install /home/robomealmate/robomealmate/build/gazebo_ros2_control
