[0.023s] Invoking command in '/home/robomealmate/robomealmate/build/diffdrive_arduino': CMAKE_PREFIX_PATH=${CMAKE_PREFIX_PATH}:/opt/ros/foxy /usr/bin/cmake --build /home/robomealmate/robomealmate/build/diffdrive_arduino -- -j8 -l8
[0.083s] [100%] Built target diffdrive_arduino
[0.100s] Invoked command in '/home/robomealmate/robomealmate/build/diffdrive_arduino' returned '0': CMAKE_PREFIX_PATH=${CMAKE_PREFIX_PATH}:/opt/ros/foxy /usr/bin/cmake --build /home/robomealmate/robomealmate/build/diffdrive_arduino -- -j8 -l8
[0.106s] Invoking command in '/home/robomealmate/robomealmate/build/diffdrive_arduino': CMAKE_PREFIX_PATH=${CMAKE_PREFIX_PATH}:/opt/ros/foxy /usr/bin/cmake --install /home/robomealmate/robomealmate/build/diffdrive_arduino
[0.116s] -- Install configuration: ""
[0.118s] -- Execute custom install script
[0.118s] -- Up-to-date symlink: /home/robomealmate/robomealmate/install/diffdrive_arduino/include//diffdrive_arduino/arduino_comms.h
[0.118s] -- Up-to-date symlink: /home/robomealmate/robomealmate/install/diffdrive_arduino/include//diffdrive_arduino/config.h
[0.119s] -- Up-to-date symlink: /home/robomealmate/robomealmate/install/diffdrive_arduino/include//diffdrive_arduino/diffdrive_arduino.h
[0.119s] -- Up-to-date symlink: /home/robomealmate/robomealmate/install/diffdrive_arduino/include//diffdrive_arduino/wheel.h
[0.120s] -- Up-to-date symlink: /home/robomealmate/robomealmate/install/diffdrive_arduino/share/diffdrive_arduino//diffdrive_arduino_plugin.xml
[0.120s] -- Up-to-date symlink: /home/robomealmate/robomealmate/install/diffdrive_arduino/share/diffdrive_arduino/diffdrive_arduino_plugin.xml
[0.120s] -- Up-to-date symlink: /home/robomealmate/robomealmate/install/diffdrive_arduino/share/diffdrive_arduino/environment/library_path.sh
[0.120s] -- Up-to-date symlink: /home/robomealmate/robomealmate/install/diffdrive_arduino/share/diffdrive_arduino/environment/library_path.dsv
[0.120s] -- Up-to-date symlink: /home/robomealmate/robomealmate/install/diffdrive_arduino/share/ament_index/resource_index/package_run_dependencies/diffdrive_arduino
[0.120s] -- Up-to-date symlink: /home/robomealmate/robomealmate/install/diffdrive_arduino/share/ament_index/resource_index/parent_prefix_path/diffdrive_arduino
[0.120s] -- Up-to-date symlink: /home/robomealmate/robomealmate/install/diffdrive_arduino/share/diffdrive_arduino/environment/ament_prefix_path.sh
[0.121s] -- Up-to-date symlink: /home/robomealmate/robomealmate/install/diffdrive_arduino/share/diffdrive_arduino/environment/ament_prefix_path.dsv
[0.121s] -- Up-to-date symlink: /home/robomealmate/robomealmate/install/diffdrive_arduino/share/diffdrive_arduino/environment/path.sh
[0.121s] -- Up-to-date symlink: /home/robomealmate/robomealmate/install/diffdrive_arduino/share/diffdrive_arduino/environment/path.dsv
[0.121s] -- Up-to-date symlink: /home/robomealmate/robomealmate/install/diffdrive_arduino/share/diffdrive_arduino/local_setup.bash
[0.121s] -- Up-to-date symlink: /home/robomealmate/robomealmate/install/diffdrive_arduino/share/diffdrive_arduino/local_setup.sh
[0.121s] -- Up-to-date symlink: /home/robomealmate/robomealmate/install/diffdrive_arduino/share/diffdrive_arduino/local_setup.zsh
[0.122s] -- Up-to-date symlink: /home/robomealmate/robomealmate/install/diffdrive_arduino/share/diffdrive_arduino/local_setup.dsv
[0.122s] -- Symlinking: /home/robomealmate/robomealmate/install/diffdrive_arduino/share/diffdrive_arduino/package.dsv
[0.132s] -- Up-to-date symlink: /home/robomealmate/robomealmate/install/diffdrive_arduino/share/ament_index/resource_index/packages/diffdrive_arduino
[0.134s] -- Up-to-date symlink: /home/robomealmate/robomealmate/install/diffdrive_arduino/share/ament_index/resource_index/hardware_interface__pluginlib__plugin/diffdrive_arduino
[0.134s] -- Up-to-date symlink: /home/robomealmate/robomealmate/install/diffdrive_arduino/share/diffdrive_arduino/cmake/ament_cmake_export_dependencies-extras.cmake
[0.134s] -- Up-to-date symlink: /home/robomealmate/robomealmate/install/diffdrive_arduino/share/diffdrive_arduino/cmake/ament_cmake_export_include_directories-extras.cmake
[0.134s] -- Up-to-date symlink: /home/robomealmate/robomealmate/install/diffdrive_arduino/share/diffdrive_arduino/cmake/ament_cmake_export_libraries-extras.cmake
[0.134s] -- Up-to-date symlink: /home/robomealmate/robomealmate/install/diffdrive_arduino/share/diffdrive_arduino/cmake/diffdrive_arduinoConfig.cmake
[0.135s] -- Up-to-date symlink: /home/robomealmate/robomealmate/install/diffdrive_arduino/share/diffdrive_arduino/cmake/diffdrive_arduinoConfig-version.cmake
[0.135s] -- Up-to-date symlink: /home/robomealmate/robomealmate/install/diffdrive_arduino/share/diffdrive_arduino/package.xml
[0.135s] -- Up-to-date: /home/robomealmate/robomealmate/install/diffdrive_arduino/lib/libdiffdrive_arduino.so
[0.143s] Invoked command in '/home/robomealmate/robomealmate/build/diffdrive_arduino' returned '0': CMAKE_PREFIX_PATH=${CMAKE_PREFIX_PATH}:/opt/ros/foxy /usr/bin/cmake --install /home/robomealmate/robomealmate/build/diffdrive_arduino
