[0.023s] Invoking command in '/home/robomealmate/robomealmate/build/robomealmate': CMAKE_PREFIX_PATH=${CMAKE_PREFIX_PATH}:/opt/ros/foxy /usr/bin/cmake --build /home/robomealmate/robomealmate/build/robomealmate -- -j8 -l8
[0.061s] Invoked command in '/home/robomealmate/robomealmate/build/robomealmate' returned '0': CMAKE_PREFIX_PATH=${CMAKE_PREFIX_PATH}:/opt/ros/foxy /usr/bin/cmake --build /home/robomealmate/robomealmate/build/robomealmate -- -j8 -l8
[0.076s] Invoking command in '/home/robomealmate/robomealmate/build/robomealmate': CMAKE_PREFIX_PATH=${CMAKE_PREFIX_PATH}:/opt/ros/foxy /usr/bin/cmake --install /home/robomealmate/robomealmate/build/robomealmate
[0.085s] -- Install configuration: ""
[0.085s] -- Execute custom install script
[0.086s] -- Up-to-date symlink: /home/robomealmate/robomealmate/install/robomealmate/share/robomealmate/config/controller.yaml
[0.086s] -- Up-to-date symlink: /home/robomealmate/robomealmate/install/robomealmate/share/robomealmate/config/empty.yaml
[0.086s] -- Symlinking: /home/robomealmate/robomealmate/install/robomealmate/share/robomealmate/config/gazebo_params.yaml
[0.095s] -- Up-to-date symlink: /home/robomealmate/robomealmate/install/robomealmate/share/robomealmate/description/camera.xacro
[0.095s] -- Up-to-date symlink: /home/robomealmate/robomealmate/install/robomealmate/share/robomealmate/description/gazebo_controller.xacro
[0.095s] -- Up-to-date symlink: /home/robomealmate/robomealmate/install/robomealmate/share/robomealmate/description/inertial_macros.xacro
[0.095s] -- Up-to-date symlink: /home/robomealmate/robomealmate/install/robomealmate/share/robomealmate/description/lidar.xacro
[0.096s] -- Up-to-date symlink: /home/robomealmate/robomealmate/install/robomealmate/share/robomealmate/description/robot.urdf.xacro
[0.096s] -- Up-to-date symlink: /home/robomealmate/robomealmate/install/robomealmate/share/robomealmate/description/robot_core.xacro
[0.096s] -- Up-to-date symlink: /home/robomealmate/robomealmate/install/robomealmate/share/robomealmate/description/ros2_controller.xacro
[0.096s] -- Up-to-date symlink: /home/robomealmate/robomealmate/install/robomealmate/share/robomealmate/launch/robot.launch.py
[0.096s] -- Up-to-date symlink: /home/robomealmate/robomealmate/install/robomealmate/share/robomealmate/launch/rsp.launch.py
[0.097s] -- Up-to-date symlink: /home/robomealmate/robomealmate/install/robomealmate/share/robomealmate/launch/simulation.launch.py
[0.097s] -- Up-to-date symlink: /home/robomealmate/robomealmate/install/robomealmate/share/robomealmate/worlds/empty.world
[0.097s] -- Up-to-date symlink: /home/robomealmate/robomealmate/install/robomealmate/share/ament_index/resource_index/package_run_dependencies/robomealmate
[0.097s] -- Up-to-date symlink: /home/robomealmate/robomealmate/install/robomealmate/share/ament_index/resource_index/parent_prefix_path/robomealmate
[0.098s] -- Up-to-date symlink: /home/robomealmate/robomealmate/install/robomealmate/share/robomealmate/environment/ament_prefix_path.sh
[0.098s] -- Up-to-date symlink: /home/robomealmate/robomealmate/install/robomealmate/share/robomealmate/environment/ament_prefix_path.dsv
[0.098s] -- Up-to-date symlink: /home/robomealmate/robomealmate/install/robomealmate/share/robomealmate/environment/path.sh
[0.098s] -- Up-to-date symlink: /home/robomealmate/robomealmate/install/robomealmate/share/robomealmate/environment/path.dsv
[0.099s] -- Up-to-date symlink: /home/robomealmate/robomealmate/install/robomealmate/share/robomealmate/local_setup.bash
[0.099s] -- Up-to-date symlink: /home/robomealmate/robomealmate/install/robomealmate/share/robomealmate/local_setup.sh
[0.099s] -- Up-to-date symlink: /home/robomealmate/robomealmate/install/robomealmate/share/robomealmate/local_setup.zsh
[0.099s] -- Up-to-date symlink: /home/robomealmate/robomealmate/install/robomealmate/share/robomealmate/local_setup.dsv
[0.100s] -- Symlinking: /home/robomealmate/robomealmate/install/robomealmate/share/robomealmate/package.dsv
[0.110s] -- Up-to-date symlink: /home/robomealmate/robomealmate/install/robomealmate/share/ament_index/resource_index/packages/robomealmate
[0.110s] -- Up-to-date symlink: /home/robomealmate/robomealmate/install/robomealmate/share/robomealmate/cmake/robomealmateConfig.cmake
[0.110s] -- Up-to-date symlink: /home/robomealmate/robomealmate/install/robomealmate/share/robomealmate/cmake/robomealmateConfig-version.cmake
[0.110s] -- Up-to-date symlink: /home/robomealmate/robomealmate/install/robomealmate/share/robomealmate/package.xml
[0.113s] Invoked command in '/home/robomealmate/robomealmate/build/robomealmate' returned '0': CMAKE_PREFIX_PATH=${CMAKE_PREFIX_PATH}:/opt/ros/foxy /usr/bin/cmake --install /home/robomealmate/robomealmate/build/robomealmate
