[0.481s] Invoking command in '/home/robomealmate/robomealmate/build/gazebo_ros2_control_demos': AMENT_PREFIX_PATH=/home/robomealmate/robomealmate/install/gazebo_ros2_control:${AMENT_PREFIX_PATH} CMAKE_PREFIX_PATH=/home/robomealmate/robomealmate/install/gazebo_ros2_control:/opt/ros/foxy LD_LIBRARY_PATH=/home/robomealmate/robomealmate/install/gazebo_ros2_control/lib:${LD_LIBRARY_PATH} /usr/bin/cmake --build /home/robomealmate/robomealmate/build/gazebo_ros2_control_demos -- -j4 -l4
[1.974s] [ 20%] Built target example_gripper
[2.422s] [ 40%] Built target example_velocity
[3.074s] [ 60%] Built target example_diff_drive
[3.782s] [ 80%] Built target example_effort
[4.500s] [100%] Built target example_position
[4.613s] Invoked command in '/home/robomealmate/robomealmate/build/gazebo_ros2_control_demos' returned '0': AMENT_PREFIX_PATH=/home/robomealmate/robomealmate/install/gazebo_ros2_control:${AMENT_PREFIX_PATH} CMAKE_PREFIX_PATH=/home/robomealmate/robomealmate/install/gazebo_ros2_control:/opt/ros/foxy LD_LIBRARY_PATH=/home/robomealmate/robomealmate/install/gazebo_ros2_control/lib:${LD_LIBRARY_PATH} /usr/bin/cmake --build /home/robomealmate/robomealmate/build/gazebo_ros2_control_demos -- -j4 -l4
[4.688s] Invoking command in '/home/robomealmate/robomealmate/build/gazebo_ros2_control_demos': AMENT_PREFIX_PATH=/home/robomealmate/robomealmate/install/gazebo_ros2_control:${AMENT_PREFIX_PATH} CMAKE_PREFIX_PATH=/home/robomealmate/robomealmate/install/gazebo_ros2_control:/opt/ros/foxy LD_LIBRARY_PATH=/home/robomealmate/robomealmate/install/gazebo_ros2_control/lib:${LD_LIBRARY_PATH} /usr/bin/cmake --install /home/robomealmate/robomealmate/build/gazebo_ros2_control_demos
[4.791s] -- Install configuration: ""
[4.799s] -- Execute custom install script
[4.810s] -- Up-to-date symlink: /home/robomealmate/robomealmate/install/gazebo_ros2_control_demos/share/gazebo_ros2_control_demos//launch/cart_example_effort.launch.py
[4.812s] -- Up-to-date symlink: /home/robomealmate/robomealmate/install/gazebo_ros2_control_demos/share/gazebo_ros2_control_demos//launch/cart_example_position.launch.py
[4.817s] -- Up-to-date symlink: /home/robomealmate/robomealmate/install/gazebo_ros2_control_demos/share/gazebo_ros2_control_demos//launch/cart_example_velocity.launch.py
[4.825s] -- Up-to-date symlink: /home/robomealmate/robomealmate/install/gazebo_ros2_control_demos/share/gazebo_ros2_control_demos//launch/diff_drive.launch.py
[4.829s] -- Up-to-date symlink: /home/robomealmate/robomealmate/install/gazebo_ros2_control_demos/share/gazebo_ros2_control_demos//launch/gripper_mimic_joint_example.launch.py
[4.851s] -- Up-to-date symlink: /home/robomealmate/robomealmate/install/gazebo_ros2_control_demos/share/gazebo_ros2_control_demos//config/cartpole_controller.yaml
[4.854s] -- Up-to-date symlink: /home/robomealmate/robomealmate/install/gazebo_ros2_control_demos/share/gazebo_ros2_control_demos//config/cartpole_controller_effort.yaml
[4.857s] -- Up-to-date symlink: /home/robomealmate/robomealmate/install/gazebo_ros2_control_demos/share/gazebo_ros2_control_demos//config/cartpole_controller_velocity.yaml
[4.860s] -- Up-to-date symlink: /home/robomealmate/robomealmate/install/gazebo_ros2_control_demos/share/gazebo_ros2_control_demos//config/diff_drive_controller.yaml
[4.886s] -- Up-to-date symlink: /home/robomealmate/robomealmate/install/gazebo_ros2_control_demos/share/gazebo_ros2_control_demos//config/gripper_controller.yaml
[4.891s] -- Up-to-date symlink: /home/robomealmate/robomealmate/install/gazebo_ros2_control_demos/share/gazebo_ros2_control_demos//urdf/test_cart_effort.xacro.urdf
[4.898s] -- Up-to-date symlink: /home/robomealmate/robomealmate/install/gazebo_ros2_control_demos/share/gazebo_ros2_control_demos//urdf/test_cart_position.xacro.urdf
[4.908s] -- Up-to-date symlink: /home/robomealmate/robomealmate/install/gazebo_ros2_control_demos/share/gazebo_ros2_control_demos//urdf/test_cart_velocity.xacro.urdf
[4.913s] -- Up-to-date symlink: /home/robomealmate/robomealmate/install/gazebo_ros2_control_demos/share/gazebo_ros2_control_demos//urdf/test_diff_drive.xacro.urdf
[4.922s] -- Up-to-date symlink: /home/robomealmate/robomealmate/install/gazebo_ros2_control_demos/share/gazebo_ros2_control_demos//urdf/test_gripper_mimic_joint.xacro.urdf
[4.946s] -- Up-to-date symlink: /home/robomealmate/robomealmate/install/gazebo_ros2_control_demos/lib/gazebo_ros2_control_demos/example_position
[4.953s] -- Up-to-date symlink: /home/robomealmate/robomealmate/install/gazebo_ros2_control_demos/lib/gazebo_ros2_control_demos/example_velocity
[4.964s] -- Up-to-date symlink: /home/robomealmate/robomealmate/install/gazebo_ros2_control_demos/lib/gazebo_ros2_control_demos/example_effort
[4.968s] -- Up-to-date symlink: /home/robomealmate/robomealmate/install/gazebo_ros2_control_demos/lib/gazebo_ros2_control_demos/example_gripper
[4.971s] -- Up-to-date symlink: /home/robomealmate/robomealmate/install/gazebo_ros2_control_demos/lib/gazebo_ros2_control_demos/example_diff_drive
[4.988s] -- Up-to-date symlink: /home/robomealmate/robomealmate/install/gazebo_ros2_control_demos/share/ament_index/resource_index/package_run_dependencies/gazebo_ros2_control_demos
[4.990s] -- Up-to-date symlink: /home/robomealmate/robomealmate/install/gazebo_ros2_control_demos/share/ament_index/resource_index/parent_prefix_path/gazebo_ros2_control_demos
[5.000s] -- Up-to-date symlink: /home/robomealmate/robomealmate/install/gazebo_ros2_control_demos/share/gazebo_ros2_control_demos/environment/ament_prefix_path.sh
[5.004s] -- Up-to-date symlink: /home/robomealmate/robomealmate/install/gazebo_ros2_control_demos/share/gazebo_ros2_control_demos/environment/ament_prefix_path.dsv
[5.013s] -- Up-to-date symlink: /home/robomealmate/robomealmate/install/gazebo_ros2_control_demos/share/gazebo_ros2_control_demos/environment/path.sh
[5.016s] -- Up-to-date symlink: /home/robomealmate/robomealmate/install/gazebo_ros2_control_demos/share/gazebo_ros2_control_demos/environment/path.dsv
[5.050s] -- Up-to-date symlink: /home/robomealmate/robomealmate/install/gazebo_ros2_control_demos/share/gazebo_ros2_control_demos/local_setup.bash
[5.075s] -- Up-to-date symlink: /home/robomealmate/robomealmate/install/gazebo_ros2_control_demos/share/gazebo_ros2_control_demos/local_setup.sh
[5.100s] -- Up-to-date symlink: /home/robomealmate/robomealmate/install/gazebo_ros2_control_demos/share/gazebo_ros2_control_demos/local_setup.zsh
[5.141s] -- Up-to-date symlink: /home/robomealmate/robomealmate/install/gazebo_ros2_control_demos/share/gazebo_ros2_control_demos/local_setup.dsv
[5.149s] -- Symlinking: /home/robomealmate/robomealmate/install/gazebo_ros2_control_demos/share/gazebo_ros2_control_demos/package.dsv
[5.384s] -- Up-to-date symlink: /home/robomealmate/robomealmate/install/gazebo_ros2_control_demos/share/ament_index/resource_index/packages/gazebo_ros2_control_demos
[5.413s] -- Up-to-date symlink: /home/robomealmate/robomealmate/install/gazebo_ros2_control_demos/share/gazebo_ros2_control_demos/cmake/gazebo_ros2_control_demosConfig.cmake
[5.416s] -- Up-to-date symlink: /home/robomealmate/robomealmate/install/gazebo_ros2_control_demos/share/gazebo_ros2_control_demos/cmake/gazebo_ros2_control_demosConfig-version.cmake
[5.439s] -- Up-to-date symlink: /home/robomealmate/robomealmate/install/gazebo_ros2_control_demos/share/gazebo_ros2_control_demos/package.xml
[5.456s] Invoked command in '/home/robomealmate/robomealmate/build/gazebo_ros2_control_demos' returned '0': AMENT_PREFIX_PATH=/home/robomealmate/robomealmate/install/gazebo_ros2_control:${AMENT_PREFIX_PATH} CMAKE_PREFIX_PATH=/home/robomealmate/robomealmate/install/gazebo_ros2_control:/opt/ros/foxy LD_LIBRARY_PATH=/home/robomealmate/robomealmate/install/gazebo_ros2_control/lib:${LD_LIBRARY_PATH} /usr/bin/cmake --install /home/robomealmate/robomealmate/build/gazebo_ros2_control_demos
