[0.012s] Invoking command in '/home/robomealmate/robomealmate/build/diffdrive_arduino': AMENT_PREFIX_PATH=/home/robomealmate/robomealmate/install/serial:${AMENT_PREFIX_PATH} CMAKE_PREFIX_PATH=/home/robomealmate/robomealmate/install/serial:/opt/ros/foxy LD_LIBRARY_PATH=/home/robomealmate/robomealmate/install/serial/lib:${LD_LIBRARY_PATH} /usr/bin/cmake --build /home/robomealmate/robomealmate/build/diffdrive_arduino -- -j8 -l8
[0.059s] [35m[1mScanning dependencies of target diffdrive_arduino[0m
[0.090s] [ 25%] [32mBuilding CXX object CMakeFiles/diffdrive_arduino.dir/src/diffdrive_arduino.cpp.o[0m
[2.684s] [ 50%] [32m[1mLinking CXX shared library libdiffdrive_arduino.so[0m
[2.840s] [100%] Built target diffdrive_arduino
[2.851s] Invoked command in '/home/robomealmate/robomealmate/build/diffdrive_arduino' returned '0': AMENT_PREFIX_PATH=/home/robomealmate/robomealmate/install/serial:${AMENT_PREFIX_PATH} CMAKE_PREFIX_PATH=/home/robomealmate/robomealmate/install/serial:/opt/ros/foxy LD_LIBRARY_PATH=/home/robomealmate/robomealmate/install/serial/lib:${LD_LIBRARY_PATH} /usr/bin/cmake --build /home/robomealmate/robomealmate/build/diffdrive_arduino -- -j8 -l8
[2.854s] Invoking command in '/home/robomealmate/robomealmate/build/diffdrive_arduino': AMENT_PREFIX_PATH=/home/robomealmate/robomealmate/install/serial:${AMENT_PREFIX_PATH} CMAKE_PREFIX_PATH=/home/robomealmate/robomealmate/install/serial:/opt/ros/foxy LD_LIBRARY_PATH=/home/robomealmate/robomealmate/install/serial/lib:${LD_LIBRARY_PATH} /usr/bin/cmake --install /home/robomealmate/robomealmate/build/diffdrive_arduino
[2.861s] -- Install configuration: ""
[2.862s] -- Execute custom install script
[2.863s] -- Up-to-date symlink: /home/robomealmate/robomealmate/install/diffdrive_arduino/include//diffdrive_arduino/arduino_comms.h
[2.863s] -- Up-to-date symlink: /home/robomealmate/robomealmate/install/diffdrive_arduino/include//diffdrive_arduino/config.h
[2.863s] -- Up-to-date symlink: /home/robomealmate/robomealmate/install/diffdrive_arduino/include//diffdrive_arduino/diffdrive_arduino.h
[2.863s] -- Up-to-date symlink: /home/robomealmate/robomealmate/install/diffdrive_arduino/include//diffdrive_arduino/wheel.h
[2.863s] -- Up-to-date symlink: /home/robomealmate/robomealmate/install/diffdrive_arduino/share/diffdrive_arduino//diffdrive_arduino_plugin.xml
[2.864s] -- Up-to-date symlink: /home/robomealmate/robomealmate/install/diffdrive_arduino/share/diffdrive_arduino/diffdrive_arduino_plugin.xml
[2.864s] -- Up-to-date symlink: /home/robomealmate/robomealmate/install/diffdrive_arduino/share/diffdrive_arduino/environment/library_path.sh
[2.864s] -- Up-to-date symlink: /home/robomealmate/robomealmate/install/diffdrive_arduino/share/diffdrive_arduino/environment/library_path.dsv
[2.865s] -- Up-to-date symlink: /home/robomealmate/robomealmate/install/diffdrive_arduino/share/ament_index/resource_index/package_run_dependencies/diffdrive_arduino
[2.865s] -- Up-to-date symlink: /home/robomealmate/robomealmate/install/diffdrive_arduino/share/ament_index/resource_index/parent_prefix_path/diffdrive_arduino
[2.865s] -- Up-to-date symlink: /home/robomealmate/robomealmate/install/diffdrive_arduino/share/diffdrive_arduino/environment/ament_prefix_path.sh
[2.865s] -- Up-to-date symlink: /home/robomealmate/robomealmate/install/diffdrive_arduino/share/diffdrive_arduino/environment/ament_prefix_path.dsv
[2.865s] -- Up-to-date symlink: /home/robomealmate/robomealmate/install/diffdrive_arduino/share/diffdrive_arduino/environment/path.sh
[2.866s] -- Up-to-date symlink: /home/robomealmate/robomealmate/install/diffdrive_arduino/share/diffdrive_arduino/environment/path.dsv
[2.866s] -- Up-to-date symlink: /home/robomealmate/robomealmate/install/diffdrive_arduino/share/diffdrive_arduino/local_setup.bash
[2.866s] -- Up-to-date symlink: /home/robomealmate/robomealmate/install/diffdrive_arduino/share/diffdrive_arduino/local_setup.sh
[2.866s] -- Up-to-date symlink: /home/robomealmate/robomealmate/install/diffdrive_arduino/share/diffdrive_arduino/local_setup.zsh
[2.867s] -- Up-to-date symlink: /home/robomealmate/robomealmate/install/diffdrive_arduino/share/diffdrive_arduino/local_setup.dsv
[2.867s] -- Symlinking: /home/robomealmate/robomealmate/install/diffdrive_arduino/share/diffdrive_arduino/package.dsv
[2.876s] -- Up-to-date symlink: /home/robomealmate/robomealmate/install/diffdrive_arduino/share/ament_index/resource_index/packages/diffdrive_arduino
[2.877s] -- Up-to-date symlink: /home/robomealmate/robomealmate/install/diffdrive_arduino/share/ament_index/resource_index/hardware_interface__pluginlib__plugin/diffdrive_arduino
[2.877s] -- Up-to-date symlink: /home/robomealmate/robomealmate/install/diffdrive_arduino/share/diffdrive_arduino/cmake/ament_cmake_export_dependencies-extras.cmake
[2.877s] -- Up-to-date symlink: /home/robomealmate/robomealmate/install/diffdrive_arduino/share/diffdrive_arduino/cmake/ament_cmake_export_include_directories-extras.cmake
[2.878s] -- Up-to-date symlink: /home/robomealmate/robomealmate/install/diffdrive_arduino/share/diffdrive_arduino/cmake/ament_cmake_export_libraries-extras.cmake
[2.878s] -- Up-to-date symlink: /home/robomealmate/robomealmate/install/diffdrive_arduino/share/diffdrive_arduino/cmake/diffdrive_arduinoConfig.cmake
[2.878s] -- Up-to-date symlink: /home/robomealmate/robomealmate/install/diffdrive_arduino/share/diffdrive_arduino/cmake/diffdrive_arduinoConfig-version.cmake
[2.879s] -- Up-to-date symlink: /home/robomealmate/robomealmate/install/diffdrive_arduino/share/diffdrive_arduino/package.xml
[2.879s] -- Installing: /home/robomealmate/robomealmate/install/diffdrive_arduino/lib/libdiffdrive_arduino.so
[2.881s] -- Set runtime path of "/home/robomealmate/robomealmate/install/diffdrive_arduino/lib/libdiffdrive_arduino.so" to ""
[2.883s] Invoked command in '/home/robomealmate/robomealmate/build/diffdrive_arduino' returned '0': AMENT_PREFIX_PATH=/home/robomealmate/robomealmate/install/serial:${AMENT_PREFIX_PATH} CMAKE_PREFIX_PATH=/home/robomealmate/robomealmate/install/serial:/opt/ros/foxy LD_LIBRARY_PATH=/home/robomealmate/robomealmate/install/serial/lib:${LD_LIBRARY_PATH} /usr/bin/cmake --install /home/robomealmate/robomealmate/build/diffdrive_arduino
