[0.017s] Invoking command in '/home/robomealmate/robomealmate/build/diffdrive_arduino': CMAKE_PREFIX_PATH=/home/robomealmate/robomealmate/install/serial:/home/robomealmate/robomealmate/install/diffdrive_arduino:/home/robomealmate/robomealmate/install/robomealmate:/opt/ros/foxy /usr/bin/cmake --build /home/robomealmate/robomealmate/build/diffdrive_arduino -- -j8 -l8
[0.056s] [35m[1mScanning dependencies of target diffdrive_arduino[0m
[0.084s] [ 25%] [32mBuilding CXX object CMakeFiles/diffdrive_arduino.dir/src/diffdrive_arduino.cpp.o[0m
[0.084s] [ 50%] [32mBuilding CXX object CMakeFiles/diffdrive_arduino.dir/src/arduino_comms.cpp.o[0m
[2.297s] [ 75%] [32m[1mLinking CXX shared library libdiffdrive_arduino.so[0m
[2.429s] [100%] Built target diffdrive_arduino
[2.439s] Invoked command in '/home/robomealmate/robomealmate/build/diffdrive_arduino' returned '0': CMAKE_PREFIX_PATH=/home/robomealmate/robomealmate/install/serial:/home/robomealmate/robomealmate/install/diffdrive_arduino:/home/robomealmate/robomealmate/install/robomealmate:/opt/ros/foxy /usr/bin/cmake --build /home/robomealmate/robomealmate/build/diffdrive_arduino -- -j8 -l8
[2.443s] Invoking command in '/home/robomealmate/robomealmate/build/diffdrive_arduino': CMAKE_PREFIX_PATH=/home/robomealmate/robomealmate/install/serial:/home/robomealmate/robomealmate/install/diffdrive_arduino:/home/robomealmate/robomealmate/install/robomealmate:/opt/ros/foxy /usr/bin/cmake --install /home/robomealmate/robomealmate/build/diffdrive_arduino
[2.450s] -- Install configuration: ""
[2.451s] -- Execute custom install script
[2.451s] -- Up-to-date symlink: /home/robomealmate/robomealmate/install/diffdrive_arduino/include//diffdrive_arduino/arduino_comms.h
[2.451s] -- Up-to-date symlink: /home/robomealmate/robomealmate/install/diffdrive_arduino/include//diffdrive_arduino/config.h
[2.452s] -- Up-to-date symlink: /home/robomealmate/robomealmate/install/diffdrive_arduino/include//diffdrive_arduino/diffdrive_arduino.h
[2.452s] -- Up-to-date symlink: /home/robomealmate/robomealmate/install/diffdrive_arduino/include//diffdrive_arduino/wheel.h
[2.452s] -- Up-to-date symlink: /home/robomealmate/robomealmate/install/diffdrive_arduino/share/diffdrive_arduino//diffdrive_arduino_plugin.xml
[2.452s] -- Up-to-date symlink: /home/robomealmate/robomealmate/install/diffdrive_arduino/share/diffdrive_arduino/diffdrive_arduino_plugin.xml
[2.453s] -- Up-to-date symlink: /home/robomealmate/robomealmate/install/diffdrive_arduino/share/diffdrive_arduino/environment/library_path.sh
[2.453s] -- Up-to-date symlink: /home/robomealmate/robomealmate/install/diffdrive_arduino/share/diffdrive_arduino/environment/library_path.dsv
[2.453s] -- Up-to-date symlink: /home/robomealmate/robomealmate/install/diffdrive_arduino/share/ament_index/resource_index/package_run_dependencies/diffdrive_arduino
[2.453s] -- Up-to-date symlink: /home/robomealmate/robomealmate/install/diffdrive_arduino/share/ament_index/resource_index/parent_prefix_path/diffdrive_arduino
[2.454s] -- Up-to-date symlink: /home/robomealmate/robomealmate/install/diffdrive_arduino/share/diffdrive_arduino/environment/ament_prefix_path.sh
[2.454s] -- Up-to-date symlink: /home/robomealmate/robomealmate/install/diffdrive_arduino/share/diffdrive_arduino/environment/ament_prefix_path.dsv
[2.454s] -- Up-to-date symlink: /home/robomealmate/robomealmate/install/diffdrive_arduino/share/diffdrive_arduino/environment/path.sh
[2.454s] -- Up-to-date symlink: /home/robomealmate/robomealmate/install/diffdrive_arduino/share/diffdrive_arduino/environment/path.dsv
[2.455s] -- Up-to-date symlink: /home/robomealmate/robomealmate/install/diffdrive_arduino/share/diffdrive_arduino/local_setup.bash
[2.455s] -- Up-to-date symlink: /home/robomealmate/robomealmate/install/diffdrive_arduino/share/diffdrive_arduino/local_setup.sh
[2.455s] -- Up-to-date symlink: /home/robomealmate/robomealmate/install/diffdrive_arduino/share/diffdrive_arduino/local_setup.zsh
[2.455s] -- Up-to-date symlink: /home/robomealmate/robomealmate/install/diffdrive_arduino/share/diffdrive_arduino/local_setup.dsv
[2.455s] -- Symlinking: /home/robomealmate/robomealmate/install/diffdrive_arduino/share/diffdrive_arduino/package.dsv
[2.464s] -- Up-to-date symlink: /home/robomealmate/robomealmate/install/diffdrive_arduino/share/ament_index/resource_index/packages/diffdrive_arduino
[2.465s] -- Up-to-date symlink: /home/robomealmate/robomealmate/install/diffdrive_arduino/share/ament_index/resource_index/hardware_interface__pluginlib__plugin/diffdrive_arduino
[2.465s] -- Up-to-date symlink: /home/robomealmate/robomealmate/install/diffdrive_arduino/share/diffdrive_arduino/cmake/ament_cmake_export_dependencies-extras.cmake
[2.465s] -- Up-to-date symlink: /home/robomealmate/robomealmate/install/diffdrive_arduino/share/diffdrive_arduino/cmake/ament_cmake_export_include_directories-extras.cmake
[2.465s] -- Up-to-date symlink: /home/robomealmate/robomealmate/install/diffdrive_arduino/share/diffdrive_arduino/cmake/ament_cmake_export_libraries-extras.cmake
[2.465s] -- Up-to-date symlink: /home/robomealmate/robomealmate/install/diffdrive_arduino/share/diffdrive_arduino/cmake/diffdrive_arduinoConfig.cmake
[2.466s] -- Up-to-date symlink: /home/robomealmate/robomealmate/install/diffdrive_arduino/share/diffdrive_arduino/cmake/diffdrive_arduinoConfig-version.cmake
[2.466s] -- Up-to-date symlink: /home/robomealmate/robomealmate/install/diffdrive_arduino/share/diffdrive_arduino/package.xml
[2.466s] -- Installing: /home/robomealmate/robomealmate/install/diffdrive_arduino/lib/libdiffdrive_arduino.so
[2.467s] -- Set runtime path of "/home/robomealmate/robomealmate/install/diffdrive_arduino/lib/libdiffdrive_arduino.so" to ""
[2.469s] Invoked command in '/home/robomealmate/robomealmate/build/diffdrive_arduino' returned '0': CMAKE_PREFIX_PATH=/home/robomealmate/robomealmate/install/serial:/home/robomealmate/robomealmate/install/diffdrive_arduino:/home/robomealmate/robomealmate/install/robomealmate:/opt/ros/foxy /usr/bin/cmake --install /home/robomealmate/robomealmate/build/diffdrive_arduino
